[28-Jun-2018 14:40:26 Etc/GMT] PHP Warning:  require_once(/var/www/vhosts/doggy.co.uk/httpdocs/demo/system/startup.php): failed to open stream: No such file or directory in /home/webapo7t/public_html/demo/index.php on line 17
[28-Jun-2018 14:40:26 Etc/GMT] PHP Fatal error:  require_once(): Failed opening required '/var/www/vhosts/doggy.co.uk/httpdocs/demo/system/startup.php' (include_path='.:/opt/alt/php71/usr/share/pear') in /home/webapo7t/public_html/demo/index.php on line 17
[28-Jun-2018 14:40:33 Etc/GMT] PHP Warning:  require_once(/var/www/vhosts/doggy.co.uk/httpdocs/demo/system/startup.php): failed to open stream: No such file or directory in /home/webapo7t/public_html/demo/index.php on line 17
[28-Jun-2018 14:40:33 Etc/GMT] PHP Fatal error:  require_once(): Failed opening required '/var/www/vhosts/doggy.co.uk/httpdocs/demo/system/startup.php' (include_path='.:/opt/alt/php71/usr/share/pear') in /home/webapo7t/public_html/demo/index.php on line 17
[28-Jun-2018 14:40:37 Etc/GMT] PHP Warning:  require_once(/var/www/vhosts/doggy.co.uk/httpdocs/demo/system/startup.php): failed to open stream: No such file or directory in /home/webapo7t/public_html/demo/index.php on line 17
[28-Jun-2018 14:40:37 Etc/GMT] PHP Fatal error:  require_once(): Failed opening required '/var/www/vhosts/doggy.co.uk/httpdocs/demo/system/startup.php' (include_path='.:/opt/alt/php71/usr/share/pear') in /home/webapo7t/public_html/demo/index.php on line 17
[28-Jun-2018 14:42:13 Etc/GMT] PHP Warning:  require_once(/var/www/vhosts/doggy.co.uk/httpdocs/demo/system/startup.php): failed to open stream: No such file or directory in /home/webapo7t/public_html/demo/index.php on line 17
[28-Jun-2018 14:42:13 Etc/GMT] PHP Fatal error:  require_once(): Failed opening required '/var/www/vhosts/doggy.co.uk/httpdocs/demo/system/startup.php' (include_path='.:/opt/alt/php71/usr/share/pear') in /home/webapo7t/public_html/demo/index.php on line 17
[28-Jun-2018 15:15:33 Etc/GMT] PHP Warning:  require_once(/var/www/vhosts/doggy.co.uk/httpdocs/demo/system/startup.php): failed to open stream: No such file or directory in /home/webapo7t/public_html/doggy/index.php on line 17
[28-Jun-2018 15:15:33 Etc/GMT] PHP Fatal error:  require_once(): Failed opening required '/var/www/vhosts/doggy.co.uk/httpdocs/demo/system/startup.php' (include_path='.:/opt/alt/php71/usr/share/pear') in /home/webapo7t/public_html/doggy/index.php on line 17
[28-Jun-2018 15:15:54 Etc/GMT] PHP Warning:  require_once(/var/www/vhosts/doggy.co.uk/httpdocs/demo/system/startup.php): failed to open stream: No such file or directory in /home/webapo7t/public_html/doggy/index.php on line 17
[28-Jun-2018 15:15:54 Etc/GMT] PHP Fatal error:  require_once(): Failed opening required '/var/www/vhosts/doggy.co.uk/httpdocs/demo/system/startup.php' (include_path='.:/opt/alt/php71/usr/share/pear') in /home/webapo7t/public_html/doggy/index.php on line 17
[28-Jun-2018 15:15:56 Etc/GMT] PHP Warning:  require_once(/var/www/vhosts/doggy.co.uk/httpdocs/demo/system/startup.php): failed to open stream: No such file or directory in /home/webapo7t/public_html/doggy/index.php on line 17
[28-Jun-2018 15:15:56 Etc/GMT] PHP Fatal error:  require_once(): Failed opening required '/var/www/vhosts/doggy.co.uk/httpdocs/demo/system/startup.php' (include_path='.:/opt/alt/php71/usr/share/pear') in /home/webapo7t/public_html/doggy/index.php on line 17
[28-Jun-2018 15:16:08 Etc/GMT] PHP Warning:  require_once(/var/www/vhosts/doggy.co.uk/httpdocs/demo/system/startup.php): failed to open stream: No such file or directory in /home/webapo7t/public_html/doggy/index.php on line 17
[28-Jun-2018 15:16:08 Etc/GMT] PHP Fatal error:  require_once(): Failed opening required '/var/www/vhosts/doggy.co.uk/httpdocs/demo/system/startup.php' (include_path='.:/opt/alt/php71/usr/share/pear') in /home/webapo7t/public_html/doggy/index.php on line 17
[28-Jun-2018 15:16:34 Etc/GMT] PHP Warning:  require_once(/var/www/vhosts/doggy.co.uk/httpdocs/demo/system/startup.php): failed to open stream: No such file or directory in /home/webapo7t/public_html/doggy/index.php on line 17
[28-Jun-2018 15:16:34 Etc/GMT] PHP Fatal error:  require_once(): Failed opening required '/var/www/vhosts/doggy.co.uk/httpdocs/demo/system/startup.php' (include_path='.:/opt/alt/php71/usr/share/pear') in /home/webapo7t/public_html/doggy/index.php on line 17
[28-Jun-2018 15:17:22 Etc/GMT] PHP Warning:  require_once(/var/www/vhosts/doggy.co.uk/httpdocs/demo/system/startup.php): failed to open stream: No such file or directory in /home/webapo7t/public_html/doggy/index.php on line 17
[28-Jun-2018 15:17:22 Etc/GMT] PHP Fatal error:  require_once(): Failed opening required '/var/www/vhosts/doggy.co.uk/httpdocs/demo/system/startup.php' (include_path='.:/opt/alt/php71/usr/share/pear') in /home/webapo7t/public_html/doggy/index.php on line 17
[28-Jun-2018 15:17:56 Etc/GMT] PHP Warning:  require_once(/var/www/vhosts/doggy.co.uk/httpdocs/demo/system/startup.php): failed to open stream: No such file or directory in /home/webapo7t/public_html/doggy/index.php on line 17
[28-Jun-2018 15:17:56 Etc/GMT] PHP Fatal error:  require_once(): Failed opening required '/var/www/vhosts/doggy.co.uk/httpdocs/demo/system/startup.php' (include_path='.:/opt/alt/php71/usr/share/pear') in /home/webapo7t/public_html/doggy/index.php on line 17
[28-Jun-2018 15:17:57 Etc/GMT] PHP Warning:  require_once(/var/www/vhosts/doggy.co.uk/httpdocs/demo/system/startup.php): failed to open stream: No such file or directory in /home/webapo7t/public_html/doggy/index.php on line 17
[28-Jun-2018 15:17:57 Etc/GMT] PHP Fatal error:  require_once(): Failed opening required '/var/www/vhosts/doggy.co.uk/httpdocs/demo/system/startup.php' (include_path='.:/opt/alt/php71/usr/share/pear') in /home/webapo7t/public_html/doggy/index.php on line 17
[28-Jun-2018 15:18:54 Etc/GMT] PHP Warning:  require_once(/var/www/vhosts/doggy.co.uk/httpdocs/demo/system/startup.php): failed to open stream: No such file or directory in /home/webapo7t/public_html/doggy/index.php on line 17
[28-Jun-2018 15:18:54 Etc/GMT] PHP Fatal error:  require_once(): Failed opening required '/var/www/vhosts/doggy.co.uk/httpdocs/demo/system/startup.php' (include_path='.:/opt/alt/php71/usr/share/pear') in /home/webapo7t/public_html/doggy/index.php on line 17
[28-Jun-2018 15:18:58 Etc/GMT] PHP Warning:  require_once(/var/www/vhosts/doggy.co.uk/httpdocs/demo/system/startup.php): failed to open stream: No such file or directory in /home/webapo7t/public_html/doggy/index.php on line 17
[28-Jun-2018 15:18:58 Etc/GMT] PHP Fatal error:  require_once(): Failed opening required '/var/www/vhosts/doggy.co.uk/httpdocs/demo/system/startup.php' (include_path='.:/opt/alt/php71/usr/share/pear') in /home/webapo7t/public_html/doggy/index.php on line 17
[28-Jun-2018 15:19:32 Etc/GMT] PHP Warning:  require_once(/var/www/vhosts/doggy.co.uk/httpdocs/demo/system/startup.php): failed to open stream: No such file or directory in /home/webapo7t/public_html/doggy/index.php on line 17
[28-Jun-2018 15:19:32 Etc/GMT] PHP Fatal error:  require_once(): Failed opening required '/var/www/vhosts/doggy.co.uk/httpdocs/demo/system/startup.php' (include_path='.:/opt/alt/php71/usr/share/pear') in /home/webapo7t/public_html/doggy/index.php on line 17
[28-Jun-2018 15:19:33 Etc/GMT] PHP Warning:  require_once(/var/www/vhosts/doggy.co.uk/httpdocs/demo/system/startup.php): failed to open stream: No such file or directory in /home/webapo7t/public_html/doggy/index.php on line 17
[28-Jun-2018 15:19:33 Etc/GMT] PHP Fatal error:  require_once(): Failed opening required '/var/www/vhosts/doggy.co.uk/httpdocs/demo/system/startup.php' (include_path='.:/opt/alt/php71/usr/share/pear') in /home/webapo7t/public_html/doggy/index.php on line 17
[28-Jun-2018 15:19:33 Etc/GMT] PHP Warning:  require_once(/var/www/vhosts/doggy.co.uk/httpdocs/demo/system/startup.php): failed to open stream: No such file or directory in /home/webapo7t/public_html/doggy/index.php on line 17
[28-Jun-2018 15:19:33 Etc/GMT] PHP Fatal error:  require_once(): Failed opening required '/var/www/vhosts/doggy.co.uk/httpdocs/demo/system/startup.php' (include_path='.:/opt/alt/php71/usr/share/pear') in /home/webapo7t/public_html/doggy/index.php on line 17
[28-Jun-2018 15:19:33 Etc/GMT] PHP Warning:  require_once(/var/www/vhosts/doggy.co.uk/httpdocs/demo/system/startup.php): failed to open stream: No such file or directory in /home/webapo7t/public_html/doggy/index.php on line 17
[28-Jun-2018 15:19:33 Etc/GMT] PHP Fatal error:  require_once(): Failed opening required '/var/www/vhosts/doggy.co.uk/httpdocs/demo/system/startup.php' (include_path='.:/opt/alt/php71/usr/share/pear') in /home/webapo7t/public_html/doggy/index.php on line 17
[28-Jun-2018 15:19:33 Etc/GMT] PHP Warning:  require_once(/var/www/vhosts/doggy.co.uk/httpdocs/demo/system/startup.php): failed to open stream: No such file or directory in /home/webapo7t/public_html/doggy/index.php on line 17
[28-Jun-2018 15:19:33 Etc/GMT] PHP Fatal error:  require_once(): Failed opening required '/var/www/vhosts/doggy.co.uk/httpdocs/demo/system/startup.php' (include_path='.:/opt/alt/php71/usr/share/pear') in /home/webapo7t/public_html/doggy/index.php on line 17
[28-Jun-2018 15:21:43 UTC] PHP Fatal error:  Uncaught Exception: Error: <br />Error No:  in /home/webapo7t/public_html/doggy/system/library/db/mysqli.php:10
Stack trace:
#0 /home/webapo7t/public_html/doggy/system/library/db.php(31): DB\MySQLi->__construct('localhost', 'webapo7t_admin', 'Admin123@', 'webapo7t_admin', '3306')
#1 /home/webapo7t/public_html/doggy/system/framework.php(80): DB->__construct('mysqli', 'localhost', 'webapo7t_admin', 'Admin123@', 'webapo7t_admin', '3306')
#2 /home/webapo7t/public_html/doggy/system/startup.php(104): require_once('/home/webapo7t/...')
#3 /home/webapo7t/public_html/doggy/index.php(19): start('catalog')
#4 {main}
  thrown in /home/webapo7t/public_html/doggy/system/library/db/mysqli.php on line 10
[28-Jun-2018 15:21:48 UTC] PHP Fatal error:  Uncaught Exception: Error: <br />Error No:  in /home/webapo7t/public_html/doggy/system/library/db/mysqli.php:10
Stack trace:
#0 /home/webapo7t/public_html/doggy/system/library/db.php(31): DB\MySQLi->__construct('localhost', 'webapo7t_admin', 'Admin123@', 'webapo7t_admin', '3306')
#1 /home/webapo7t/public_html/doggy/system/framework.php(80): DB->__construct('mysqli', 'localhost', 'webapo7t_admin', 'Admin123@', 'webapo7t_admin', '3306')
#2 /home/webapo7t/public_html/doggy/system/startup.php(104): require_once('/home/webapo7t/...')
#3 /home/webapo7t/public_html/doggy/index.php(19): start('catalog')
#4 {main}
  thrown in /home/webapo7t/public_html/doggy/system/library/db/mysqli.php on line 10
[28-Jun-2018 15:22:59 UTC] PHP Fatal error:  Uncaught Exception: Error: <br />Error No:  in /home/webapo7t/public_html/doggy/system/library/db/mysqli.php:10
Stack trace:
#0 /home/webapo7t/public_html/doggy/system/library/db.php(31): DB\MySQLi->__construct('localhost', 'webapo7t_admin', 'Admin123@', 'webapo7t_admin', '3306')
#1 /home/webapo7t/public_html/doggy/system/framework.php(80): DB->__construct('mysqli', 'localhost', 'webapo7t_admin', 'Admin123@', 'webapo7t_admin', '3306')
#2 /home/webapo7t/public_html/doggy/system/startup.php(104): require_once('/home/webapo7t/...')
#3 /home/webapo7t/public_html/doggy/index.php(19): start('catalog')
#4 {main}
  thrown in /home/webapo7t/public_html/doggy/system/library/db/mysqli.php on line 10
[28-Jun-2018 15:23:17 UTC] PHP Fatal error:  Uncaught Exception: Error: <br />Error No:  in /home/webapo7t/public_html/doggy/system/library/db/mysqli.php:10
Stack trace:
#0 /home/webapo7t/public_html/doggy/system/library/db.php(31): DB\MySQLi->__construct('localhost', 'webapo7t_admin', 'Admin123@', 'webapo7t_admin', '3306')
#1 /home/webapo7t/public_html/doggy/system/framework.php(80): DB->__construct('mysqli', 'localhost', 'webapo7t_admin', 'Admin123@', 'webapo7t_admin', '3306')
#2 /home/webapo7t/public_html/doggy/system/startup.php(104): require_once('/home/webapo7t/...')
#3 /home/webapo7t/public_html/doggy/index.php(19): start('catalog')
#4 {main}
  thrown in /home/webapo7t/public_html/doggy/system/library/db/mysqli.php on line 10
[28-Jun-2018 15:23:18 UTC] PHP Fatal error:  Uncaught Exception: Error: <br />Error No:  in /home/webapo7t/public_html/doggy/system/library/db/mysqli.php:10
Stack trace:
#0 /home/webapo7t/public_html/doggy/system/library/db.php(31): DB\MySQLi->__construct('localhost', 'webapo7t_admin', 'Admin123@', 'webapo7t_admin', '3306')
#1 /home/webapo7t/public_html/doggy/system/framework.php(80): DB->__construct('mysqli', 'localhost', 'webapo7t_admin', 'Admin123@', 'webapo7t_admin', '3306')
#2 /home/webapo7t/public_html/doggy/system/startup.php(104): require_once('/home/webapo7t/...')
#3 /home/webapo7t/public_html/doggy/index.php(19): start('catalog')
#4 {main}
  thrown in /home/webapo7t/public_html/doggy/system/library/db/mysqli.php on line 10
[28-Jun-2018 15:23:21 UTC] PHP Fatal error:  Uncaught Exception: Error: <br />Error No:  in /home/webapo7t/public_html/doggy/system/library/db/mysqli.php:10
Stack trace:
#0 /home/webapo7t/public_html/doggy/system/library/db.php(31): DB\MySQLi->__construct('localhost', 'webapo7t_admin', 'Admin123@', 'webapo7t_admin', '3306')
#1 /home/webapo7t/public_html/doggy/system/framework.php(80): DB->__construct('mysqli', 'localhost', 'webapo7t_admin', 'Admin123@', 'webapo7t_admin', '3306')
#2 /home/webapo7t/public_html/doggy/system/startup.php(104): require_once('/home/webapo7t/...')
#3 /home/webapo7t/public_html/doggy/index.php(19): start('catalog')
#4 {main}
  thrown in /home/webapo7t/public_html/doggy/system/library/db/mysqli.php on line 10
[28-Jun-2018 15:23:25 UTC] PHP Fatal error:  Uncaught Exception: Error: <br />Error No:  in /home/webapo7t/public_html/doggy/system/library/db/mysqli.php:10
Stack trace:
#0 /home/webapo7t/public_html/doggy/system/library/db.php(31): DB\MySQLi->__construct('localhost', 'webapo7t_admin', 'Admin123@', 'webapo7t_admin', '3306')
#1 /home/webapo7t/public_html/doggy/system/framework.php(80): DB->__construct('mysqli', 'localhost', 'webapo7t_admin', 'Admin123@', 'webapo7t_admin', '3306')
#2 /home/webapo7t/public_html/doggy/system/startup.php(104): require_once('/home/webapo7t/...')
#3 /home/webapo7t/public_html/doggy/index.php(19): start('catalog')
#4 {main}
  thrown in /home/webapo7t/public_html/doggy/system/library/db/mysqli.php on line 10
[28-Jun-2018 15:23:26 UTC] PHP Fatal error:  Uncaught Exception: Error: <br />Error No:  in /home/webapo7t/public_html/doggy/system/library/db/mysqli.php:10
Stack trace:
#0 /home/webapo7t/public_html/doggy/system/library/db.php(31): DB\MySQLi->__construct('localhost', 'webapo7t_admin', 'Admin123@', 'webapo7t_admin', '3306')
#1 /home/webapo7t/public_html/doggy/system/framework.php(80): DB->__construct('mysqli', 'localhost', 'webapo7t_admin', 'Admin123@', 'webapo7t_admin', '3306')
#2 /home/webapo7t/public_html/doggy/system/startup.php(104): require_once('/home/webapo7t/...')
#3 /home/webapo7t/public_html/doggy/index.php(19): start('catalog')
#4 {main}
  thrown in /home/webapo7t/public_html/doggy/system/library/db/mysqli.php on line 10
[28-Jun-2018 15:23:27 UTC] PHP Fatal error:  Uncaught Exception: Error: <br />Error No:  in /home/webapo7t/public_html/doggy/system/library/db/mysqli.php:10
Stack trace:
#0 /home/webapo7t/public_html/doggy/system/library/db.php(31): DB\MySQLi->__construct('localhost', 'webapo7t_admin', 'Admin123@', 'webapo7t_admin', '3306')
#1 /home/webapo7t/public_html/doggy/system/framework.php(80): DB->__construct('mysqli', 'localhost', 'webapo7t_admin', 'Admin123@', 'webapo7t_admin', '3306')
#2 /home/webapo7t/public_html/doggy/system/startup.php(104): require_once('/home/webapo7t/...')
#3 /home/webapo7t/public_html/doggy/index.php(19): start('catalog')
#4 {main}
  thrown in /home/webapo7t/public_html/doggy/system/library/db/mysqli.php on line 10
[28-Jun-2018 15:23:29 UTC] PHP Fatal error:  Uncaught Exception: Error: <br />Error No:  in /home/webapo7t/public_html/doggy/system/library/db/mysqli.php:10
Stack trace:
#0 /home/webapo7t/public_html/doggy/system/library/db.php(31): DB\MySQLi->__construct('localhost', 'webapo7t_admin', 'Admin123@', 'webapo7t_admin', '3306')
#1 /home/webapo7t/public_html/doggy/system/framework.php(80): DB->__construct('mysqli', 'localhost', 'webapo7t_admin', 'Admin123@', 'webapo7t_admin', '3306')
#2 /home/webapo7t/public_html/doggy/system/startup.php(104): require_once('/home/webapo7t/...')
#3 /home/webapo7t/public_html/doggy/index.php(19): start('catalog')
#4 {main}
  thrown in /home/webapo7t/public_html/doggy/system/library/db/mysqli.php on line 10
[28-Jun-2018 15:23:31 UTC] PHP Fatal error:  Uncaught Exception: Error: <br />Error No:  in /home/webapo7t/public_html/doggy/system/library/db/mysqli.php:10
Stack trace:
#0 /home/webapo7t/public_html/doggy/system/library/db.php(31): DB\MySQLi->__construct('localhost', 'webapo7t_admin', 'Admin123@', 'webapo7t_admin', '3306')
#1 /home/webapo7t/public_html/doggy/system/framework.php(80): DB->__construct('mysqli', 'localhost', 'webapo7t_admin', 'Admin123@', 'webapo7t_admin', '3306')
#2 /home/webapo7t/public_html/doggy/system/startup.php(104): require_once('/home/webapo7t/...')
#3 /home/webapo7t/public_html/doggy/index.php(19): start('catalog')
#4 {main}
  thrown in /home/webapo7t/public_html/doggy/system/library/db/mysqli.php on line 10
[28-Jun-2018 15:23:54 UTC] PHP Fatal error:  Uncaught Exception: Error: <br />Error No:  in /home/webapo7t/public_html/doggy/system/library/db/mysqli.php:10
Stack trace:
#0 /home/webapo7t/public_html/doggy/system/library/db.php(31): DB\MySQLi->__construct('localhost', 'webapo7t_admin', 'Admin123@', 'webapo7t_admin', '3306')
#1 /home/webapo7t/public_html/doggy/system/framework.php(80): DB->__construct('mysqli', 'localhost', 'webapo7t_admin', 'Admin123@', 'webapo7t_admin', '3306')
#2 /home/webapo7t/public_html/doggy/system/startup.php(104): require_once('/home/webapo7t/...')
#3 /home/webapo7t/public_html/doggy/index.php(19): start('catalog')
#4 {main}
  thrown in /home/webapo7t/public_html/doggy/system/library/db/mysqli.php on line 10
[28-Jun-2018 15:23:54 UTC] PHP Fatal error:  Uncaught Exception: Error: <br />Error No:  in /home/webapo7t/public_html/doggy/system/library/db/mysqli.php:10
Stack trace:
#0 /home/webapo7t/public_html/doggy/system/library/db.php(31): DB\MySQLi->__construct('localhost', 'webapo7t_admin', 'Admin123@', 'webapo7t_admin', '3306')
#1 /home/webapo7t/public_html/doggy/system/framework.php(80): DB->__construct('mysqli', 'localhost', 'webapo7t_admin', 'Admin123@', 'webapo7t_admin', '3306')
#2 /home/webapo7t/public_html/doggy/system/startup.php(104): require_once('/home/webapo7t/...')
#3 /home/webapo7t/public_html/doggy/index.php(19): start('catalog')
#4 {main}
  thrown in /home/webapo7t/public_html/doggy/system/library/db/mysqli.php on line 10
[28-Jun-2018 15:23:55 UTC] PHP Fatal error:  Uncaught Exception: Error: <br />Error No:  in /home/webapo7t/public_html/doggy/system/library/db/mysqli.php:10
Stack trace:
#0 /home/webapo7t/public_html/doggy/system/library/db.php(31): DB\MySQLi->__construct('localhost', 'webapo7t_admin', 'Admin123@', 'webapo7t_admin', '3306')
#1 /home/webapo7t/public_html/doggy/system/framework.php(80): DB->__construct('mysqli', 'localhost', 'webapo7t_admin', 'Admin123@', 'webapo7t_admin', '3306')
#2 /home/webapo7t/public_html/doggy/system/startup.php(104): require_once('/home/webapo7t/...')
#3 /home/webapo7t/public_html/doggy/index.php(19): start('catalog')
#4 {main}
  thrown in /home/webapo7t/public_html/doggy/system/library/db/mysqli.php on line 10
[28-Jun-2018 15:23:56 UTC] PHP Fatal error:  Uncaught Exception: Error: <br />Error No:  in /home/webapo7t/public_html/doggy/system/library/db/mysqli.php:10
Stack trace:
#0 /home/webapo7t/public_html/doggy/system/library/db.php(31): DB\MySQLi->__construct('localhost', 'webapo7t_admin', 'Admin123@', 'webapo7t_admin', '3306')
#1 /home/webapo7t/public_html/doggy/system/framework.php(80): DB->__construct('mysqli', 'localhost', 'webapo7t_admin', 'Admin123@', 'webapo7t_admin', '3306')
#2 /home/webapo7t/public_html/doggy/system/startup.php(104): require_once('/home/webapo7t/...')
#3 /home/webapo7t/public_html/doggy/index.php(19): start('catalog')
#4 {main}
  thrown in /home/webapo7t/public_html/doggy/system/library/db/mysqli.php on line 10
[28-Jun-2018 15:24:54 UTC] PHP Fatal error:  Uncaught Exception: Error: <br />Error No:  in /home/webapo7t/public_html/doggy/system/library/db/mysqli.php:10
Stack trace:
#0 /home/webapo7t/public_html/doggy/system/library/db.php(31): DB\MySQLi->__construct('localhost', 'webapo7t_admin', 'Admin123@', 'webapo7t_admin', '3306')
#1 /home/webapo7t/public_html/doggy/system/framework.php(80): DB->__construct('mysqli', 'localhost', 'webapo7t_admin', 'Admin123@', 'webapo7t_admin', '3306')
#2 /home/webapo7t/public_html/doggy/system/startup.php(104): require_once('/home/webapo7t/...')
#3 /home/webapo7t/public_html/doggy/index.php(19): start('catalog')
#4 {main}
  thrown in /home/webapo7t/public_html/doggy/system/library/db/mysqli.php on line 10
[28-Jun-2018 15:24:55 UTC] PHP Fatal error:  Uncaught Exception: Error: <br />Error No:  in /home/webapo7t/public_html/doggy/system/library/db/mysqli.php:10
Stack trace:
#0 /home/webapo7t/public_html/doggy/system/library/db.php(31): DB\MySQLi->__construct('localhost', 'webapo7t_admin', 'Admin123@', 'webapo7t_admin', '3306')
#1 /home/webapo7t/public_html/doggy/system/framework.php(80): DB->__construct('mysqli', 'localhost', 'webapo7t_admin', 'Admin123@', 'webapo7t_admin', '3306')
#2 /home/webapo7t/public_html/doggy/system/startup.php(104): require_once('/home/webapo7t/...')
#3 /home/webapo7t/public_html/doggy/index.php(19): start('catalog')
#4 {main}
  thrown in /home/webapo7t/public_html/doggy/system/library/db/mysqli.php on line 10
[28-Jun-2018 15:24:56 UTC] PHP Fatal error:  Uncaught Exception: Error: <br />Error No:  in /home/webapo7t/public_html/doggy/system/library/db/mysqli.php:10
Stack trace:
#0 /home/webapo7t/public_html/doggy/system/library/db.php(31): DB\MySQLi->__construct('localhost', 'webapo7t_admin', 'Admin123@', 'webapo7t_admin', '3306')
#1 /home/webapo7t/public_html/doggy/system/framework.php(80): DB->__construct('mysqli', 'localhost', 'webapo7t_admin', 'Admin123@', 'webapo7t_admin', '3306')
#2 /home/webapo7t/public_html/doggy/system/startup.php(104): require_once('/home/webapo7t/...')
#3 /home/webapo7t/public_html/doggy/index.php(19): start('catalog')
#4 {main}
  thrown in /home/webapo7t/public_html/doggy/system/library/db/mysqli.php on line 10
[29-Jun-2018 08:47:02 UTC] PHP Fatal error:  Uncaught Twig_Error_Loader: Unable to find template "pav_xstore/template/common/header.twig" (looked into: /home/webapo7t/storage/modification/catalog/view/theme, /home/webapo7t/public_html/doggy/catalog/view/theme, /home/webapo7t/public_html/doggy/catalog/view/theme/pav_xstore/template, /home/webapo7t/public_html/doggy/catalog/view/theme/default/template). in /home/webapo7t/public_html/doggy/system/library/template/Twig/Loader/Filesystem.php:215
Stack trace:
#0 /home/webapo7t/public_html/doggy/system/library/template/Twig/Loader/Filesystem.php(139): Twig_Loader_Filesystem->findTemplate('pav_xstore/temp...')
#1 /home/webapo7t/public_html/doggy/system/library/template/Twig/Environment.php(312): Twig_Loader_Filesystem->getCacheKey('pav_xstore/temp...')
#2 /home/webapo7t/public_html/doggy/system/library/template/Twig/Environment.php(378): Twig_Environment->getTemplateClass('pav_xstore/temp...', NULL)
#3 /home/webapo7t/storage/modification/system/library/template/twig.php(57): Twig_Environment->loadTemplate('pav_ in /home/webapo7t/public_html/doggy/system/library/template/Twig/Loader/Filesystem.php on line 215
[29-Jun-2018 08:47:03 UTC] PHP Fatal error:  Uncaught Twig_Error_Loader: Unable to find template "pav_xstore/template/common/header.twig" (looked into: /home/webapo7t/storage/modification/catalog/view/theme, /home/webapo7t/public_html/doggy/catalog/view/theme, /home/webapo7t/public_html/doggy/catalog/view/theme/pav_xstore/template, /home/webapo7t/public_html/doggy/catalog/view/theme/default/template). in /home/webapo7t/public_html/doggy/system/library/template/Twig/Loader/Filesystem.php:215
Stack trace:
#0 /home/webapo7t/public_html/doggy/system/library/template/Twig/Loader/Filesystem.php(139): Twig_Loader_Filesystem->findTemplate('pav_xstore/temp...')
#1 /home/webapo7t/public_html/doggy/system/library/template/Twig/Environment.php(312): Twig_Loader_Filesystem->getCacheKey('pav_xstore/temp...')
#2 /home/webapo7t/public_html/doggy/system/library/template/Twig/Environment.php(378): Twig_Environment->getTemplateClass('pav_xstore/temp...', NULL)
#3 /home/webapo7t/storage/modification/system/library/template/twig.php(57): Twig_Environment->loadTemplate('pav_ in /home/webapo7t/public_html/doggy/system/library/template/Twig/Loader/Filesystem.php on line 215
[29-Jun-2018 09:41:40 UTC] PHP Fatal error:  Allowed memory size of 268435456 bytes exhausted (tried to allocate 20480 bytes) in /home/webapo7t/public_html/doggy/catalog/model/extension/module/pavobuilder.php on line 32
[29-Jun-2018 09:42:10 UTC] PHP Fatal error:  Allowed memory size of 268435456 bytes exhausted (tried to allocate 32768 bytes) in /home/webapo7t/public_html/doggy/catalog/language/en-gb/extension/module/pavobuilder.php on line 1
[29-Jun-2018 09:42:14 UTC] PHP Fatal error:  Allowed memory size of 268435456 bytes exhausted (tried to allocate 20480 bytes) in /home/webapo7t/public_html/doggy/catalog/model/extension/module/pavobuilder.php on line 32
[29-Jun-2018 09:42:41 UTC] PHP Fatal error:  Allowed memory size of 268435456 bytes exhausted (tried to allocate 20480 bytes) in /home/webapo7t/public_html/doggy/catalog/model/extension/module/pavobuilder.php on line 32
[29-Jun-2018 09:43:19 UTC] PHP Fatal error:  Allowed memory size of 268435456 bytes exhausted (tried to allocate 20480 bytes) in /home/webapo7t/public_html/doggy/catalog/model/extension/module/pavobuilder.php on line 32
[29-Jun-2018 09:43:21 UTC] PHP Fatal error:  Allowed memory size of 268435456 bytes exhausted (tried to allocate 32768 bytes) in /home/webapo7t/public_html/doggy/system/library/template/Twig/Environment.php(403) : eval()'d code on line 265
[29-Jun-2018 14:07:53 UTC] PHP Fatal error:  Uncaught Exception: Error: <br />Error No:  in /home/webapo7t/public_html/doggy/system/library/db/mysqli.php:10
Stack trace:
#0 /home/webapo7t/public_html/doggy/system/library/db.php(31): DB\MySQLi->__construct('localhost', 'webapo7t_admin', 'Admin123@', 'webapo7t_adam', '3306')
#1 /home/webapo7t/public_html/doggy/system/framework.php(80): DB->__construct('mysqli', 'localhost', 'webapo7t_admin', 'Admin123@', 'webapo7t_adam', '3306')
#2 /home/webapo7t/public_html/doggy/system/startup.php(104): require_once('/home/webapo7t/...')
#3 /home/webapo7t/public_html/doggy/index.php(19): start('catalog')
#4 {main}
  thrown in /home/webapo7t/public_html/doggy/system/library/db/mysqli.php on line 10
[29-Jun-2018 14:07:53 UTC] PHP Fatal error:  Uncaught Exception: Error: <br />Error No:  in /home/webapo7t/public_html/doggy/system/library/db/mysqli.php:10
Stack trace:
#0 /home/webapo7t/public_html/doggy/system/library/db.php(31): DB\MySQLi->__construct('localhost', 'webapo7t_admin', 'Admin123@', 'webapo7t_adam', '3306')
#1 /home/webapo7t/public_html/doggy/system/framework.php(80): DB->__construct('mysqli', 'localhost', 'webapo7t_admin', 'Admin123@', 'webapo7t_adam', '3306')
#2 /home/webapo7t/public_html/doggy/system/startup.php(104): require_once('/home/webapo7t/...')
#3 /home/webapo7t/public_html/doggy/index.php(19): start('catalog')
#4 {main}
  thrown in /home/webapo7t/public_html/doggy/system/library/db/mysqli.php on line 10
[29-Jun-2018 14:07:53 UTC] PHP Fatal error:  Uncaught Exception: Error: <br />Error No:  in /home/webapo7t/public_html/doggy/system/library/db/mysqli.php:10
Stack trace:
#0 /home/webapo7t/public_html/doggy/system/library/db.php(31): DB\MySQLi->__construct('localhost', 'webapo7t_admin', 'Admin123@', 'webapo7t_adam', '3306')
#1 /home/webapo7t/public_html/doggy/system/framework.php(80): DB->__construct('mysqli', 'localhost', 'webapo7t_admin', 'Admin123@', 'webapo7t_adam', '3306')
#2 /home/webapo7t/public_html/doggy/system/startup.php(104): require_once('/home/webapo7t/...')
#3 /home/webapo7t/public_html/doggy/index.php(19): start('catalog')
#4 {main}
  thrown in /home/webapo7t/public_html/doggy/system/library/db/mysqli.php on line 10
[29-Jun-2018 14:07:53 UTC] PHP Fatal error:  Uncaught Exception: Error: <br />Error No:  in /home/webapo7t/public_html/doggy/system/library/db/mysqli.php:10
Stack trace:
#0 /home/webapo7t/public_html/doggy/system/library/db.php(31): DB\MySQLi->__construct('localhost', 'webapo7t_admin', 'Admin123@', 'webapo7t_adam', '3306')
#1 /home/webapo7t/public_html/doggy/system/framework.php(80): DB->__construct('mysqli', 'localhost', 'webapo7t_admin', 'Admin123@', 'webapo7t_adam', '3306')
#2 /home/webapo7t/public_html/doggy/system/startup.php(104): require_once('/home/webapo7t/...')
#3 /home/webapo7t/public_html/doggy/index.php(19): start('catalog')
#4 {main}
  thrown in /home/webapo7t/public_html/doggy/system/library/db/mysqli.php on line 10
[29-Jun-2018 14:07:53 UTC] PHP Fatal error:  Uncaught Exception: Error: <br />Error No:  in /home/webapo7t/public_html/doggy/system/library/db/mysqli.php:10
Stack trace:
#0 /home/webapo7t/public_html/doggy/system/library/db.php(31): DB\MySQLi->__construct('localhost', 'webapo7t_admin', 'Admin123@', 'webapo7t_adam', '3306')
#1 /home/webapo7t/public_html/doggy/system/framework.php(80): DB->__construct('mysqli', 'localhost', 'webapo7t_admin', 'Admin123@', 'webapo7t_adam', '3306')
#2 /home/webapo7t/public_html/doggy/system/startup.php(104): require_once('/home/webapo7t/...')
#3 /home/webapo7t/public_html/doggy/index.php(19): start('catalog')
#4 {main}
  thrown in /home/webapo7t/public_html/doggy/system/library/db/mysqli.php on line 10
[29-Jun-2018 14:07:54 UTC] PHP Fatal error:  Uncaught Exception: Error: <br />Error No:  in /home/webapo7t/public_html/doggy/system/library/db/mysqli.php:10
Stack trace:
#0 /home/webapo7t/public_html/doggy/system/library/db.php(31): DB\MySQLi->__construct('localhost', 'webapo7t_admin', 'Admin123@', 'webapo7t_adam', '3306')
#1 /home/webapo7t/public_html/doggy/system/framework.php(80): DB->__construct('mysqli', 'localhost', 'webapo7t_admin', 'Admin123@', 'webapo7t_adam', '3306')
#2 /home/webapo7t/public_html/doggy/system/startup.php(104): require_once('/home/webapo7t/...')
#3 /home/webapo7t/public_html/doggy/index.php(19): start('catalog')
#4 {main}
  thrown in /home/webapo7t/public_html/doggy/system/library/db/mysqli.php on line 10
[29-Jun-2018 14:07:54 UTC] PHP Fatal error:  Uncaught Exception: Error: <br />Error No:  in /home/webapo7t/public_html/doggy/system/library/db/mysqli.php:10
Stack trace:
#0 /home/webapo7t/public_html/doggy/system/library/db.php(31): DB\MySQLi->__construct('localhost', 'webapo7t_admin', 'Admin123@', 'webapo7t_adam', '3306')
#1 /home/webapo7t/public_html/doggy/system/framework.php(80): DB->__construct('mysqli', 'localhost', 'webapo7t_admin', 'Admin123@', 'webapo7t_adam', '3306')
#2 /home/webapo7t/public_html/doggy/system/startup.php(104): require_once('/home/webapo7t/...')
#3 /home/webapo7t/public_html/doggy/index.php(19): start('catalog')
#4 {main}
  thrown in /home/webapo7t/public_html/doggy/system/library/db/mysqli.php on line 10
[29-Jun-2018 14:07:54 UTC] PHP Fatal error:  Uncaught Exception: Error: <br />Error No:  in /home/webapo7t/public_html/doggy/system/library/db/mysqli.php:10
Stack trace:
#0 /home/webapo7t/public_html/doggy/system/library/db.php(31): DB\MySQLi->__construct('localhost', 'webapo7t_admin', 'Admin123@', 'webapo7t_adam', '3306')
#1 /home/webapo7t/public_html/doggy/system/framework.php(80): DB->__construct('mysqli', 'localhost', 'webapo7t_admin', 'Admin123@', 'webapo7t_adam', '3306')
#2 /home/webapo7t/public_html/doggy/system/startup.php(104): require_once('/home/webapo7t/...')
#3 /home/webapo7t/public_html/doggy/index.php(19): start('catalog')
#4 {main}
  thrown in /home/webapo7t/public_html/doggy/system/library/db/mysqli.php on line 10
[29-Jun-2018 14:07:54 UTC] PHP Fatal error:  Uncaught Exception: Error: <br />Error No:  in /home/webapo7t/public_html/doggy/system/library/db/mysqli.php:10
Stack trace:
#0 /home/webapo7t/public_html/doggy/system/library/db.php(31): DB\MySQLi->__construct('localhost', 'webapo7t_admin', 'Admin123@', 'webapo7t_adam', '3306')
#1 /home/webapo7t/public_html/doggy/system/framework.php(80): DB->__construct('mysqli', 'localhost', 'webapo7t_admin', 'Admin123@', 'webapo7t_adam', '3306')
#2 /home/webapo7t/public_html/doggy/system/startup.php(104): require_once('/home/webapo7t/...')
#3 /home/webapo7t/public_html/doggy/index.php(19): start('catalog')
#4 {main}
  thrown in /home/webapo7t/public_html/doggy/system/library/db/mysqli.php on line 10
[29-Jun-2018 14:07:54 UTC] PHP Fatal error:  Uncaught Exception: Error: <br />Error No:  in /home/webapo7t/public_html/doggy/system/library/db/mysqli.php:10
Stack trace:
#0 /home/webapo7t/public_html/doggy/system/library/db.php(31): DB\MySQLi->__construct('localhost', 'webapo7t_admin', 'Admin123@', 'webapo7t_adam', '3306')
#1 /home/webapo7t/public_html/doggy/system/framework.php(80): DB->__construct('mysqli', 'localhost', 'webapo7t_admin', 'Admin123@', 'webapo7t_adam', '3306')
#2 /home/webapo7t/public_html/doggy/system/startup.php(104): require_once('/home/webapo7t/...')
#3 /home/webapo7t/public_html/doggy/index.php(19): start('catalog')
#4 {main}
  thrown in /home/webapo7t/public_html/doggy/system/library/db/mysqli.php on line 10
[29-Jun-2018 14:07:54 UTC] PHP Fatal error:  Uncaught Exception: Error: <br />Error No:  in /home/webapo7t/public_html/doggy/system/library/db/mysqli.php:10
Stack trace:
#0 /home/webapo7t/public_html/doggy/system/library/db.php(31): DB\MySQLi->__construct('localhost', 'webapo7t_admin', 'Admin123@', 'webapo7t_adam', '3306')
#1 /home/webapo7t/public_html/doggy/system/framework.php(80): DB->__construct('mysqli', 'localhost', 'webapo7t_admin', 'Admin123@', 'webapo7t_adam', '3306')
#2 /home/webapo7t/public_html/doggy/system/startup.php(104): require_once('/home/webapo7t/...')
#3 /home/webapo7t/public_html/doggy/index.php(19): start('catalog')
#4 {main}
  thrown in /home/webapo7t/public_html/doggy/system/library/db/mysqli.php on line 10
[29-Jun-2018 14:07:54 UTC] PHP Fatal error:  Uncaught Exception: Error: <br />Error No:  in /home/webapo7t/public_html/doggy/system/library/db/mysqli.php:10
Stack trace:
#0 /home/webapo7t/public_html/doggy/system/library/db.php(31): DB\MySQLi->__construct('localhost', 'webapo7t_admin', 'Admin123@', 'webapo7t_adam', '3306')
#1 /home/webapo7t/public_html/doggy/system/framework.php(80): DB->__construct('mysqli', 'localhost', 'webapo7t_admin', 'Admin123@', 'webapo7t_adam', '3306')
#2 /home/webapo7t/public_html/doggy/system/startup.php(104): require_once('/home/webapo7t/...')
#3 /home/webapo7t/public_html/doggy/index.php(19): start('catalog')
#4 {main}
  thrown in /home/webapo7t/public_html/doggy/system/library/db/mysqli.php on line 10
[29-Jun-2018 14:07:54 UTC] PHP Fatal error:  Uncaught Exception: Error: <br />Error No:  in /home/webapo7t/public_html/doggy/system/library/db/mysqli.php:10
Stack trace:
#0 /home/webapo7t/public_html/doggy/system/library/db.php(31): DB\MySQLi->__construct('localhost', 'webapo7t_admin', 'Admin123@', 'webapo7t_adam', '3306')
#1 /home/webapo7t/public_html/doggy/system/framework.php(80): DB->__construct('mysqli', 'localhost', 'webapo7t_admin', 'Admin123@', 'webapo7t_adam', '3306')
#2 /home/webapo7t/public_html/doggy/system/startup.php(104): require_once('/home/webapo7t/...')
#3 /home/webapo7t/public_html/doggy/index.php(19): start('catalog')
#4 {main}
  thrown in /home/webapo7t/public_html/doggy/system/library/db/mysqli.php on line 10
[29-Jun-2018 14:07:54 UTC] PHP Fatal error:  Uncaught Exception: Error: <br />Error No:  in /home/webapo7t/public_html/doggy/system/library/db/mysqli.php:10
Stack trace:
#0 /home/webapo7t/public_html/doggy/system/library/db.php(31): DB\MySQLi->__construct('localhost', 'webapo7t_admin', 'Admin123@', 'webapo7t_adam', '3306')
#1 /home/webapo7t/public_html/doggy/system/framework.php(80): DB->__construct('mysqli', 'localhost', 'webapo7t_admin', 'Admin123@', 'webapo7t_adam', '3306')
#2 /home/webapo7t/public_html/doggy/system/startup.php(104): require_once('/home/webapo7t/...')
#3 /home/webapo7t/public_html/doggy/index.php(19): start('catalog')
#4 {main}
  thrown in /home/webapo7t/public_html/doggy/system/library/db/mysqli.php on line 10
[29-Jun-2018 14:07:54 UTC] PHP Fatal error:  Uncaught Exception: Error: <br />Error No:  in /home/webapo7t/public_html/doggy/system/library/db/mysqli.php:10
Stack trace:
#0 /home/webapo7t/public_html/doggy/system/library/db.php(31): DB\MySQLi->__construct('localhost', 'webapo7t_admin', 'Admin123@', 'webapo7t_adam', '3306')
#1 /home/webapo7t/public_html/doggy/system/framework.php(80): DB->__construct('mysqli', 'localhost', 'webapo7t_admin', 'Admin123@', 'webapo7t_adam', '3306')
#2 /home/webapo7t/public_html/doggy/system/startup.php(104): require_once('/home/webapo7t/...')
#3 /home/webapo7t/public_html/doggy/index.php(19): start('catalog')
#4 {main}
  thrown in /home/webapo7t/public_html/doggy/system/library/db/mysqli.php on line 10
[29-Jun-2018 14:07:54 UTC] PHP Fatal error:  Uncaught Exception: Error: <br />Error No:  in /home/webapo7t/public_html/doggy/system/library/db/mysqli.php:10
Stack trace:
#0 /home/webapo7t/public_html/doggy/system/library/db.php(31): DB\MySQLi->__construct('localhost', 'webapo7t_admin', 'Admin123@', 'webapo7t_adam', '3306')
#1 /home/webapo7t/public_html/doggy/system/framework.php(80): DB->__construct('mysqli', 'localhost', 'webapo7t_admin', 'Admin123@', 'webapo7t_adam', '3306')
#2 /home/webapo7t/public_html/doggy/system/startup.php(104): require_once('/home/webapo7t/...')
#3 /home/webapo7t/public_html/doggy/index.php(19): start('catalog')
#4 {main}
  thrown in /home/webapo7t/public_html/doggy/system/library/db/mysqli.php on line 10
[29-Jun-2018 14:07:54 UTC] PHP Fatal error:  Uncaught Exception: Error: <br />Error No:  in /home/webapo7t/public_html/doggy/system/library/db/mysqli.php:10
Stack trace:
#0 /home/webapo7t/public_html/doggy/system/library/db.php(31): DB\MySQLi->__construct('localhost', 'webapo7t_admin', 'Admin123@', 'webapo7t_adam', '3306')
#1 /home/webapo7t/public_html/doggy/system/framework.php(80): DB->__construct('mysqli', 'localhost', 'webapo7t_admin', 'Admin123@', 'webapo7t_adam', '3306')
#2 /home/webapo7t/public_html/doggy/system/startup.php(104): require_once('/home/webapo7t/...')
#3 /home/webapo7t/public_html/doggy/index.php(19): start('catalog')
#4 {main}
  thrown in /home/webapo7t/public_html/doggy/system/library/db/mysqli.php on line 10
[29-Jun-2018 14:07:54 UTC] PHP Fatal error:  Uncaught Exception: Error: <br />Error No:  in /home/webapo7t/public_html/doggy/system/library/db/mysqli.php:10
Stack trace:
#0 /home/webapo7t/public_html/doggy/system/library/db.php(31): DB\MySQLi->__construct('localhost', 'webapo7t_admin', 'Admin123@', 'webapo7t_adam', '3306')
#1 /home/webapo7t/public_html/doggy/system/framework.php(80): DB->__construct('mysqli', 'localhost', 'webapo7t_admin', 'Admin123@', 'webapo7t_adam', '3306')
#2 /home/webapo7t/public_html/doggy/system/startup.php(104): require_once('/home/webapo7t/...')
#3 /home/webapo7t/public_html/doggy/index.php(19): start('catalog')
#4 {main}
  thrown in /home/webapo7t/public_html/doggy/system/library/db/mysqli.php on line 10
[29-Jun-2018 14:11:00 UTC] PHP Fatal error:  Uncaught Exception: Error: <br />Error No:  in /home/webapo7t/public_html/doggy/system/library/db/mysqli.php:10
Stack trace:
#0 /home/webapo7t/public_html/doggy/system/library/db.php(31): DB\MySQLi->__construct('localhost', 'webapo7t_admin', 'Admin123@', 'webapo7t_adam', '3306')
#1 /home/webapo7t/public_html/doggy/system/framework.php(80): DB->__construct('mysqli', 'localhost', 'webapo7t_admin', 'Admin123@', 'webapo7t_adam', '3306')
#2 /home/webapo7t/public_html/doggy/system/startup.php(104): require_once('/home/webapo7t/...')
#3 /home/webapo7t/public_html/doggy/index.php(19): start('catalog')
#4 {main}
  thrown in /home/webapo7t/public_html/doggy/system/library/db/mysqli.php on line 10
[29-Jun-2018 14:11:00 UTC] PHP Fatal error:  Uncaught Exception: Error: <br />Error No:  in /home/webapo7t/public_html/doggy/system/library/db/mysqli.php:10
Stack trace:
#0 /home/webapo7t/public_html/doggy/system/library/db.php(31): DB\MySQLi->__construct('localhost', 'webapo7t_admin', 'Admin123@', 'webapo7t_adam', '3306')
#1 /home/webapo7t/public_html/doggy/system/framework.php(80): DB->__construct('mysqli', 'localhost', 'webapo7t_admin', 'Admin123@', 'webapo7t_adam', '3306')
#2 /home/webapo7t/public_html/doggy/system/startup.php(104): require_once('/home/webapo7t/...')
#3 /home/webapo7t/public_html/doggy/index.php(19): start('catalog')
#4 {main}
  thrown in /home/webapo7t/public_html/doggy/system/library/db/mysqli.php on line 10
[29-Jun-2018 14:11:00 UTC] PHP Fatal error:  Uncaught Exception: Error: <br />Error No:  in /home/webapo7t/public_html/doggy/system/library/db/mysqli.php:10
Stack trace:
#0 /home/webapo7t/public_html/doggy/system/library/db.php(31): DB\MySQLi->__construct('localhost', 'webapo7t_admin', 'Admin123@', 'webapo7t_adam', '3306')
#1 /home/webapo7t/public_html/doggy/system/framework.php(80): DB->__construct('mysqli', 'localhost', 'webapo7t_admin', 'Admin123@', 'webapo7t_adam', '3306')
#2 /home/webapo7t/public_html/doggy/system/startup.php(104): require_once('/home/webapo7t/...')
#3 /home/webapo7t/public_html/doggy/index.php(19): start('catalog')
#4 {main}
  thrown in /home/webapo7t/public_html/doggy/system/library/db/mysqli.php on line 10
[03-Jul-2018 06:41:40 UTC] PHP Parse error:  syntax error, unexpected ';', expecting ')' in /home/webapo7t/public_html/doggy/catalog/controller/extension/module/pavobuilder/inc/widgets/seller_product_list.php on line 33
[03-Jul-2018 06:41:47 UTC] PHP Parse error:  syntax error, unexpected ';', expecting ')' in /home/webapo7t/public_html/doggy/catalog/controller/extension/module/pavobuilder/inc/widgets/seller_product_list.php on line 33
[03-Jul-2018 06:41:49 UTC] PHP Parse error:  syntax error, unexpected ';', expecting ')' in /home/webapo7t/public_html/doggy/catalog/controller/extension/module/pavobuilder/inc/widgets/seller_product_list.php on line 33
[03-Jul-2018 06:41:49 UTC] PHP Parse error:  syntax error, unexpected ';', expecting ')' in /home/webapo7t/public_html/doggy/catalog/controller/extension/module/pavobuilder/inc/widgets/seller_product_list.php on line 33
[03-Jul-2018 06:41:50 UTC] PHP Parse error:  syntax error, unexpected ';', expecting ')' in /home/webapo7t/public_html/doggy/catalog/controller/extension/module/pavobuilder/inc/widgets/seller_product_list.php on line 33
[03-Jul-2018 06:41:50 UTC] PHP Parse error:  syntax error, unexpected ';', expecting ')' in /home/webapo7t/public_html/doggy/catalog/controller/extension/module/pavobuilder/inc/widgets/seller_product_list.php on line 33
[03-Jul-2018 06:41:50 UTC] PHP Parse error:  syntax error, unexpected ';', expecting ')' in /home/webapo7t/public_html/doggy/catalog/controller/extension/module/pavobuilder/inc/widgets/seller_product_list.php on line 33
[03-Jul-2018 06:41:54 UTC] PHP Parse error:  syntax error, unexpected ';', expecting ')' in /home/webapo7t/public_html/doggy/catalog/controller/extension/module/pavobuilder/inc/widgets/seller_product_list.php on line 33
[03-Jul-2018 06:41:54 UTC] PHP Parse error:  syntax error, unexpected ';', expecting ')' in /home/webapo7t/public_html/doggy/catalog/controller/extension/module/pavobuilder/inc/widgets/seller_product_list.php on line 33
[03-Jul-2018 06:41:54 UTC] PHP Parse error:  syntax error, unexpected ';', expecting ')' in /home/webapo7t/public_html/doggy/catalog/controller/extension/module/pavobuilder/inc/widgets/seller_product_list.php on line 33
[03-Jul-2018 06:41:54 UTC] PHP Parse error:  syntax error, unexpected ';', expecting ')' in /home/webapo7t/public_html/doggy/catalog/controller/extension/module/pavobuilder/inc/widgets/seller_product_list.php on line 33
[03-Jul-2018 06:42:00 UTC] PHP Parse error:  syntax error, unexpected ';', expecting ')' in /home/webapo7t/public_html/doggy/catalog/controller/extension/module/pavobuilder/inc/widgets/seller_product_list.php on line 33
[03-Jul-2018 06:42:11 UTC] PHP Parse error:  syntax error, unexpected ';', expecting ')' in /home/webapo7t/public_html/doggy/catalog/controller/extension/module/pavobuilder/inc/widgets/seller_product_list.php on line 33
[03-Jul-2018 06:42:14 UTC] PHP Parse error:  syntax error, unexpected ';', expecting ')' in /home/webapo7t/public_html/doggy/catalog/controller/extension/module/pavobuilder/inc/widgets/seller_product_list.php on line 33
[03-Jul-2018 06:42:15 UTC] PHP Parse error:  syntax error, unexpected ';', expecting ')' in /home/webapo7t/public_html/doggy/catalog/controller/extension/module/pavobuilder/inc/widgets/seller_product_list.php on line 33
[03-Jul-2018 06:42:15 UTC] PHP Parse error:  syntax error, unexpected ';', expecting ')' in /home/webapo7t/public_html/doggy/catalog/controller/extension/module/pavobuilder/inc/widgets/seller_product_list.php on line 33
[03-Jul-2018 06:42:15 UTC] PHP Parse error:  syntax error, unexpected ';', expecting ')' in /home/webapo7t/public_html/doggy/catalog/controller/extension/module/pavobuilder/inc/widgets/seller_product_list.php on line 33
[03-Jul-2018 06:42:28 UTC] PHP Parse error:  syntax error, unexpected ';', expecting ')' in /home/webapo7t/public_html/doggy/catalog/controller/extension/module/pavobuilder/inc/widgets/seller_product_list.php on line 33
[03-Jul-2018 06:42:37 UTC] PHP Parse error:  syntax error, unexpected ';', expecting ')' in /home/webapo7t/public_html/doggy/catalog/controller/extension/module/pavobuilder/inc/widgets/seller_product_list.php on line 33
[03-Jul-2018 06:42:38 UTC] PHP Parse error:  syntax error, unexpected ';', expecting ')' in /home/webapo7t/public_html/doggy/catalog/controller/extension/module/pavobuilder/inc/widgets/seller_product_list.php on line 33
[03-Jul-2018 06:42:39 UTC] PHP Parse error:  syntax error, unexpected ';', expecting ')' in /home/webapo7t/public_html/doggy/catalog/controller/extension/module/pavobuilder/inc/widgets/seller_product_list.php on line 33
[03-Jul-2018 06:42:39 UTC] PHP Parse error:  syntax error, unexpected ';', expecting ')' in /home/webapo7t/public_html/doggy/catalog/controller/extension/module/pavobuilder/inc/widgets/seller_product_list.php on line 33
[03-Jul-2018 06:42:39 UTC] PHP Parse error:  syntax error, unexpected ';', expecting ')' in /home/webapo7t/public_html/doggy/catalog/controller/extension/module/pavobuilder/inc/widgets/seller_product_list.php on line 33
[03-Jul-2018 06:42:40 UTC] PHP Parse error:  syntax error, unexpected ';', expecting ')' in /home/webapo7t/public_html/doggy/catalog/controller/extension/module/pavobuilder/inc/widgets/seller_product_list.php on line 33
[03-Jul-2018 06:42:42 UTC] PHP Parse error:  syntax error, unexpected ';', expecting ')' in /home/webapo7t/public_html/doggy/catalog/controller/extension/module/pavobuilder/inc/widgets/seller_product_list.php on line 33
[03-Jul-2018 06:43:23 UTC] PHP Parse error:  syntax error, unexpected ';', expecting ')' in /home/webapo7t/public_html/doggy/catalog/controller/extension/module/pavobuilder/inc/widgets/seller_product_list.php on line 33
[03-Jul-2018 06:43:23 UTC] PHP Parse error:  syntax error, unexpected ';', expecting ')' in /home/webapo7t/public_html/doggy/catalog/controller/extension/module/pavobuilder/inc/widgets/seller_product_list.php on line 33
[03-Jul-2018 06:43:23 UTC] PHP Parse error:  syntax error, unexpected ';', expecting ')' in /home/webapo7t/public_html/doggy/catalog/controller/extension/module/pavobuilder/inc/widgets/seller_product_list.php on line 33
[03-Jul-2018 06:43:23 UTC] PHP Parse error:  syntax error, unexpected ';', expecting ')' in /home/webapo7t/public_html/doggy/catalog/controller/extension/module/pavobuilder/inc/widgets/seller_product_list.php on line 33
[03-Jul-2018 06:43:23 UTC] PHP Parse error:  syntax error, unexpected ';', expecting ')' in /home/webapo7t/public_html/doggy/catalog/controller/extension/module/pavobuilder/inc/widgets/seller_product_list.php on line 33
[03-Jul-2018 06:43:26 UTC] PHP Parse error:  syntax error, unexpected ';', expecting ')' in /home/webapo7t/public_html/doggy/catalog/controller/extension/module/pavobuilder/inc/widgets/seller_product_list.php on line 33
[03-Jul-2018 06:43:26 UTC] PHP Parse error:  syntax error, unexpected ';', expecting ')' in /home/webapo7t/public_html/doggy/catalog/controller/extension/module/pavobuilder/inc/widgets/seller_product_list.php on line 33
[03-Jul-2018 06:43:27 UTC] PHP Parse error:  syntax error, unexpected ';', expecting ')' in /home/webapo7t/public_html/doggy/catalog/controller/extension/module/pavobuilder/inc/widgets/seller_product_list.php on line 33
[03-Jul-2018 06:43:27 UTC] PHP Parse error:  syntax error, unexpected ';', expecting ')' in /home/webapo7t/public_html/doggy/catalog/controller/extension/module/pavobuilder/inc/widgets/seller_product_list.php on line 33
[03-Jul-2018 06:43:27 UTC] PHP Parse error:  syntax error, unexpected ';', expecting ')' in /home/webapo7t/public_html/doggy/catalog/controller/extension/module/pavobuilder/inc/widgets/seller_product_list.php on line 33
[03-Jul-2018 06:43:30 UTC] PHP Parse error:  syntax error, unexpected ';', expecting ')' in /home/webapo7t/public_html/doggy/catalog/controller/extension/module/pavobuilder/inc/widgets/seller_product_list.php on line 33
[03-Jul-2018 06:43:30 UTC] PHP Parse error:  syntax error, unexpected ';', expecting ')' in /home/webapo7t/public_html/doggy/catalog/controller/extension/module/pavobuilder/inc/widgets/seller_product_list.php on line 33
[03-Jul-2018 06:43:30 UTC] PHP Parse error:  syntax error, unexpected ';', expecting ')' in /home/webapo7t/public_html/doggy/catalog/controller/extension/module/pavobuilder/inc/widgets/seller_product_list.php on line 33
[03-Jul-2018 06:43:30 UTC] PHP Parse error:  syntax error, unexpected ';', expecting ')' in /home/webapo7t/public_html/doggy/catalog/controller/extension/module/pavobuilder/inc/widgets/seller_product_list.php on line 33
[03-Jul-2018 06:44:22 UTC] PHP Parse error:  syntax error, unexpected ';', expecting ')' in /home/webapo7t/public_html/doggy/catalog/controller/extension/module/pavobuilder/inc/widgets/seller_product_list.php on line 33
[03-Jul-2018 06:44:27 UTC] PHP Parse error:  syntax error, unexpected ';', expecting ')' in /home/webapo7t/public_html/doggy/catalog/controller/extension/module/pavobuilder/inc/widgets/seller_product_list.php on line 33
[03-Jul-2018 06:44:29 UTC] PHP Parse error:  syntax error, unexpected ';', expecting ')' in /home/webapo7t/public_html/doggy/catalog/controller/extension/module/pavobuilder/inc/widgets/seller_product_list.php on line 33
[03-Jul-2018 06:44:30 UTC] PHP Parse error:  syntax error, unexpected ';', expecting ')' in /home/webapo7t/public_html/doggy/catalog/controller/extension/module/pavobuilder/inc/widgets/seller_product_list.php on line 33
[03-Jul-2018 06:45:28 UTC] PHP Parse error:  syntax error, unexpected ';', expecting ')' in /home/webapo7t/public_html/doggy/catalog/controller/extension/module/pavobuilder/inc/widgets/seller_product_list.php on line 33
[03-Jul-2018 06:45:29 UTC] PHP Parse error:  syntax error, unexpected ';', expecting ')' in /home/webapo7t/public_html/doggy/catalog/controller/extension/module/pavobuilder/inc/widgets/seller_product_list.php on line 33
[03-Jul-2018 06:45:30 UTC] PHP Parse error:  syntax error, unexpected ';', expecting ')' in /home/webapo7t/public_html/doggy/catalog/controller/extension/module/pavobuilder/inc/widgets/seller_product_list.php on line 33
[03-Jul-2018 06:45:31 UTC] PHP Parse error:  syntax error, unexpected ';', expecting ')' in /home/webapo7t/public_html/doggy/catalog/controller/extension/module/pavobuilder/inc/widgets/seller_product_list.php on line 33
[03-Jul-2018 06:45:32 UTC] PHP Parse error:  syntax error, unexpected ';', expecting ')' in /home/webapo7t/public_html/doggy/catalog/controller/extension/module/pavobuilder/inc/widgets/seller_product_list.php on line 33
[03-Jul-2018 06:45:33 UTC] PHP Parse error:  syntax error, unexpected ';', expecting ')' in /home/webapo7t/public_html/doggy/catalog/controller/extension/module/pavobuilder/inc/widgets/seller_product_list.php on line 33
[03-Jul-2018 06:45:47 UTC] PHP Parse error:  syntax error, unexpected ';', expecting ')' in /home/webapo7t/public_html/doggy/catalog/controller/extension/module/pavobuilder/inc/widgets/seller_product_list.php on line 33
[03-Jul-2018 06:45:47 UTC] PHP Parse error:  syntax error, unexpected ';', expecting ')' in /home/webapo7t/public_html/doggy/catalog/controller/extension/module/pavobuilder/inc/widgets/seller_product_list.php on line 33
[03-Jul-2018 06:45:48 UTC] PHP Parse error:  syntax error, unexpected ';', expecting ')' in /home/webapo7t/public_html/doggy/catalog/controller/extension/module/pavobuilder/inc/widgets/seller_product_list.php on line 33
[03-Jul-2018 06:45:48 UTC] PHP Parse error:  syntax error, unexpected ';', expecting ')' in /home/webapo7t/public_html/doggy/catalog/controller/extension/module/pavobuilder/inc/widgets/seller_product_list.php on line 33
[03-Jul-2018 06:45:48 UTC] PHP Parse error:  syntax error, unexpected ';', expecting ')' in /home/webapo7t/public_html/doggy/catalog/controller/extension/module/pavobuilder/inc/widgets/seller_product_list.php on line 33
[03-Jul-2018 06:45:48 UTC] PHP Parse error:  syntax error, unexpected ';', expecting ')' in /home/webapo7t/public_html/doggy/catalog/controller/extension/module/pavobuilder/inc/widgets/seller_product_list.php on line 33
[03-Jul-2018 06:45:48 UTC] PHP Parse error:  syntax error, unexpected ';', expecting ')' in /home/webapo7t/public_html/doggy/catalog/controller/extension/module/pavobuilder/inc/widgets/seller_product_list.php on line 33
[03-Jul-2018 06:45:49 UTC] PHP Parse error:  syntax error, unexpected ';', expecting ')' in /home/webapo7t/public_html/doggy/catalog/controller/extension/module/pavobuilder/inc/widgets/seller_product_list.php on line 33
[03-Jul-2018 06:45:49 UTC] PHP Parse error:  syntax error, unexpected ';', expecting ')' in /home/webapo7t/public_html/doggy/catalog/controller/extension/module/pavobuilder/inc/widgets/seller_product_list.php on line 33
[03-Jul-2018 06:45:49 UTC] PHP Parse error:  syntax error, unexpected ';', expecting ')' in /home/webapo7t/public_html/doggy/catalog/controller/extension/module/pavobuilder/inc/widgets/seller_product_list.php on line 33
[03-Jul-2018 06:45:49 UTC] PHP Parse error:  syntax error, unexpected ';', expecting ')' in /home/webapo7t/public_html/doggy/catalog/controller/extension/module/pavobuilder/inc/widgets/seller_product_list.php on line 33
[03-Jul-2018 06:45:49 UTC] PHP Parse error:  syntax error, unexpected ';', expecting ')' in /home/webapo7t/public_html/doggy/catalog/controller/extension/module/pavobuilder/inc/widgets/seller_product_list.php on line 33
[03-Jul-2018 06:46:01 UTC] PHP Parse error:  syntax error, unexpected ';', expecting ')' in /home/webapo7t/public_html/doggy/catalog/controller/extension/module/pavobuilder/inc/widgets/seller_product_list.php on line 33
[03-Jul-2018 06:46:28 UTC] PHP Parse error:  syntax error, unexpected ';', expecting ')' in /home/webapo7t/public_html/doggy/catalog/controller/extension/module/pavobuilder/inc/widgets/seller_product_list.php on line 33
[03-Jul-2018 06:47:30 UTC] PHP Parse error:  syntax error, unexpected ';', expecting ')' in /home/webapo7t/public_html/doggy/catalog/controller/extension/module/pavobuilder/inc/widgets/seller_product_list.php on line 33
[03-Jul-2018 06:47:31 UTC] PHP Parse error:  syntax error, unexpected ';', expecting ')' in /home/webapo7t/public_html/doggy/catalog/controller/extension/module/pavobuilder/inc/widgets/seller_product_list.php on line 33
[03-Jul-2018 06:47:32 UTC] PHP Parse error:  syntax error, unexpected ';', expecting ')' in /home/webapo7t/public_html/doggy/catalog/controller/extension/module/pavobuilder/inc/widgets/seller_product_list.php on line 33
[03-Jul-2018 06:47:32 UTC] PHP Parse error:  syntax error, unexpected ';', expecting ')' in /home/webapo7t/public_html/doggy/catalog/controller/extension/module/pavobuilder/inc/widgets/seller_product_list.php on line 33
[03-Jul-2018 06:47:32 UTC] PHP Parse error:  syntax error, unexpected ';', expecting ')' in /home/webapo7t/public_html/doggy/catalog/controller/extension/module/pavobuilder/inc/widgets/seller_product_list.php on line 33
[03-Jul-2018 06:47:34 UTC] PHP Parse error:  syntax error, unexpected ';', expecting ')' in /home/webapo7t/public_html/doggy/catalog/controller/extension/module/pavobuilder/inc/widgets/seller_product_list.php on line 33
[03-Jul-2018 06:47:35 UTC] PHP Parse error:  syntax error, unexpected ';', expecting ')' in /home/webapo7t/public_html/doggy/catalog/controller/extension/module/pavobuilder/inc/widgets/seller_product_list.php on line 33
[03-Jul-2018 06:47:36 UTC] PHP Parse error:  syntax error, unexpected ';', expecting ')' in /home/webapo7t/public_html/doggy/catalog/controller/extension/module/pavobuilder/inc/widgets/seller_product_list.php on line 33
[03-Jul-2018 06:47:36 UTC] PHP Parse error:  syntax error, unexpected ';', expecting ')' in /home/webapo7t/public_html/doggy/catalog/controller/extension/module/pavobuilder/inc/widgets/seller_product_list.php on line 33
[03-Jul-2018 06:47:36 UTC] PHP Parse error:  syntax error, unexpected ';', expecting ')' in /home/webapo7t/public_html/doggy/catalog/controller/extension/module/pavobuilder/inc/widgets/seller_product_list.php on line 33
[03-Jul-2018 06:47:36 UTC] PHP Parse error:  syntax error, unexpected ';', expecting ')' in /home/webapo7t/public_html/doggy/catalog/controller/extension/module/pavobuilder/inc/widgets/seller_product_list.php on line 33
[03-Jul-2018 06:47:37 UTC] PHP Parse error:  syntax error, unexpected ';', expecting ')' in /home/webapo7t/public_html/doggy/catalog/controller/extension/module/pavobuilder/inc/widgets/seller_product_list.php on line 33
[03-Jul-2018 06:47:37 UTC] PHP Parse error:  syntax error, unexpected ';', expecting ')' in /home/webapo7t/public_html/doggy/catalog/controller/extension/module/pavobuilder/inc/widgets/seller_product_list.php on line 33
[03-Jul-2018 06:47:37 UTC] PHP Parse error:  syntax error, unexpected ';', expecting ')' in /home/webapo7t/public_html/doggy/catalog/controller/extension/module/pavobuilder/inc/widgets/seller_product_list.php on line 33
[03-Jul-2018 06:47:37 UTC] PHP Parse error:  syntax error, unexpected ';', expecting ')' in /home/webapo7t/public_html/doggy/catalog/controller/extension/module/pavobuilder/inc/widgets/seller_product_list.php on line 33
[03-Jul-2018 06:47:37 UTC] PHP Parse error:  syntax error, unexpected ';', expecting ')' in /home/webapo7t/public_html/doggy/catalog/controller/extension/module/pavobuilder/inc/widgets/seller_product_list.php on line 33
[03-Jul-2018 06:47:38 UTC] PHP Parse error:  syntax error, unexpected ';', expecting ')' in /home/webapo7t/public_html/doggy/catalog/controller/extension/module/pavobuilder/inc/widgets/seller_product_list.php on line 33
[03-Jul-2018 06:47:39 UTC] PHP Parse error:  syntax error, unexpected ';', expecting ')' in /home/webapo7t/public_html/doggy/catalog/controller/extension/module/pavobuilder/inc/widgets/seller_product_list.php on line 33
[03-Jul-2018 06:47:39 UTC] PHP Parse error:  syntax error, unexpected ';', expecting ')' in /home/webapo7t/public_html/doggy/catalog/controller/extension/module/pavobuilder/inc/widgets/seller_product_list.php on line 33
[03-Jul-2018 06:47:39 UTC] PHP Parse error:  syntax error, unexpected ';', expecting ')' in /home/webapo7t/public_html/doggy/catalog/controller/extension/module/pavobuilder/inc/widgets/seller_product_list.php on line 33
[03-Jul-2018 06:47:40 UTC] PHP Parse error:  syntax error, unexpected ';', expecting ')' in /home/webapo7t/public_html/doggy/catalog/controller/extension/module/pavobuilder/inc/widgets/seller_product_list.php on line 33
[03-Jul-2018 06:47:40 UTC] PHP Parse error:  syntax error, unexpected ';', expecting ')' in /home/webapo7t/public_html/doggy/catalog/controller/extension/module/pavobuilder/inc/widgets/seller_product_list.php on line 33
[03-Jul-2018 06:47:41 UTC] PHP Parse error:  syntax error, unexpected ';', expecting ')' in /home/webapo7t/public_html/doggy/catalog/controller/extension/module/pavobuilder/inc/widgets/seller_product_list.php on line 33
[03-Jul-2018 06:47:41 UTC] PHP Parse error:  syntax error, unexpected ';', expecting ')' in /home/webapo7t/public_html/doggy/catalog/controller/extension/module/pavobuilder/inc/widgets/seller_product_list.php on line 33
[03-Jul-2018 06:47:41 UTC] PHP Parse error:  syntax error, unexpected ';', expecting ')' in /home/webapo7t/public_html/doggy/catalog/controller/extension/module/pavobuilder/inc/widgets/seller_product_list.php on line 33
[03-Jul-2018 06:47:41 UTC] PHP Parse error:  syntax error, unexpected ';', expecting ')' in /home/webapo7t/public_html/doggy/catalog/controller/extension/module/pavobuilder/inc/widgets/seller_product_list.php on line 33
[03-Jul-2018 06:47:41 UTC] PHP Parse error:  syntax error, unexpected ';', expecting ')' in /home/webapo7t/public_html/doggy/catalog/controller/extension/module/pavobuilder/inc/widgets/seller_product_list.php on line 33
[03-Jul-2018 06:47:41 UTC] PHP Parse error:  syntax error, unexpected ';', expecting ')' in /home/webapo7t/public_html/doggy/catalog/controller/extension/module/pavobuilder/inc/widgets/seller_product_list.php on line 33
[03-Jul-2018 06:47:41 UTC] PHP Parse error:  syntax error, unexpected ';', expecting ')' in /home/webapo7t/public_html/doggy/catalog/controller/extension/module/pavobuilder/inc/widgets/seller_product_list.php on line 33
[03-Jul-2018 06:47:41 UTC] PHP Parse error:  syntax error, unexpected ';', expecting ')' in /home/webapo7t/public_html/doggy/catalog/controller/extension/module/pavobuilder/inc/widgets/seller_product_list.php on line 33
[03-Jul-2018 06:47:42 UTC] PHP Parse error:  syntax error, unexpected ';', expecting ')' in /home/webapo7t/public_html/doggy/catalog/controller/extension/module/pavobuilder/inc/widgets/seller_product_list.php on line 33
[03-Jul-2018 06:47:42 UTC] PHP Parse error:  syntax error, unexpected ';', expecting ')' in /home/webapo7t/public_html/doggy/catalog/controller/extension/module/pavobuilder/inc/widgets/seller_product_list.php on line 33
[03-Jul-2018 06:49:18 UTC] PHP Parse error:  syntax error, unexpected ';', expecting ')' in /home/webapo7t/public_html/doggy/catalog/controller/extension/module/pavobuilder/inc/widgets/seller_product_list.php on line 33
[03-Jul-2018 07:29:23 UTC] PHP Fatal error:  Uncaught Twig_Error_Syntax: Unknown "html" filter in "default/template/extension/module/pavobuilder/pa_seller_product_list/seller_product_list.twig" at line 8. in /home/webapo7t/public_html/doggy/system/library/template/Twig/ExpressionParser.php:605
Stack trace:
#0 /home/webapo7t/public_html/doggy/system/library/template/Twig/ExpressionParser.php(458): Twig_ExpressionParser->getFilterNodeClass('html', 8)
#1 /home/webapo7t/public_html/doggy/system/library/template/Twig/ExpressionParser.php(443): Twig_ExpressionParser->parseFilterExpressionRaw(Object(Twig_Node_Expression_GetAttr))
#2 /home/webapo7t/public_html/doggy/system/library/template/Twig/ExpressionParser.php(302): Twig_ExpressionParser->parseFilterExpression(Object(Twig_Node_Expression_GetAttr))
#3 /home/webapo7t/public_html/doggy/system/library/template/Twig/ExpressionParser.php(194): Twig_ExpressionParser->parsePostfixExpression(Object(Twig_Node_Expression_GetAttr))
#4 /home/webapo7t/public_html/doggy/system/library/template/Twig/ExpressionParser.php(8 in /home/webapo7t/public_html/doggy/system/library/template/Twig/ExpressionParser.php on line 605
[03-Jul-2018 07:29:25 UTC] PHP Fatal error:  Uncaught Twig_Error_Syntax: Unknown "html" filter in "default/template/extension/module/pavobuilder/pa_seller_product_list/seller_product_list.twig" at line 8. in /home/webapo7t/public_html/doggy/system/library/template/Twig/ExpressionParser.php:605
Stack trace:
#0 /home/webapo7t/public_html/doggy/system/library/template/Twig/ExpressionParser.php(458): Twig_ExpressionParser->getFilterNodeClass('html', 8)
#1 /home/webapo7t/public_html/doggy/system/library/template/Twig/ExpressionParser.php(443): Twig_ExpressionParser->parseFilterExpressionRaw(Object(Twig_Node_Expression_GetAttr))
#2 /home/webapo7t/public_html/doggy/system/library/template/Twig/ExpressionParser.php(302): Twig_ExpressionParser->parseFilterExpression(Object(Twig_Node_Expression_GetAttr))
#3 /home/webapo7t/public_html/doggy/system/library/template/Twig/ExpressionParser.php(194): Twig_ExpressionParser->parsePostfixExpression(Object(Twig_Node_Expression_GetAttr))
#4 /home/webapo7t/public_html/doggy/system/library/template/Twig/ExpressionParser.php(8 in /home/webapo7t/public_html/doggy/system/library/template/Twig/ExpressionParser.php on line 605
[03-Jul-2018 07:29:39 UTC] PHP Fatal error:  Uncaught Twig_Error_Syntax: Unknown "html" filter in "default/template/extension/module/pavobuilder/pa_seller_product_list/seller_product_list.twig" at line 8. in /home/webapo7t/public_html/doggy/system/library/template/Twig/ExpressionParser.php:605
Stack trace:
#0 /home/webapo7t/public_html/doggy/system/library/template/Twig/ExpressionParser.php(458): Twig_ExpressionParser->getFilterNodeClass('html', 8)
#1 /home/webapo7t/public_html/doggy/system/library/template/Twig/ExpressionParser.php(443): Twig_ExpressionParser->parseFilterExpressionRaw(Object(Twig_Node_Expression_GetAttr))
#2 /home/webapo7t/public_html/doggy/system/library/template/Twig/ExpressionParser.php(302): Twig_ExpressionParser->parseFilterExpression(Object(Twig_Node_Expression_GetAttr))
#3 /home/webapo7t/public_html/doggy/system/library/template/Twig/ExpressionParser.php(194): Twig_ExpressionParser->parsePostfixExpression(Object(Twig_Node_Expression_GetAttr))
#4 /home/webapo7t/public_html/doggy/system/library/template/Twig/ExpressionParser.php(8 in /home/webapo7t/public_html/doggy/system/library/template/Twig/ExpressionParser.php on line 605
[03-Jul-2018 07:34:45 UTC] PHP Fatal error:  Uncaught Twig_Error_Syntax: Unknown "dump" function in "pav_xstore/template/product/product.twig" at line 11. in /home/webapo7t/public_html/doggy/system/library/template/Twig/ExpressionParser.php:574
Stack trace:
#0 /home/webapo7t/public_html/doggy/system/library/template/Twig/ExpressionParser.php(351): Twig_ExpressionParser->getFunctionNodeClass('dump', 11)
#1 /home/webapo7t/public_html/doggy/system/library/template/Twig/ExpressionParser.php(144): Twig_ExpressionParser->getFunctionNode('dump', 11)
#2 /home/webapo7t/public_html/doggy/system/library/template/Twig/ExpressionParser.php(84): Twig_ExpressionParser->parsePrimaryExpression()
#3 /home/webapo7t/public_html/doggy/system/library/template/Twig/ExpressionParser.php(41): Twig_ExpressionParser->getPrimary()
#4 /home/webapo7t/public_html/doggy/system/library/template/Twig/Parser.php(144): Twig_ExpressionParser->parseExpression()
#5 /home/webapo7t/public_html/doggy/system/library/template/Twig/Parser.php(100): Twig_Parser->subparse(NULL, false)
#6 /home/webap in /home/webapo7t/public_html/doggy/system/library/template/Twig/ExpressionParser.php on line 574
[03-Jul-2018 07:34:47 UTC] PHP Fatal error:  Uncaught Twig_Error_Syntax: Unknown "dump" function in "pav_xstore/template/product/product.twig" at line 11. in /home/webapo7t/public_html/doggy/system/library/template/Twig/ExpressionParser.php:574
Stack trace:
#0 /home/webapo7t/public_html/doggy/system/library/template/Twig/ExpressionParser.php(351): Twig_ExpressionParser->getFunctionNodeClass('dump', 11)
#1 /home/webapo7t/public_html/doggy/system/library/template/Twig/ExpressionParser.php(144): Twig_ExpressionParser->getFunctionNode('dump', 11)
#2 /home/webapo7t/public_html/doggy/system/library/template/Twig/ExpressionParser.php(84): Twig_ExpressionParser->parsePrimaryExpression()
#3 /home/webapo7t/public_html/doggy/system/library/template/Twig/ExpressionParser.php(41): Twig_ExpressionParser->getPrimary()
#4 /home/webapo7t/public_html/doggy/system/library/template/Twig/Parser.php(144): Twig_ExpressionParser->parseExpression()
#5 /home/webapo7t/public_html/doggy/system/library/template/Twig/Parser.php(100): Twig_Parser->subparse(NULL, false)
#6 /home/webap in /home/webapo7t/public_html/doggy/system/library/template/Twig/ExpressionParser.php on line 574
[03-Jul-2018 07:35:33 UTC] PHP Fatal error:  Uncaught Twig_Error_Syntax: Unknown "dump" function in "pav_xstore/template/product/product.twig" at line 37. in /home/webapo7t/public_html/doggy/system/library/template/Twig/ExpressionParser.php:574
Stack trace:
#0 /home/webapo7t/public_html/doggy/system/library/template/Twig/ExpressionParser.php(351): Twig_ExpressionParser->getFunctionNodeClass('dump', 37)
#1 /home/webapo7t/public_html/doggy/system/library/template/Twig/ExpressionParser.php(144): Twig_ExpressionParser->getFunctionNode('dump', 37)
#2 /home/webapo7t/public_html/doggy/system/library/template/Twig/ExpressionParser.php(84): Twig_ExpressionParser->parsePrimaryExpression()
#3 /home/webapo7t/public_html/doggy/system/library/template/Twig/ExpressionParser.php(41): Twig_ExpressionParser->getPrimary()
#4 /home/webapo7t/public_html/doggy/system/library/template/Twig/Parser.php(144): Twig_ExpressionParser->parseExpression()
#5 /home/webapo7t/public_html/doggy/system/library/template/Twig/Parser.php(100): Twig_Parser->subparse(NULL, false)
#6 /home/webap in /home/webapo7t/public_html/doggy/system/library/template/Twig/ExpressionParser.php on line 574
[03-Jul-2018 07:35:34 UTC] PHP Fatal error:  Uncaught Twig_Error_Syntax: Unknown "dump" function in "pav_xstore/template/product/product.twig" at line 37. in /home/webapo7t/public_html/doggy/system/library/template/Twig/ExpressionParser.php:574
Stack trace:
#0 /home/webapo7t/public_html/doggy/system/library/template/Twig/ExpressionParser.php(351): Twig_ExpressionParser->getFunctionNodeClass('dump', 37)
#1 /home/webapo7t/public_html/doggy/system/library/template/Twig/ExpressionParser.php(144): Twig_ExpressionParser->getFunctionNode('dump', 37)
#2 /home/webapo7t/public_html/doggy/system/library/template/Twig/ExpressionParser.php(84): Twig_ExpressionParser->parsePrimaryExpression()
#3 /home/webapo7t/public_html/doggy/system/library/template/Twig/ExpressionParser.php(41): Twig_ExpressionParser->getPrimary()
#4 /home/webapo7t/public_html/doggy/system/library/template/Twig/Parser.php(144): Twig_ExpressionParser->parseExpression()
#5 /home/webapo7t/public_html/doggy/system/library/template/Twig/Parser.php(100): Twig_Parser->subparse(NULL, false)
#6 /home/webap in /home/webapo7t/public_html/doggy/system/library/template/Twig/ExpressionParser.php on line 574
[03-Jul-2018 07:35:35 UTC] PHP Fatal error:  Uncaught Twig_Error_Syntax: Unknown "dump" function in "pav_xstore/template/product/product.twig" at line 37. in /home/webapo7t/public_html/doggy/system/library/template/Twig/ExpressionParser.php:574
Stack trace:
#0 /home/webapo7t/public_html/doggy/system/library/template/Twig/ExpressionParser.php(351): Twig_ExpressionParser->getFunctionNodeClass('dump', 37)
#1 /home/webapo7t/public_html/doggy/system/library/template/Twig/ExpressionParser.php(144): Twig_ExpressionParser->getFunctionNode('dump', 37)
#2 /home/webapo7t/public_html/doggy/system/library/template/Twig/ExpressionParser.php(84): Twig_ExpressionParser->parsePrimaryExpression()
#3 /home/webapo7t/public_html/doggy/system/library/template/Twig/ExpressionParser.php(41): Twig_ExpressionParser->getPrimary()
#4 /home/webapo7t/public_html/doggy/system/library/template/Twig/Parser.php(144): Twig_ExpressionParser->parseExpression()
#5 /home/webapo7t/public_html/doggy/system/library/template/Twig/Parser.php(100): Twig_Parser->subparse(NULL, false)
#6 /home/webap in /home/webapo7t/public_html/doggy/system/library/template/Twig/ExpressionParser.php on line 574
[03-Jul-2018 07:35:50 UTC] PHP Fatal error:  Uncaught Twig_Error_Syntax: Unknown "dump" function in "pav_xstore/template/product/product.twig" at line 37. in /home/webapo7t/public_html/doggy/system/library/template/Twig/ExpressionParser.php:574
Stack trace:
#0 /home/webapo7t/public_html/doggy/system/library/template/Twig/ExpressionParser.php(351): Twig_ExpressionParser->getFunctionNodeClass('dump', 37)
#1 /home/webapo7t/public_html/doggy/system/library/template/Twig/ExpressionParser.php(144): Twig_ExpressionParser->getFunctionNode('dump', 37)
#2 /home/webapo7t/public_html/doggy/system/library/template/Twig/ExpressionParser.php(84): Twig_ExpressionParser->parsePrimaryExpression()
#3 /home/webapo7t/public_html/doggy/system/library/template/Twig/ExpressionParser.php(41): Twig_ExpressionParser->getPrimary()
#4 /home/webapo7t/public_html/doggy/system/library/template/Twig/Parser.php(144): Twig_ExpressionParser->parseExpression()
#5 /home/webapo7t/public_html/doggy/system/library/template/Twig/Parser.php(100): Twig_Parser->subparse(NULL, false)
#6 /home/webap in /home/webapo7t/public_html/doggy/system/library/template/Twig/ExpressionParser.php on line 574
[03-Jul-2018 07:35:53 UTC] PHP Fatal error:  Uncaught Twig_Error_Syntax: Unknown "dump" function in "pav_xstore/template/product/product.twig" at line 37. in /home/webapo7t/public_html/doggy/system/library/template/Twig/ExpressionParser.php:574
Stack trace:
#0 /home/webapo7t/public_html/doggy/system/library/template/Twig/ExpressionParser.php(351): Twig_ExpressionParser->getFunctionNodeClass('dump', 37)
#1 /home/webapo7t/public_html/doggy/system/library/template/Twig/ExpressionParser.php(144): Twig_ExpressionParser->getFunctionNode('dump', 37)
#2 /home/webapo7t/public_html/doggy/system/library/template/Twig/ExpressionParser.php(84): Twig_ExpressionParser->parsePrimaryExpression()
#3 /home/webapo7t/public_html/doggy/system/library/template/Twig/ExpressionParser.php(41): Twig_ExpressionParser->getPrimary()
#4 /home/webapo7t/public_html/doggy/system/library/template/Twig/Parser.php(144): Twig_ExpressionParser->parseExpression()
#5 /home/webapo7t/public_html/doggy/system/library/template/Twig/Parser.php(100): Twig_Parser->subparse(NULL, false)
#6 /home/webap in /home/webapo7t/public_html/doggy/system/library/template/Twig/ExpressionParser.php on line 574
[03-Jul-2018 07:35:53 UTC] PHP Fatal error:  Uncaught Twig_Error_Syntax: Unknown "dump" function in "pav_xstore/template/product/product.twig" at line 37. in /home/webapo7t/public_html/doggy/system/library/template/Twig/ExpressionParser.php:574
Stack trace:
#0 /home/webapo7t/public_html/doggy/system/library/template/Twig/ExpressionParser.php(351): Twig_ExpressionParser->getFunctionNodeClass('dump', 37)
#1 /home/webapo7t/public_html/doggy/system/library/template/Twig/ExpressionParser.php(144): Twig_ExpressionParser->getFunctionNode('dump', 37)
#2 /home/webapo7t/public_html/doggy/system/library/template/Twig/ExpressionParser.php(84): Twig_ExpressionParser->parsePrimaryExpression()
#3 /home/webapo7t/public_html/doggy/system/library/template/Twig/ExpressionParser.php(41): Twig_ExpressionParser->getPrimary()
#4 /home/webapo7t/public_html/doggy/system/library/template/Twig/Parser.php(144): Twig_ExpressionParser->parseExpression()
#5 /home/webapo7t/public_html/doggy/system/library/template/Twig/Parser.php(100): Twig_Parser->subparse(NULL, false)
#6 /home/webap in /home/webapo7t/public_html/doggy/system/library/template/Twig/ExpressionParser.php on line 574
[03-Jul-2018 07:35:54 UTC] PHP Fatal error:  Uncaught Twig_Error_Syntax: Unknown "dump" function in "pav_xstore/template/product/product.twig" at line 37. in /home/webapo7t/public_html/doggy/system/library/template/Twig/ExpressionParser.php:574
Stack trace:
#0 /home/webapo7t/public_html/doggy/system/library/template/Twig/ExpressionParser.php(351): Twig_ExpressionParser->getFunctionNodeClass('dump', 37)
#1 /home/webapo7t/public_html/doggy/system/library/template/Twig/ExpressionParser.php(144): Twig_ExpressionParser->getFunctionNode('dump', 37)
#2 /home/webapo7t/public_html/doggy/system/library/template/Twig/ExpressionParser.php(84): Twig_ExpressionParser->parsePrimaryExpression()
#3 /home/webapo7t/public_html/doggy/system/library/template/Twig/ExpressionParser.php(41): Twig_ExpressionParser->getPrimary()
#4 /home/webapo7t/public_html/doggy/system/library/template/Twig/Parser.php(144): Twig_ExpressionParser->parseExpression()
#5 /home/webapo7t/public_html/doggy/system/library/template/Twig/Parser.php(100): Twig_Parser->subparse(NULL, false)
#6 /home/webap in /home/webapo7t/public_html/doggy/system/library/template/Twig/ExpressionParser.php on line 574
[03-Jul-2018 07:35:54 UTC] PHP Fatal error:  Uncaught Twig_Error_Syntax: Unknown "dump" function in "pav_xstore/template/product/product.twig" at line 37. in /home/webapo7t/public_html/doggy/system/library/template/Twig/ExpressionParser.php:574
Stack trace:
#0 /home/webapo7t/public_html/doggy/system/library/template/Twig/ExpressionParser.php(351): Twig_ExpressionParser->getFunctionNodeClass('dump', 37)
#1 /home/webapo7t/public_html/doggy/system/library/template/Twig/ExpressionParser.php(144): Twig_ExpressionParser->getFunctionNode('dump', 37)
#2 /home/webapo7t/public_html/doggy/system/library/template/Twig/ExpressionParser.php(84): Twig_ExpressionParser->parsePrimaryExpression()
#3 /home/webapo7t/public_html/doggy/system/library/template/Twig/ExpressionParser.php(41): Twig_ExpressionParser->getPrimary()
#4 /home/webapo7t/public_html/doggy/system/library/template/Twig/Parser.php(144): Twig_ExpressionParser->parseExpression()
#5 /home/webapo7t/public_html/doggy/system/library/template/Twig/Parser.php(100): Twig_Parser->subparse(NULL, false)
#6 /home/webap in /home/webapo7t/public_html/doggy/system/library/template/Twig/ExpressionParser.php on line 574
[03-Jul-2018 07:36:22 UTC] PHP Fatal error:  Uncaught Twig_Error_Syntax: Unknown "dump" function in "pav_xstore/template/product/product.twig" at line 37. in /home/webapo7t/public_html/doggy/system/library/template/Twig/ExpressionParser.php:574
Stack trace:
#0 /home/webapo7t/public_html/doggy/system/library/template/Twig/ExpressionParser.php(351): Twig_ExpressionParser->getFunctionNodeClass('dump', 37)
#1 /home/webapo7t/public_html/doggy/system/library/template/Twig/ExpressionParser.php(144): Twig_ExpressionParser->getFunctionNode('dump', 37)
#2 /home/webapo7t/public_html/doggy/system/library/template/Twig/ExpressionParser.php(84): Twig_ExpressionParser->parsePrimaryExpression()
#3 /home/webapo7t/public_html/doggy/system/library/template/Twig/ExpressionParser.php(41): Twig_ExpressionParser->getPrimary()
#4 /home/webapo7t/public_html/doggy/system/library/template/Twig/Parser.php(144): Twig_ExpressionParser->parseExpression()
#5 /home/webapo7t/public_html/doggy/system/library/template/Twig/Parser.php(100): Twig_Parser->subparse(NULL, false)
#6 /home/webap in /home/webapo7t/public_html/doggy/system/library/template/Twig/ExpressionParser.php on line 574
[03-Jul-2018 07:36:48 UTC] PHP Fatal error:  Uncaught Twig_Error_Syntax: Unknown "dump" function in "pav_xstore/template/product/product.twig" at line 37. in /home/webapo7t/public_html/doggy/system/library/template/Twig/ExpressionParser.php:574
Stack trace:
#0 /home/webapo7t/public_html/doggy/system/library/template/Twig/ExpressionParser.php(351): Twig_ExpressionParser->getFunctionNodeClass('dump', 37)
#1 /home/webapo7t/public_html/doggy/system/library/template/Twig/ExpressionParser.php(144): Twig_ExpressionParser->getFunctionNode('dump', 37)
#2 /home/webapo7t/public_html/doggy/system/library/template/Twig/ExpressionParser.php(84): Twig_ExpressionParser->parsePrimaryExpression()
#3 /home/webapo7t/public_html/doggy/system/library/template/Twig/ExpressionParser.php(41): Twig_ExpressionParser->getPrimary()
#4 /home/webapo7t/public_html/doggy/system/library/template/Twig/Parser.php(144): Twig_ExpressionParser->parseExpression()
#5 /home/webapo7t/public_html/doggy/system/library/template/Twig/Parser.php(100): Twig_Parser->subparse(NULL, false)
#6 /home/webap in /home/webapo7t/public_html/doggy/system/library/template/Twig/ExpressionParser.php on line 574
[03-Jul-2018 07:36:54 UTC] PHP Fatal error:  Uncaught Twig_Error_Syntax: Unknown "dump" function in "pav_xstore/template/product/product.twig" at line 37. in /home/webapo7t/public_html/doggy/system/library/template/Twig/ExpressionParser.php:574
Stack trace:
#0 /home/webapo7t/public_html/doggy/system/library/template/Twig/ExpressionParser.php(351): Twig_ExpressionParser->getFunctionNodeClass('dump', 37)
#1 /home/webapo7t/public_html/doggy/system/library/template/Twig/ExpressionParser.php(144): Twig_ExpressionParser->getFunctionNode('dump', 37)
#2 /home/webapo7t/public_html/doggy/system/library/template/Twig/ExpressionParser.php(84): Twig_ExpressionParser->parsePrimaryExpression()
#3 /home/webapo7t/public_html/doggy/system/library/template/Twig/ExpressionParser.php(41): Twig_ExpressionParser->getPrimary()
#4 /home/webapo7t/public_html/doggy/system/library/template/Twig/Parser.php(144): Twig_ExpressionParser->parseExpression()
#5 /home/webapo7t/public_html/doggy/system/library/template/Twig/Parser.php(100): Twig_Parser->subparse(NULL, false)
#6 /home/webap in /home/webapo7t/public_html/doggy/system/library/template/Twig/ExpressionParser.php on line 574
[03-Jul-2018 08:40:39 UTC] PHP Fatal error:  Cannot declare class PA_Widget_Product_List, because the name is already in use in /home/webapo7t/public_html/doggy/catalog/controller/extension/module/pavobuilder/inc/widgets/product_list.php on line 677
[03-Jul-2018 08:40:42 UTC] PHP Fatal error:  Cannot declare class PA_Widget_Product_List, because the name is already in use in /home/webapo7t/public_html/doggy/catalog/controller/extension/module/pavobuilder/inc/widgets/product_list.php on line 677
[03-Jul-2018 08:40:42 UTC] PHP Fatal error:  Cannot declare class PA_Widget_Product_List, because the name is already in use in /home/webapo7t/public_html/doggy/catalog/controller/extension/module/pavobuilder/inc/widgets/product_list.php on line 677
[03-Jul-2018 08:40:43 UTC] PHP Fatal error:  Cannot declare class PA_Widget_Product_List, because the name is already in use in /home/webapo7t/public_html/doggy/catalog/controller/extension/module/pavobuilder/inc/widgets/product_list.php on line 677
[03-Jul-2018 08:40:58 UTC] PHP Fatal error:  Cannot declare class PA_Widget_Product_List, because the name is already in use in /home/webapo7t/public_html/doggy/catalog/controller/extension/module/pavobuilder/inc/widgets/product_list.php on line 677
[03-Jul-2018 08:41:07 UTC] PHP Fatal error:  Cannot declare class PA_Widget_Product_List, because the name is already in use in /home/webapo7t/public_html/doggy/catalog/controller/extension/module/pavobuilder/inc/widgets/product_list.php on line 677
[03-Jul-2018 08:41:08 UTC] PHP Fatal error:  Cannot declare class PA_Widget_Product_List, because the name is already in use in /home/webapo7t/public_html/doggy/catalog/controller/extension/module/pavobuilder/inc/widgets/product_list.php on line 677
[03-Jul-2018 08:41:09 UTC] PHP Fatal error:  Cannot declare class PA_Widget_Product_List, because the name is already in use in /home/webapo7t/public_html/doggy/catalog/controller/extension/module/pavobuilder/inc/widgets/product_list.php on line 677
[03-Jul-2018 08:41:09 UTC] PHP Fatal error:  Cannot declare class PA_Widget_Product_List, because the name is already in use in /home/webapo7t/public_html/doggy/catalog/controller/extension/module/pavobuilder/inc/widgets/product_list.php on line 677
[03-Jul-2018 08:41:14 UTC] PHP Fatal error:  Cannot declare class PA_Widget_Product_List, because the name is already in use in /home/webapo7t/public_html/doggy/catalog/controller/extension/module/pavobuilder/inc/widgets/product_list.php on line 677
[03-Jul-2018 08:41:14 UTC] PHP Fatal error:  Cannot declare class PA_Widget_Product_List, because the name is already in use in /home/webapo7t/public_html/doggy/catalog/controller/extension/module/pavobuilder/inc/widgets/product_list.php on line 677
[03-Jul-2018 08:41:15 UTC] PHP Fatal error:  Cannot declare class PA_Widget_Product_List, because the name is already in use in /home/webapo7t/public_html/doggy/catalog/controller/extension/module/pavobuilder/inc/widgets/product_list.php on line 677
[03-Jul-2018 08:41:16 UTC] PHP Fatal error:  Cannot declare class PA_Widget_Product_List, because the name is already in use in /home/webapo7t/public_html/doggy/catalog/controller/extension/module/pavobuilder/inc/widgets/product_list.php on line 677
[03-Jul-2018 08:41:20 UTC] PHP Fatal error:  Cannot declare class PA_Widget_Product_List, because the name is already in use in /home/webapo7t/public_html/doggy/catalog/controller/extension/module/pavobuilder/inc/widgets/product_list.php on line 677
[03-Jul-2018 08:41:33 UTC] PHP Fatal error:  Cannot declare class PA_Widget_Product_List, because the name is already in use in /home/webapo7t/public_html/doggy/catalog/controller/extension/module/pavobuilder/inc/widgets/product_list.php on line 677
[03-Jul-2018 08:41:37 UTC] PHP Fatal error:  Cannot declare class PA_Widget_Product_List, because the name is already in use in /home/webapo7t/public_html/doggy/catalog/controller/extension/module/pavobuilder/inc/widgets/product_list.php on line 677
[03-Jul-2018 08:41:37 UTC] PHP Fatal error:  Cannot declare class PA_Widget_Product_List, because the name is already in use in /home/webapo7t/public_html/doggy/catalog/controller/extension/module/pavobuilder/inc/widgets/product_list.php on line 677
[03-Jul-2018 08:41:38 UTC] PHP Fatal error:  Cannot declare class PA_Widget_Product_List, because the name is already in use in /home/webapo7t/public_html/doggy/catalog/controller/extension/module/pavobuilder/inc/widgets/product_list.php on line 677
[03-Jul-2018 08:41:38 UTC] PHP Fatal error:  Cannot declare class PA_Widget_Product_List, because the name is already in use in /home/webapo7t/public_html/doggy/catalog/controller/extension/module/pavobuilder/inc/widgets/product_list.php on line 677
[03-Jul-2018 08:41:38 UTC] PHP Fatal error:  Cannot declare class PA_Widget_Product_List, because the name is already in use in /home/webapo7t/public_html/doggy/catalog/controller/extension/module/pavobuilder/inc/widgets/product_list.php on line 677
[03-Jul-2018 08:41:41 UTC] PHP Fatal error:  Cannot declare class PA_Widget_Product_List, because the name is already in use in /home/webapo7t/public_html/doggy/catalog/controller/extension/module/pavobuilder/inc/widgets/product_list.php on line 677
[03-Jul-2018 08:41:43 UTC] PHP Fatal error:  Cannot declare class PA_Widget_Product_List, because the name is already in use in /home/webapo7t/public_html/doggy/catalog/controller/extension/module/pavobuilder/inc/widgets/product_list.php on line 677
[03-Jul-2018 08:41:54 UTC] PHP Fatal error:  Cannot declare class PA_Widget_Product_List, because the name is already in use in /home/webapo7t/public_html/doggy/catalog/controller/extension/module/pavobuilder/inc/widgets/product_list.php on line 677
[03-Jul-2018 08:41:55 UTC] PHP Fatal error:  Cannot declare class PA_Widget_Product_List, because the name is already in use in /home/webapo7t/public_html/doggy/catalog/controller/extension/module/pavobuilder/inc/widgets/product_list.php on line 677
[03-Jul-2018 08:41:55 UTC] PHP Fatal error:  Cannot declare class PA_Widget_Product_List, because the name is already in use in /home/webapo7t/public_html/doggy/catalog/controller/extension/module/pavobuilder/inc/widgets/product_list.php on line 677
[03-Jul-2018 08:41:55 UTC] PHP Fatal error:  Cannot declare class PA_Widget_Product_List, because the name is already in use in /home/webapo7t/public_html/doggy/catalog/controller/extension/module/pavobuilder/inc/widgets/product_list.php on line 677
[03-Jul-2018 08:41:56 UTC] PHP Fatal error:  Cannot declare class PA_Widget_Product_List, because the name is already in use in /home/webapo7t/public_html/doggy/catalog/controller/extension/module/pavobuilder/inc/widgets/product_list.php on line 677
[03-Jul-2018 08:42:00 UTC] PHP Fatal error:  Cannot declare class PA_Widget_Product_List, because the name is already in use in /home/webapo7t/public_html/doggy/catalog/controller/extension/module/pavobuilder/inc/widgets/product_list.php on line 677
[03-Jul-2018 08:42:03 UTC] PHP Fatal error:  Cannot declare class PA_Widget_Product_List, because the name is already in use in /home/webapo7t/public_html/doggy/catalog/controller/extension/module/pavobuilder/inc/widgets/product_list.php on line 677
[03-Jul-2018 08:42:05 UTC] PHP Fatal error:  Cannot declare class PA_Widget_Product_List, because the name is already in use in /home/webapo7t/public_html/doggy/catalog/controller/extension/module/pavobuilder/inc/widgets/product_list.php on line 677
[03-Jul-2018 08:46:53 UTC] PHP Fatal error:  Cannot declare class PA_Widget_Seller_Product_List, because the name is already in use in /home/webapo7t/public_html/doggy/catalog/controller/extension/module/pavobuilder/inc/widgets/seller_product_list.php on line 698
[03-Jul-2018 08:46:59 UTC] PHP Fatal error:  Cannot declare class PA_Widget_Seller_Product_List, because the name is already in use in /home/webapo7t/public_html/doggy/catalog/controller/extension/module/pavobuilder/inc/widgets/seller_product_list.php on line 698
[03-Jul-2018 08:47:00 UTC] PHP Fatal error:  Cannot declare class PA_Widget_Seller_Product_List, because the name is already in use in /home/webapo7t/public_html/doggy/catalog/controller/extension/module/pavobuilder/inc/widgets/seller_product_list.php on line 698
[03-Jul-2018 08:47:00 UTC] PHP Fatal error:  Cannot declare class PA_Widget_Seller_Product_List, because the name is already in use in /home/webapo7t/public_html/doggy/catalog/controller/extension/module/pavobuilder/inc/widgets/seller_product_list.php on line 698
[03-Jul-2018 08:47:01 UTC] PHP Fatal error:  Cannot declare class PA_Widget_Seller_Product_List, because the name is already in use in /home/webapo7t/public_html/doggy/catalog/controller/extension/module/pavobuilder/inc/widgets/seller_product_list.php on line 698
[03-Jul-2018 08:47:01 UTC] PHP Fatal error:  Cannot declare class PA_Widget_Seller_Product_List, because the name is already in use in /home/webapo7t/public_html/doggy/catalog/controller/extension/module/pavobuilder/inc/widgets/seller_product_list.php on line 698
[03-Jul-2018 08:47:02 UTC] PHP Fatal error:  Cannot declare class PA_Widget_Seller_Product_List, because the name is already in use in /home/webapo7t/public_html/doggy/catalog/controller/extension/module/pavobuilder/inc/widgets/seller_product_list.php on line 698
[03-Jul-2018 08:47:02 UTC] PHP Fatal error:  Cannot declare class PA_Widget_Seller_Product_List, because the name is already in use in /home/webapo7t/public_html/doggy/catalog/controller/extension/module/pavobuilder/inc/widgets/seller_product_list.php on line 698
[03-Jul-2018 08:47:02 UTC] PHP Fatal error:  Cannot declare class PA_Widget_Seller_Product_List, because the name is already in use in /home/webapo7t/public_html/doggy/catalog/controller/extension/module/pavobuilder/inc/widgets/seller_product_list.php on line 698
[03-Jul-2018 08:47:02 UTC] PHP Fatal error:  Cannot declare class PA_Widget_Seller_Product_List, because the name is already in use in /home/webapo7t/public_html/doggy/catalog/controller/extension/module/pavobuilder/inc/widgets/seller_product_list.php on line 698
[03-Jul-2018 08:47:02 UTC] PHP Fatal error:  Cannot declare class PA_Widget_Seller_Product_List, because the name is already in use in /home/webapo7t/public_html/doggy/catalog/controller/extension/module/pavobuilder/inc/widgets/seller_product_list.php on line 698
[03-Jul-2018 08:47:02 UTC] PHP Fatal error:  Cannot declare class PA_Widget_Seller_Product_List, because the name is already in use in /home/webapo7t/public_html/doggy/catalog/controller/extension/module/pavobuilder/inc/widgets/seller_product_list.php on line 698
[03-Jul-2018 08:47:02 UTC] PHP Fatal error:  Cannot declare class PA_Widget_Seller_Product_List, because the name is already in use in /home/webapo7t/public_html/doggy/catalog/controller/extension/module/pavobuilder/inc/widgets/seller_product_list.php on line 698
[03-Jul-2018 08:47:02 UTC] PHP Fatal error:  Cannot declare class PA_Widget_Seller_Product_List, because the name is already in use in /home/webapo7t/public_html/doggy/catalog/controller/extension/module/pavobuilder/inc/widgets/seller_product_list.php on line 698
[03-Jul-2018 08:47:02 UTC] PHP Fatal error:  Cannot declare class PA_Widget_Seller_Product_List, because the name is already in use in /home/webapo7t/public_html/doggy/catalog/controller/extension/module/pavobuilder/inc/widgets/seller_product_list.php on line 698
[03-Jul-2018 08:47:16 UTC] PHP Fatal error:  Cannot declare class PA_Widget_Seller_Product_List, because the name is already in use in /home/webapo7t/public_html/doggy/catalog/controller/extension/module/pavobuilder/inc/widgets/seller_product_list.php on line 698
[03-Jul-2018 08:47:16 UTC] PHP Fatal error:  Cannot declare class PA_Widget_Seller_Product_List, because the name is already in use in /home/webapo7t/public_html/doggy/catalog/controller/extension/module/pavobuilder/inc/widgets/seller_product_list.php on line 698
[03-Jul-2018 08:47:17 UTC] PHP Fatal error:  Cannot declare class PA_Widget_Seller_Product_List, because the name is already in use in /home/webapo7t/public_html/doggy/catalog/controller/extension/module/pavobuilder/inc/widgets/seller_product_list.php on line 698
[03-Jul-2018 08:47:17 UTC] PHP Fatal error:  Cannot declare class PA_Widget_Seller_Product_List, because the name is already in use in /home/webapo7t/public_html/doggy/catalog/controller/extension/module/pavobuilder/inc/widgets/seller_product_list.php on line 698
[03-Jul-2018 08:47:18 UTC] PHP Fatal error:  Cannot declare class PA_Widget_Seller_Product_List, because the name is already in use in /home/webapo7t/public_html/doggy/catalog/controller/extension/module/pavobuilder/inc/widgets/seller_product_list.php on line 698
[03-Jul-2018 08:47:23 UTC] PHP Fatal error:  Cannot declare class PA_Widget_Seller_Product_List, because the name is already in use in /home/webapo7t/public_html/doggy/catalog/controller/extension/module/pavobuilder/inc/widgets/seller_product_list.php on line 698
[03-Jul-2018 08:47:26 UTC] PHP Fatal error:  Cannot declare class PA_Widget_Seller_Product_List, because the name is already in use in /home/webapo7t/public_html/doggy/catalog/controller/extension/module/pavobuilder/inc/widgets/seller_product_list.php on line 698
[03-Jul-2018 08:47:26 UTC] PHP Fatal error:  Cannot declare class PA_Widget_Seller_Product_List, because the name is already in use in /home/webapo7t/public_html/doggy/catalog/controller/extension/module/pavobuilder/inc/widgets/seller_product_list.php on line 698
[03-Jul-2018 08:47:27 UTC] PHP Fatal error:  Cannot declare class PA_Widget_Seller_Product_List, because the name is already in use in /home/webapo7t/public_html/doggy/catalog/controller/extension/module/pavobuilder/inc/widgets/seller_product_list.php on line 698
[03-Jul-2018 08:47:27 UTC] PHP Fatal error:  Cannot declare class PA_Widget_Seller_Product_List, because the name is already in use in /home/webapo7t/public_html/doggy/catalog/controller/extension/module/pavobuilder/inc/widgets/seller_product_list.php on line 698
[03-Jul-2018 08:47:32 UTC] PHP Fatal error:  Cannot declare class PA_Widget_Seller_Product_List, because the name is already in use in /home/webapo7t/public_html/doggy/catalog/controller/extension/module/pavobuilder/inc/widgets/seller_product_list.php on line 698
[03-Jul-2018 08:48:12 UTC] PHP Fatal error:  Cannot declare class PA_Widget_Seller_Product_List, because the name is already in use in /home/webapo7t/public_html/doggy/catalog/controller/extension/module/pavobuilder/inc/widgets/seller_product_list.php on line 698
[03-Jul-2018 11:04:50 UTC] PHP Parse error:  syntax error, unexpected '$address_data' (T_VARIABLE) in /home/webapo7t/public_html/doggy/catalog/controller/extension/module/pavobuilder/inc/widgets/multiple_seller_list.php on line 348
[03-Jul-2018 11:04:51 UTC] PHP Parse error:  syntax error, unexpected '$address_data' (T_VARIABLE) in /home/webapo7t/public_html/doggy/catalog/controller/extension/module/pavobuilder/inc/widgets/multiple_seller_list.php on line 348
[03-Jul-2018 11:04:54 UTC] PHP Parse error:  syntax error, unexpected '$address_data' (T_VARIABLE) in /home/webapo7t/public_html/doggy/catalog/controller/extension/module/pavobuilder/inc/widgets/multiple_seller_list.php on line 348
[03-Jul-2018 11:04:56 UTC] PHP Parse error:  syntax error, unexpected '$address_data' (T_VARIABLE) in /home/webapo7t/public_html/doggy/catalog/controller/extension/module/pavobuilder/inc/widgets/multiple_seller_list.php on line 348
[03-Jul-2018 11:05:02 UTC] PHP Parse error:  syntax error, unexpected '$address_data' (T_VARIABLE) in /home/webapo7t/public_html/doggy/catalog/controller/extension/module/pavobuilder/inc/widgets/multiple_seller_list.php on line 348
[03-Jul-2018 11:05:09 UTC] PHP Parse error:  syntax error, unexpected '$address_data' (T_VARIABLE) in /home/webapo7t/public_html/doggy/catalog/controller/extension/module/pavobuilder/inc/widgets/multiple_seller_list.php on line 348
[03-Jul-2018 11:05:20 UTC] PHP Parse error:  syntax error, unexpected '$address_data' (T_VARIABLE) in /home/webapo7t/public_html/doggy/catalog/controller/extension/module/pavobuilder/inc/widgets/multiple_seller_list.php on line 348
[03-Jul-2018 11:05:26 UTC] PHP Parse error:  syntax error, unexpected '$address_data' (T_VARIABLE) in /home/webapo7t/public_html/doggy/catalog/controller/extension/module/pavobuilder/inc/widgets/multiple_seller_list.php on line 348
[03-Jul-2018 11:05:32 UTC] PHP Parse error:  syntax error, unexpected '$address_data' (T_VARIABLE) in /home/webapo7t/public_html/doggy/catalog/controller/extension/module/pavobuilder/inc/widgets/multiple_seller_list.php on line 348
[03-Jul-2018 11:05:39 UTC] PHP Parse error:  syntax error, unexpected '$address_data' (T_VARIABLE) in /home/webapo7t/public_html/doggy/catalog/controller/extension/module/pavobuilder/inc/widgets/multiple_seller_list.php on line 348
[03-Jul-2018 11:05:48 UTC] PHP Parse error:  syntax error, unexpected '$address_data' (T_VARIABLE) in /home/webapo7t/public_html/doggy/catalog/controller/extension/module/pavobuilder/inc/widgets/multiple_seller_list.php on line 348
[03-Jul-2018 11:05:50 UTC] PHP Parse error:  syntax error, unexpected '$address_data' (T_VARIABLE) in /home/webapo7t/public_html/doggy/catalog/controller/extension/module/pavobuilder/inc/widgets/multiple_seller_list.php on line 348
[03-Jul-2018 11:05:56 UTC] PHP Parse error:  syntax error, unexpected '$address_data' (T_VARIABLE) in /home/webapo7t/public_html/doggy/catalog/controller/extension/module/pavobuilder/inc/widgets/multiple_seller_list.php on line 348
[03-Jul-2018 11:06:02 UTC] PHP Parse error:  syntax error, unexpected '$address_data' (T_VARIABLE) in /home/webapo7t/public_html/doggy/catalog/controller/extension/module/pavobuilder/inc/widgets/multiple_seller_list.php on line 348
[03-Jul-2018 11:06:09 UTC] PHP Parse error:  syntax error, unexpected '$address_data' (T_VARIABLE) in /home/webapo7t/public_html/doggy/catalog/controller/extension/module/pavobuilder/inc/widgets/multiple_seller_list.php on line 348
[03-Jul-2018 11:09:09 UTC] PHP Parse error:  syntax error, unexpected ',' in /home/webapo7t/public_html/doggy/catalog/controller/extension/module/pavobuilder/inc/widgets/multiple_seller_list.php on line 346
[03-Jul-2018 11:09:10 UTC] PHP Parse error:  syntax error, unexpected ',' in /home/webapo7t/public_html/doggy/catalog/controller/extension/module/pavobuilder/inc/widgets/multiple_seller_list.php on line 346
[03-Jul-2018 11:09:15 UTC] PHP Parse error:  syntax error, unexpected ',' in /home/webapo7t/public_html/doggy/catalog/controller/extension/module/pavobuilder/inc/widgets/multiple_seller_list.php on line 346
[03-Jul-2018 11:09:20 UTC] PHP Parse error:  syntax error, unexpected ',' in /home/webapo7t/public_html/doggy/catalog/controller/extension/module/pavobuilder/inc/widgets/multiple_seller_list.php on line 346
[03-Jul-2018 11:09:26 UTC] PHP Parse error:  syntax error, unexpected ',' in /home/webapo7t/public_html/doggy/catalog/controller/extension/module/pavobuilder/inc/widgets/multiple_seller_list.php on line 346
[03-Jul-2018 11:09:32 UTC] PHP Parse error:  syntax error, unexpected ',' in /home/webapo7t/public_html/doggy/catalog/controller/extension/module/pavobuilder/inc/widgets/multiple_seller_list.php on line 346
[03-Jul-2018 11:09:39 UTC] PHP Parse error:  syntax error, unexpected ',' in /home/webapo7t/public_html/doggy/catalog/controller/extension/module/pavobuilder/inc/widgets/multiple_seller_list.php on line 346
[04-Jul-2018 08:19:46 UTC] PHP Fatal error:  Uncaught Error: Call to a member function resize() on null in /home/webapo7t/storage/modification/catalog/controller/product/product.php:590
Stack trace:
#0 /home/webapo7t/storage/modification/system/engine/action.php(79): ControllerProductProduct->review()
#1 /home/webapo7t/public_html/doggy/catalog/controller/startup/router.php(25): Action->execute(Object(Registry))
#2 /home/webapo7t/storage/modification/system/engine/action.php(79): ControllerStartupRouter->index()
#3 /home/webapo7t/public_html/doggy/system/engine/router.php(67): Action->execute(Object(Registry))
#4 /home/webapo7t/public_html/doggy/system/engine/router.php(56): Router->execute(Object(Action))
#5 /home/webapo7t/public_html/doggy/system/framework.php(168): Router->dispatch(Object(Action), Object(Action))
#6 /home/webapo7t/public_html/doggy/system/startup.php(104): require_once('/home/webapo7t/...')
#7 /home/webapo7t/public_html/doggy/index.php(19): start('catalog')
#8 {main}
  thrown in /home/webapo7t/storage/modification/catalog/controller/product/product.php on line 590
[04-Jul-2018 08:19:57 UTC] PHP Fatal error:  Uncaught Error: Call to a member function resize() on null in /home/webapo7t/storage/modification/catalog/controller/product/product.php:590
Stack trace:
#0 /home/webapo7t/storage/modification/system/engine/action.php(79): ControllerProductProduct->review()
#1 /home/webapo7t/public_html/doggy/catalog/controller/startup/router.php(25): Action->execute(Object(Registry))
#2 /home/webapo7t/storage/modification/system/engine/action.php(79): ControllerStartupRouter->index()
#3 /home/webapo7t/public_html/doggy/system/engine/router.php(67): Action->execute(Object(Registry))
#4 /home/webapo7t/public_html/doggy/system/engine/router.php(56): Router->execute(Object(Action))
#5 /home/webapo7t/public_html/doggy/system/framework.php(168): Router->dispatch(Object(Action), Object(Action))
#6 /home/webapo7t/public_html/doggy/system/startup.php(104): require_once('/home/webapo7t/...')
#7 /home/webapo7t/public_html/doggy/index.php(19): start('catalog')
#8 {main}
  thrown in /home/webapo7t/storage/modification/catalog/controller/product/product.php on line 590
[04-Jul-2018 08:21:51 UTC] PHP Fatal error:  Uncaught Error: Call to a member function resize() on null in /home/webapo7t/storage/modification/catalog/controller/product/product.php:590
Stack trace:
#0 /home/webapo7t/storage/modification/system/engine/action.php(79): ControllerProductProduct->review()
#1 /home/webapo7t/public_html/doggy/catalog/controller/startup/router.php(25): Action->execute(Object(Registry))
#2 /home/webapo7t/storage/modification/system/engine/action.php(79): ControllerStartupRouter->index()
#3 /home/webapo7t/public_html/doggy/system/engine/router.php(67): Action->execute(Object(Registry))
#4 /home/webapo7t/public_html/doggy/system/engine/router.php(56): Router->execute(Object(Action))
#5 /home/webapo7t/public_html/doggy/system/framework.php(168): Router->dispatch(Object(Action), Object(Action))
#6 /home/webapo7t/public_html/doggy/system/startup.php(104): require_once('/home/webapo7t/...')
#7 /home/webapo7t/public_html/doggy/index.php(19): start('catalog')
#8 {main}
  thrown in /home/webapo7t/storage/modification/catalog/controller/product/product.php on line 590
[04-Jul-2018 10:52:56 UTC] PHP Fatal error:  Uncaught Error: Call to a member function resize() on null in /home/webapo7t/storage/modification/catalog/controller/product/product.php:208
Stack trace:
#0 /home/webapo7t/storage/modification/system/engine/action.php(79): ControllerProductProduct->index()
#1 /home/webapo7t/public_html/doggy/catalog/controller/startup/router.php(25): Action->execute(Object(Registry))
#2 /home/webapo7t/storage/modification/system/engine/action.php(79): ControllerStartupRouter->index()
#3 /home/webapo7t/public_html/doggy/system/engine/router.php(67): Action->execute(Object(Registry))
#4 /home/webapo7t/public_html/doggy/system/engine/router.php(56): Router->execute(Object(Action))
#5 /home/webapo7t/public_html/doggy/system/framework.php(168): Router->dispatch(Object(Action), Object(Action))
#6 /home/webapo7t/public_html/doggy/system/startup.php(104): require_once('/home/webapo7t/...')
#7 /home/webapo7t/public_html/doggy/index.php(19): start('catalog')
#8 {main}
  thrown in /home/webapo7t/storage/modification/catalog/controller/product/product.php on line 208
[04-Jul-2018 10:52:57 UTC] PHP Fatal error:  Uncaught Error: Call to a member function resize() on null in /home/webapo7t/storage/modification/catalog/controller/product/product.php:208
Stack trace:
#0 /home/webapo7t/storage/modification/system/engine/action.php(79): ControllerProductProduct->index()
#1 /home/webapo7t/public_html/doggy/catalog/controller/startup/router.php(25): Action->execute(Object(Registry))
#2 /home/webapo7t/storage/modification/system/engine/action.php(79): ControllerStartupRouter->index()
#3 /home/webapo7t/public_html/doggy/system/engine/router.php(67): Action->execute(Object(Registry))
#4 /home/webapo7t/public_html/doggy/system/engine/router.php(56): Router->execute(Object(Action))
#5 /home/webapo7t/public_html/doggy/system/framework.php(168): Router->dispatch(Object(Action), Object(Action))
#6 /home/webapo7t/public_html/doggy/system/startup.php(104): require_once('/home/webapo7t/...')
#7 /home/webapo7t/public_html/doggy/index.php(19): start('catalog')
#8 {main}
  thrown in /home/webapo7t/storage/modification/catalog/controller/product/product.php on line 208
[04-Jul-2018 10:52:58 UTC] PHP Fatal error:  Uncaught Error: Call to a member function resize() on null in /home/webapo7t/storage/modification/catalog/controller/product/product.php:208
Stack trace:
#0 /home/webapo7t/storage/modification/system/engine/action.php(79): ControllerProductProduct->index()
#1 /home/webapo7t/public_html/doggy/catalog/controller/startup/router.php(25): Action->execute(Object(Registry))
#2 /home/webapo7t/storage/modification/system/engine/action.php(79): ControllerStartupRouter->index()
#3 /home/webapo7t/public_html/doggy/system/engine/router.php(67): Action->execute(Object(Registry))
#4 /home/webapo7t/public_html/doggy/system/engine/router.php(56): Router->execute(Object(Action))
#5 /home/webapo7t/public_html/doggy/system/framework.php(168): Router->dispatch(Object(Action), Object(Action))
#6 /home/webapo7t/public_html/doggy/system/startup.php(104): require_once('/home/webapo7t/...')
#7 /home/webapo7t/public_html/doggy/index.php(19): start('catalog')
#8 {main}
  thrown in /home/webapo7t/storage/modification/catalog/controller/product/product.php on line 208
[04-Jul-2018 10:52:58 UTC] PHP Fatal error:  Uncaught Error: Call to a member function resize() on null in /home/webapo7t/storage/modification/catalog/controller/product/product.php:208
Stack trace:
#0 /home/webapo7t/storage/modification/system/engine/action.php(79): ControllerProductProduct->index()
#1 /home/webapo7t/public_html/doggy/catalog/controller/startup/router.php(25): Action->execute(Object(Registry))
#2 /home/webapo7t/storage/modification/system/engine/action.php(79): ControllerStartupRouter->index()
#3 /home/webapo7t/public_html/doggy/system/engine/router.php(67): Action->execute(Object(Registry))
#4 /home/webapo7t/public_html/doggy/system/engine/router.php(56): Router->execute(Object(Action))
#5 /home/webapo7t/public_html/doggy/system/framework.php(168): Router->dispatch(Object(Action), Object(Action))
#6 /home/webapo7t/public_html/doggy/system/startup.php(104): require_once('/home/webapo7t/...')
#7 /home/webapo7t/public_html/doggy/index.php(19): start('catalog')
#8 {main}
  thrown in /home/webapo7t/storage/modification/catalog/controller/product/product.php on line 208
[04-Jul-2018 10:52:58 UTC] PHP Fatal error:  Uncaught Error: Call to a member function resize() on null in /home/webapo7t/storage/modification/catalog/controller/product/product.php:208
Stack trace:
#0 /home/webapo7t/storage/modification/system/engine/action.php(79): ControllerProductProduct->index()
#1 /home/webapo7t/public_html/doggy/catalog/controller/startup/router.php(25): Action->execute(Object(Registry))
#2 /home/webapo7t/storage/modification/system/engine/action.php(79): ControllerStartupRouter->index()
#3 /home/webapo7t/public_html/doggy/system/engine/router.php(67): Action->execute(Object(Registry))
#4 /home/webapo7t/public_html/doggy/system/engine/router.php(56): Router->execute(Object(Action))
#5 /home/webapo7t/public_html/doggy/system/framework.php(168): Router->dispatch(Object(Action), Object(Action))
#6 /home/webapo7t/public_html/doggy/system/startup.php(104): require_once('/home/webapo7t/...')
#7 /home/webapo7t/public_html/doggy/index.php(19): start('catalog')
#8 {main}
  thrown in /home/webapo7t/storage/modification/catalog/controller/product/product.php on line 208
[04-Jul-2018 10:52:59 UTC] PHP Fatal error:  Uncaught Error: Call to a member function resize() on null in /home/webapo7t/storage/modification/catalog/controller/product/product.php:208
Stack trace:
#0 /home/webapo7t/storage/modification/system/engine/action.php(79): ControllerProductProduct->index()
#1 /home/webapo7t/public_html/doggy/catalog/controller/startup/router.php(25): Action->execute(Object(Registry))
#2 /home/webapo7t/storage/modification/system/engine/action.php(79): ControllerStartupRouter->index()
#3 /home/webapo7t/public_html/doggy/system/engine/router.php(67): Action->execute(Object(Registry))
#4 /home/webapo7t/public_html/doggy/system/engine/router.php(56): Router->execute(Object(Action))
#5 /home/webapo7t/public_html/doggy/system/framework.php(168): Router->dispatch(Object(Action), Object(Action))
#6 /home/webapo7t/public_html/doggy/system/startup.php(104): require_once('/home/webapo7t/...')
#7 /home/webapo7t/public_html/doggy/index.php(19): start('catalog')
#8 {main}
  thrown in /home/webapo7t/storage/modification/catalog/controller/product/product.php on line 208
[04-Jul-2018 10:52:59 UTC] PHP Fatal error:  Uncaught Error: Call to a member function resize() on null in /home/webapo7t/storage/modification/catalog/controller/product/product.php:208
Stack trace:
#0 /home/webapo7t/storage/modification/system/engine/action.php(79): ControllerProductProduct->index()
#1 /home/webapo7t/public_html/doggy/catalog/controller/startup/router.php(25): Action->execute(Object(Registry))
#2 /home/webapo7t/storage/modification/system/engine/action.php(79): ControllerStartupRouter->index()
#3 /home/webapo7t/public_html/doggy/system/engine/router.php(67): Action->execute(Object(Registry))
#4 /home/webapo7t/public_html/doggy/system/engine/router.php(56): Router->execute(Object(Action))
#5 /home/webapo7t/public_html/doggy/system/framework.php(168): Router->dispatch(Object(Action), Object(Action))
#6 /home/webapo7t/public_html/doggy/system/startup.php(104): require_once('/home/webapo7t/...')
#7 /home/webapo7t/public_html/doggy/index.php(19): start('catalog')
#8 {main}
  thrown in /home/webapo7t/storage/modification/catalog/controller/product/product.php on line 208
[04-Jul-2018 10:54:27 UTC] PHP Fatal error:  Uncaught Error: Call to a member function resize() on null in /home/webapo7t/storage/modification/catalog/controller/product/product.php:208
Stack trace:
#0 /home/webapo7t/storage/modification/system/engine/action.php(79): ControllerProductProduct->index()
#1 /home/webapo7t/public_html/doggy/catalog/controller/startup/router.php(25): Action->execute(Object(Registry))
#2 /home/webapo7t/storage/modification/system/engine/action.php(79): ControllerStartupRouter->index()
#3 /home/webapo7t/public_html/doggy/system/engine/router.php(67): Action->execute(Object(Registry))
#4 /home/webapo7t/public_html/doggy/system/engine/router.php(56): Router->execute(Object(Action))
#5 /home/webapo7t/public_html/doggy/system/framework.php(168): Router->dispatch(Object(Action), Object(Action))
#6 /home/webapo7t/public_html/doggy/system/startup.php(104): require_once('/home/webapo7t/...')
#7 /home/webapo7t/public_html/doggy/index.php(19): start('catalog')
#8 {main}
  thrown in /home/webapo7t/storage/modification/catalog/controller/product/product.php on line 208
[04-Jul-2018 10:56:09 UTC] PHP Fatal error:  Uncaught Error: Call to a member function resize() on null in /home/webapo7t/storage/modification/catalog/controller/product/product.php:208
Stack trace:
#0 /home/webapo7t/storage/modification/system/engine/action.php(79): ControllerProductProduct->index()
#1 /home/webapo7t/public_html/doggy/catalog/controller/startup/router.php(25): Action->execute(Object(Registry))
#2 /home/webapo7t/storage/modification/system/engine/action.php(79): ControllerStartupRouter->index()
#3 /home/webapo7t/public_html/doggy/system/engine/router.php(67): Action->execute(Object(Registry))
#4 /home/webapo7t/public_html/doggy/system/engine/router.php(56): Router->execute(Object(Action))
#5 /home/webapo7t/public_html/doggy/system/framework.php(168): Router->dispatch(Object(Action), Object(Action))
#6 /home/webapo7t/public_html/doggy/system/startup.php(104): require_once('/home/webapo7t/...')
#7 /home/webapo7t/public_html/doggy/index.php(19): start('catalog')
#8 {main}
  thrown in /home/webapo7t/storage/modification/catalog/controller/product/product.php on line 208
[04-Jul-2018 10:56:14 UTC] PHP Fatal error:  Uncaught Error: Call to a member function resize() on null in /home/webapo7t/storage/modification/catalog/controller/product/product.php:208
Stack trace:
#0 /home/webapo7t/storage/modification/system/engine/action.php(79): ControllerProductProduct->index()
#1 /home/webapo7t/public_html/doggy/catalog/controller/startup/router.php(25): Action->execute(Object(Registry))
#2 /home/webapo7t/storage/modification/system/engine/action.php(79): ControllerStartupRouter->index()
#3 /home/webapo7t/public_html/doggy/system/engine/router.php(67): Action->execute(Object(Registry))
#4 /home/webapo7t/public_html/doggy/system/engine/router.php(56): Router->execute(Object(Action))
#5 /home/webapo7t/public_html/doggy/system/framework.php(168): Router->dispatch(Object(Action), Object(Action))
#6 /home/webapo7t/public_html/doggy/system/startup.php(104): require_once('/home/webapo7t/...')
#7 /home/webapo7t/public_html/doggy/index.php(19): start('catalog')
#8 {main}
  thrown in /home/webapo7t/storage/modification/catalog/controller/product/product.php on line 208
[04-Jul-2018 10:56:15 UTC] PHP Fatal error:  Uncaught Error: Call to a member function resize() on null in /home/webapo7t/storage/modification/catalog/controller/product/product.php:208
Stack trace:
#0 /home/webapo7t/storage/modification/system/engine/action.php(79): ControllerProductProduct->index()
#1 /home/webapo7t/public_html/doggy/catalog/controller/startup/router.php(25): Action->execute(Object(Registry))
#2 /home/webapo7t/storage/modification/system/engine/action.php(79): ControllerStartupRouter->index()
#3 /home/webapo7t/public_html/doggy/system/engine/router.php(67): Action->execute(Object(Registry))
#4 /home/webapo7t/public_html/doggy/system/engine/router.php(56): Router->execute(Object(Action))
#5 /home/webapo7t/public_html/doggy/system/framework.php(168): Router->dispatch(Object(Action), Object(Action))
#6 /home/webapo7t/public_html/doggy/system/startup.php(104): require_once('/home/webapo7t/...')
#7 /home/webapo7t/public_html/doggy/index.php(19): start('catalog')
#8 {main}
  thrown in /home/webapo7t/storage/modification/catalog/controller/product/product.php on line 208
[04-Jul-2018 10:56:15 UTC] PHP Fatal error:  Uncaught Error: Call to a member function resize() on null in /home/webapo7t/storage/modification/catalog/controller/product/product.php:208
Stack trace:
#0 /home/webapo7t/storage/modification/system/engine/action.php(79): ControllerProductProduct->index()
#1 /home/webapo7t/public_html/doggy/catalog/controller/startup/router.php(25): Action->execute(Object(Registry))
#2 /home/webapo7t/storage/modification/system/engine/action.php(79): ControllerStartupRouter->index()
#3 /home/webapo7t/public_html/doggy/system/engine/router.php(67): Action->execute(Object(Registry))
#4 /home/webapo7t/public_html/doggy/system/engine/router.php(56): Router->execute(Object(Action))
#5 /home/webapo7t/public_html/doggy/system/framework.php(168): Router->dispatch(Object(Action), Object(Action))
#6 /home/webapo7t/public_html/doggy/system/startup.php(104): require_once('/home/webapo7t/...')
#7 /home/webapo7t/public_html/doggy/index.php(19): start('catalog')
#8 {main}
  thrown in /home/webapo7t/storage/modification/catalog/controller/product/product.php on line 208
[04-Jul-2018 10:56:16 UTC] PHP Fatal error:  Uncaught Error: Call to a member function resize() on null in /home/webapo7t/storage/modification/catalog/controller/product/product.php:208
Stack trace:
#0 /home/webapo7t/storage/modification/system/engine/action.php(79): ControllerProductProduct->index()
#1 /home/webapo7t/public_html/doggy/catalog/controller/startup/router.php(25): Action->execute(Object(Registry))
#2 /home/webapo7t/storage/modification/system/engine/action.php(79): ControllerStartupRouter->index()
#3 /home/webapo7t/public_html/doggy/system/engine/router.php(67): Action->execute(Object(Registry))
#4 /home/webapo7t/public_html/doggy/system/engine/router.php(56): Router->execute(Object(Action))
#5 /home/webapo7t/public_html/doggy/system/framework.php(168): Router->dispatch(Object(Action), Object(Action))
#6 /home/webapo7t/public_html/doggy/system/startup.php(104): require_once('/home/webapo7t/...')
#7 /home/webapo7t/public_html/doggy/index.php(19): start('catalog')
#8 {main}
  thrown in /home/webapo7t/storage/modification/catalog/controller/product/product.php on line 208
[04-Jul-2018 10:58:06 UTC] PHP Fatal error:  Uncaught Error: Call to a member function resize() on null in /home/webapo7t/storage/modification/catalog/controller/product/product.php:208
Stack trace:
#0 /home/webapo7t/storage/modification/system/engine/action.php(79): ControllerProductProduct->index()
#1 /home/webapo7t/public_html/doggy/catalog/controller/startup/router.php(25): Action->execute(Object(Registry))
#2 /home/webapo7t/storage/modification/system/engine/action.php(79): ControllerStartupRouter->index()
#3 /home/webapo7t/public_html/doggy/system/engine/router.php(67): Action->execute(Object(Registry))
#4 /home/webapo7t/public_html/doggy/system/engine/router.php(56): Router->execute(Object(Action))
#5 /home/webapo7t/public_html/doggy/system/framework.php(168): Router->dispatch(Object(Action), Object(Action))
#6 /home/webapo7t/public_html/doggy/system/startup.php(104): require_once('/home/webapo7t/...')
#7 /home/webapo7t/public_html/doggy/index.php(19): start('catalog')
#8 {main}
  thrown in /home/webapo7t/storage/modification/catalog/controller/product/product.php on line 208
[04-Jul-2018 10:58:08 UTC] PHP Fatal error:  Uncaught Error: Call to a member function resize() on null in /home/webapo7t/storage/modification/catalog/controller/product/product.php:208
Stack trace:
#0 /home/webapo7t/storage/modification/system/engine/action.php(79): ControllerProductProduct->index()
#1 /home/webapo7t/public_html/doggy/catalog/controller/startup/router.php(25): Action->execute(Object(Registry))
#2 /home/webapo7t/storage/modification/system/engine/action.php(79): ControllerStartupRouter->index()
#3 /home/webapo7t/public_html/doggy/system/engine/router.php(67): Action->execute(Object(Registry))
#4 /home/webapo7t/public_html/doggy/system/engine/router.php(56): Router->execute(Object(Action))
#5 /home/webapo7t/public_html/doggy/system/framework.php(168): Router->dispatch(Object(Action), Object(Action))
#6 /home/webapo7t/public_html/doggy/system/startup.php(104): require_once('/home/webapo7t/...')
#7 /home/webapo7t/public_html/doggy/index.php(19): start('catalog')
#8 {main}
  thrown in /home/webapo7t/storage/modification/catalog/controller/product/product.php on line 208
[04-Jul-2018 10:58:09 UTC] PHP Fatal error:  Uncaught Error: Call to a member function resize() on null in /home/webapo7t/storage/modification/catalog/controller/product/product.php:208
Stack trace:
#0 /home/webapo7t/storage/modification/system/engine/action.php(79): ControllerProductProduct->index()
#1 /home/webapo7t/public_html/doggy/catalog/controller/startup/router.php(25): Action->execute(Object(Registry))
#2 /home/webapo7t/storage/modification/system/engine/action.php(79): ControllerStartupRouter->index()
#3 /home/webapo7t/public_html/doggy/system/engine/router.php(67): Action->execute(Object(Registry))
#4 /home/webapo7t/public_html/doggy/system/engine/router.php(56): Router->execute(Object(Action))
#5 /home/webapo7t/public_html/doggy/system/framework.php(168): Router->dispatch(Object(Action), Object(Action))
#6 /home/webapo7t/public_html/doggy/system/startup.php(104): require_once('/home/webapo7t/...')
#7 /home/webapo7t/public_html/doggy/index.php(19): start('catalog')
#8 {main}
  thrown in /home/webapo7t/storage/modification/catalog/controller/product/product.php on line 208
[04-Jul-2018 10:58:10 UTC] PHP Fatal error:  Uncaught Error: Call to a member function resize() on null in /home/webapo7t/storage/modification/catalog/controller/product/product.php:208
Stack trace:
#0 /home/webapo7t/storage/modification/system/engine/action.php(79): ControllerProductProduct->index()
#1 /home/webapo7t/public_html/doggy/catalog/controller/startup/router.php(25): Action->execute(Object(Registry))
#2 /home/webapo7t/storage/modification/system/engine/action.php(79): ControllerStartupRouter->index()
#3 /home/webapo7t/public_html/doggy/system/engine/router.php(67): Action->execute(Object(Registry))
#4 /home/webapo7t/public_html/doggy/system/engine/router.php(56): Router->execute(Object(Action))
#5 /home/webapo7t/public_html/doggy/system/framework.php(168): Router->dispatch(Object(Action), Object(Action))
#6 /home/webapo7t/public_html/doggy/system/startup.php(104): require_once('/home/webapo7t/...')
#7 /home/webapo7t/public_html/doggy/index.php(19): start('catalog')
#8 {main}
  thrown in /home/webapo7t/storage/modification/catalog/controller/product/product.php on line 208
[04-Jul-2018 10:58:10 UTC] PHP Fatal error:  Uncaught Error: Call to a member function resize() on null in /home/webapo7t/storage/modification/catalog/controller/product/product.php:208
Stack trace:
#0 /home/webapo7t/storage/modification/system/engine/action.php(79): ControllerProductProduct->index()
#1 /home/webapo7t/public_html/doggy/catalog/controller/startup/router.php(25): Action->execute(Object(Registry))
#2 /home/webapo7t/storage/modification/system/engine/action.php(79): ControllerStartupRouter->index()
#3 /home/webapo7t/public_html/doggy/system/engine/router.php(67): Action->execute(Object(Registry))
#4 /home/webapo7t/public_html/doggy/system/engine/router.php(56): Router->execute(Object(Action))
#5 /home/webapo7t/public_html/doggy/system/framework.php(168): Router->dispatch(Object(Action), Object(Action))
#6 /home/webapo7t/public_html/doggy/system/startup.php(104): require_once('/home/webapo7t/...')
#7 /home/webapo7t/public_html/doggy/index.php(19): start('catalog')
#8 {main}
  thrown in /home/webapo7t/storage/modification/catalog/controller/product/product.php on line 208
[04-Jul-2018 10:58:10 UTC] PHP Fatal error:  Uncaught Error: Call to a member function resize() on null in /home/webapo7t/storage/modification/catalog/controller/product/product.php:208
Stack trace:
#0 /home/webapo7t/storage/modification/system/engine/action.php(79): ControllerProductProduct->index()
#1 /home/webapo7t/public_html/doggy/catalog/controller/startup/router.php(25): Action->execute(Object(Registry))
#2 /home/webapo7t/storage/modification/system/engine/action.php(79): ControllerStartupRouter->index()
#3 /home/webapo7t/public_html/doggy/system/engine/router.php(67): Action->execute(Object(Registry))
#4 /home/webapo7t/public_html/doggy/system/engine/router.php(56): Router->execute(Object(Action))
#5 /home/webapo7t/public_html/doggy/system/framework.php(168): Router->dispatch(Object(Action), Object(Action))
#6 /home/webapo7t/public_html/doggy/system/startup.php(104): require_once('/home/webapo7t/...')
#7 /home/webapo7t/public_html/doggy/index.php(19): start('catalog')
#8 {main}
  thrown in /home/webapo7t/storage/modification/catalog/controller/product/product.php on line 208
[04-Jul-2018 10:58:10 UTC] PHP Fatal error:  Uncaught Error: Call to a member function resize() on null in /home/webapo7t/storage/modification/catalog/controller/product/product.php:208
Stack trace:
#0 /home/webapo7t/storage/modification/system/engine/action.php(79): ControllerProductProduct->index()
#1 /home/webapo7t/public_html/doggy/catalog/controller/startup/router.php(25): Action->execute(Object(Registry))
#2 /home/webapo7t/storage/modification/system/engine/action.php(79): ControllerStartupRouter->index()
#3 /home/webapo7t/public_html/doggy/system/engine/router.php(67): Action->execute(Object(Registry))
#4 /home/webapo7t/public_html/doggy/system/engine/router.php(56): Router->execute(Object(Action))
#5 /home/webapo7t/public_html/doggy/system/framework.php(168): Router->dispatch(Object(Action), Object(Action))
#6 /home/webapo7t/public_html/doggy/system/startup.php(104): require_once('/home/webapo7t/...')
#7 /home/webapo7t/public_html/doggy/index.php(19): start('catalog')
#8 {main}
  thrown in /home/webapo7t/storage/modification/catalog/controller/product/product.php on line 208
[04-Jul-2018 10:58:18 UTC] PHP Fatal error:  Uncaught Error: Call to a member function resize() on null in /home/webapo7t/storage/modification/catalog/controller/product/product.php:208
Stack trace:
#0 /home/webapo7t/storage/modification/system/engine/action.php(79): ControllerProductProduct->index()
#1 /home/webapo7t/public_html/doggy/catalog/controller/startup/router.php(25): Action->execute(Object(Registry))
#2 /home/webapo7t/storage/modification/system/engine/action.php(79): ControllerStartupRouter->index()
#3 /home/webapo7t/public_html/doggy/system/engine/router.php(67): Action->execute(Object(Registry))
#4 /home/webapo7t/public_html/doggy/system/engine/router.php(56): Router->execute(Object(Action))
#5 /home/webapo7t/public_html/doggy/system/framework.php(168): Router->dispatch(Object(Action), Object(Action))
#6 /home/webapo7t/public_html/doggy/system/startup.php(104): require_once('/home/webapo7t/...')
#7 /home/webapo7t/public_html/doggy/index.php(19): start('catalog')
#8 {main}
  thrown in /home/webapo7t/storage/modification/catalog/controller/product/product.php on line 208
[04-Jul-2018 10:58:19 UTC] PHP Fatal error:  Uncaught Error: Call to a member function resize() on null in /home/webapo7t/storage/modification/catalog/controller/product/product.php:208
Stack trace:
#0 /home/webapo7t/storage/modification/system/engine/action.php(79): ControllerProductProduct->index()
#1 /home/webapo7t/public_html/doggy/catalog/controller/startup/router.php(25): Action->execute(Object(Registry))
#2 /home/webapo7t/storage/modification/system/engine/action.php(79): ControllerStartupRouter->index()
#3 /home/webapo7t/public_html/doggy/system/engine/router.php(67): Action->execute(Object(Registry))
#4 /home/webapo7t/public_html/doggy/system/engine/router.php(56): Router->execute(Object(Action))
#5 /home/webapo7t/public_html/doggy/system/framework.php(168): Router->dispatch(Object(Action), Object(Action))
#6 /home/webapo7t/public_html/doggy/system/startup.php(104): require_once('/home/webapo7t/...')
#7 /home/webapo7t/public_html/doggy/index.php(19): start('catalog')
#8 {main}
  thrown in /home/webapo7t/storage/modification/catalog/controller/product/product.php on line 208
[05-Jul-2018 08:46:21 UTC] PHP Fatal error:  Uncaught Twig_Error_Syntax: Unexpected "}" in "pav_xstore/template/product/product.twig" at line 767. in /home/webapo7t/public_html/doggy/system/library/template/Twig/Lexer.php:259
Stack trace:
#0 /home/webapo7t/public_html/doggy/system/library/template/Twig/Lexer.php(216): Twig_Lexer->lexExpression()
#1 /home/webapo7t/public_html/doggy/system/library/template/Twig/Lexer.php(115): Twig_Lexer->lexVar()
#2 /home/webapo7t/public_html/doggy/system/library/template/Twig/Environment.php(581): Twig_Lexer->tokenize('{{ header }}\n\n\n...', 'pav_xstore/temp...')
#3 /home/webapo7t/public_html/doggy/system/library/template/Twig/Environment.php(671): Twig_Environment->tokenize('{{ header }}\n\n\n...', 'pav_xstore/temp...')
#4 /home/webapo7t/public_html/doggy/system/library/template/Twig/Environment.php(396): Twig_Environment->compileSource('{{ header }}\n\n\n...', 'pav_xstore/temp...')
#5 /home/webapo7t/storage/modification/system/library/template/twig.php(57): Twig_Environment->loadTemplate('pav_xstore/temp...')
#6 /hom in /home/webapo7t/public_html/doggy/system/library/template/Twig/Lexer.php on line 259
[05-Jul-2018 08:46:26 UTC] PHP Fatal error:  Uncaught Twig_Error_Syntax: Unexpected "}" in "pav_xstore/template/product/product.twig" at line 767. in /home/webapo7t/public_html/doggy/system/library/template/Twig/Lexer.php:259
Stack trace:
#0 /home/webapo7t/public_html/doggy/system/library/template/Twig/Lexer.php(216): Twig_Lexer->lexExpression()
#1 /home/webapo7t/public_html/doggy/system/library/template/Twig/Lexer.php(115): Twig_Lexer->lexVar()
#2 /home/webapo7t/public_html/doggy/system/library/template/Twig/Environment.php(581): Twig_Lexer->tokenize('{{ header }}\n\n\n...', 'pav_xstore/temp...')
#3 /home/webapo7t/public_html/doggy/system/library/template/Twig/Environment.php(671): Twig_Environment->tokenize('{{ header }}\n\n\n...', 'pav_xstore/temp...')
#4 /home/webapo7t/public_html/doggy/system/library/template/Twig/Environment.php(396): Twig_Environment->compileSource('{{ header }}\n\n\n...', 'pav_xstore/temp...')
#5 /home/webapo7t/storage/modification/system/library/template/twig.php(57): Twig_Environment->loadTemplate('pav_xstore/temp...')
#6 /hom in /home/webapo7t/public_html/doggy/system/library/template/Twig/Lexer.php on line 259
[05-Jul-2018 08:46:30 UTC] PHP Fatal error:  Uncaught Twig_Error_Syntax: Unexpected "}" in "pav_xstore/template/product/product.twig" at line 767. in /home/webapo7t/public_html/doggy/system/library/template/Twig/Lexer.php:259
Stack trace:
#0 /home/webapo7t/public_html/doggy/system/library/template/Twig/Lexer.php(216): Twig_Lexer->lexExpression()
#1 /home/webapo7t/public_html/doggy/system/library/template/Twig/Lexer.php(115): Twig_Lexer->lexVar()
#2 /home/webapo7t/public_html/doggy/system/library/template/Twig/Environment.php(581): Twig_Lexer->tokenize('{{ header }}\n\n\n...', 'pav_xstore/temp...')
#3 /home/webapo7t/public_html/doggy/system/library/template/Twig/Environment.php(671): Twig_Environment->tokenize('{{ header }}\n\n\n...', 'pav_xstore/temp...')
#4 /home/webapo7t/public_html/doggy/system/library/template/Twig/Environment.php(396): Twig_Environment->compileSource('{{ header }}\n\n\n...', 'pav_xstore/temp...')
#5 /home/webapo7t/storage/modification/system/library/template/twig.php(57): Twig_Environment->loadTemplate('pav_xstore/temp...')
#6 /hom in /home/webapo7t/public_html/doggy/system/library/template/Twig/Lexer.php on line 259
[05-Jul-2018 08:46:30 UTC] PHP Fatal error:  Uncaught Twig_Error_Syntax: Unexpected "}" in "pav_xstore/template/product/product.twig" at line 767. in /home/webapo7t/public_html/doggy/system/library/template/Twig/Lexer.php:259
Stack trace:
#0 /home/webapo7t/public_html/doggy/system/library/template/Twig/Lexer.php(216): Twig_Lexer->lexExpression()
#1 /home/webapo7t/public_html/doggy/system/library/template/Twig/Lexer.php(115): Twig_Lexer->lexVar()
#2 /home/webapo7t/public_html/doggy/system/library/template/Twig/Environment.php(581): Twig_Lexer->tokenize('{{ header }}\n\n\n...', 'pav_xstore/temp...')
#3 /home/webapo7t/public_html/doggy/system/library/template/Twig/Environment.php(671): Twig_Environment->tokenize('{{ header }}\n\n\n...', 'pav_xstore/temp...')
#4 /home/webapo7t/public_html/doggy/system/library/template/Twig/Environment.php(396): Twig_Environment->compileSource('{{ header }}\n\n\n...', 'pav_xstore/temp...')
#5 /home/webapo7t/storage/modification/system/library/template/twig.php(57): Twig_Environment->loadTemplate('pav_xstore/temp...')
#6 /hom in /home/webapo7t/public_html/doggy/system/library/template/Twig/Lexer.php on line 259
[05-Jul-2018 08:46:31 UTC] PHP Fatal error:  Uncaught Twig_Error_Syntax: Unexpected "}" in "pav_xstore/template/product/product.twig" at line 767. in /home/webapo7t/public_html/doggy/system/library/template/Twig/Lexer.php:259
Stack trace:
#0 /home/webapo7t/public_html/doggy/system/library/template/Twig/Lexer.php(216): Twig_Lexer->lexExpression()
#1 /home/webapo7t/public_html/doggy/system/library/template/Twig/Lexer.php(115): Twig_Lexer->lexVar()
#2 /home/webapo7t/public_html/doggy/system/library/template/Twig/Environment.php(581): Twig_Lexer->tokenize('{{ header }}\n\n\n...', 'pav_xstore/temp...')
#3 /home/webapo7t/public_html/doggy/system/library/template/Twig/Environment.php(671): Twig_Environment->tokenize('{{ header }}\n\n\n...', 'pav_xstore/temp...')
#4 /home/webapo7t/public_html/doggy/system/library/template/Twig/Environment.php(396): Twig_Environment->compileSource('{{ header }}\n\n\n...', 'pav_xstore/temp...')
#5 /home/webapo7t/storage/modification/system/library/template/twig.php(57): Twig_Environment->loadTemplate('pav_xstore/temp...')
#6 /hom in /home/webapo7t/public_html/doggy/system/library/template/Twig/Lexer.php on line 259
[05-Jul-2018 08:47:25 UTC] PHP Fatal error:  Uncaught Twig_Error_Syntax: Unexpected "}" in "pav_xstore/template/product/product.twig" at line 767. in /home/webapo7t/public_html/doggy/system/library/template/Twig/Lexer.php:259
Stack trace:
#0 /home/webapo7t/public_html/doggy/system/library/template/Twig/Lexer.php(216): Twig_Lexer->lexExpression()
#1 /home/webapo7t/public_html/doggy/system/library/template/Twig/Lexer.php(115): Twig_Lexer->lexVar()
#2 /home/webapo7t/public_html/doggy/system/library/template/Twig/Environment.php(581): Twig_Lexer->tokenize('{{ header }}\n\n\n...', 'pav_xstore/temp...')
#3 /home/webapo7t/public_html/doggy/system/library/template/Twig/Environment.php(671): Twig_Environment->tokenize('{{ header }}\n\n\n...', 'pav_xstore/temp...')
#4 /home/webapo7t/public_html/doggy/system/library/template/Twig/Environment.php(396): Twig_Environment->compileSource('{{ header }}\n\n\n...', 'pav_xstore/temp...')
#5 /home/webapo7t/storage/modification/system/library/template/twig.php(57): Twig_Environment->loadTemplate('pav_xstore/temp...')
#6 /hom in /home/webapo7t/public_html/doggy/system/library/template/Twig/Lexer.php on line 259
[05-Jul-2018 08:47:27 UTC] PHP Fatal error:  Uncaught Twig_Error_Syntax: Unexpected "}" in "pav_xstore/template/product/product.twig" at line 767. in /home/webapo7t/public_html/doggy/system/library/template/Twig/Lexer.php:259
Stack trace:
#0 /home/webapo7t/public_html/doggy/system/library/template/Twig/Lexer.php(216): Twig_Lexer->lexExpression()
#1 /home/webapo7t/public_html/doggy/system/library/template/Twig/Lexer.php(115): Twig_Lexer->lexVar()
#2 /home/webapo7t/public_html/doggy/system/library/template/Twig/Environment.php(581): Twig_Lexer->tokenize('{{ header }}\n\n\n...', 'pav_xstore/temp...')
#3 /home/webapo7t/public_html/doggy/system/library/template/Twig/Environment.php(671): Twig_Environment->tokenize('{{ header }}\n\n\n...', 'pav_xstore/temp...')
#4 /home/webapo7t/public_html/doggy/system/library/template/Twig/Environment.php(396): Twig_Environment->compileSource('{{ header }}\n\n\n...', 'pav_xstore/temp...')
#5 /home/webapo7t/storage/modification/system/library/template/twig.php(57): Twig_Environment->loadTemplate('pav_xstore/temp...')
#6 /hom in /home/webapo7t/public_html/doggy/system/library/template/Twig/Lexer.php on line 259
[05-Jul-2018 08:48:27 UTC] PHP Fatal error:  Uncaught Twig_Error_Syntax: Unexpected "}" in "pav_xstore/template/product/product.twig" at line 767. in /home/webapo7t/public_html/doggy/system/library/template/Twig/Lexer.php:259
Stack trace:
#0 /home/webapo7t/public_html/doggy/system/library/template/Twig/Lexer.php(216): Twig_Lexer->lexExpression()
#1 /home/webapo7t/public_html/doggy/system/library/template/Twig/Lexer.php(115): Twig_Lexer->lexVar()
#2 /home/webapo7t/public_html/doggy/system/library/template/Twig/Environment.php(581): Twig_Lexer->tokenize('{{ header }}\n\n\n...', 'pav_xstore/temp...')
#3 /home/webapo7t/public_html/doggy/system/library/template/Twig/Environment.php(671): Twig_Environment->tokenize('{{ header }}\n\n\n...', 'pav_xstore/temp...')
#4 /home/webapo7t/public_html/doggy/system/library/template/Twig/Environment.php(396): Twig_Environment->compileSource('{{ header }}\n\n\n...', 'pav_xstore/temp...')
#5 /home/webapo7t/storage/modification/system/library/template/twig.php(57): Twig_Environment->loadTemplate('pav_xstore/temp...')
#6 /hom in /home/webapo7t/public_html/doggy/system/library/template/Twig/Lexer.php on line 259
[05-Jul-2018 08:48:53 UTC] PHP Fatal error:  Uncaught Twig_Error_Syntax: Unexpected "}" in "pav_xstore/template/product/product.twig" at line 767. in /home/webapo7t/public_html/doggy/system/library/template/Twig/Lexer.php:259
Stack trace:
#0 /home/webapo7t/public_html/doggy/system/library/template/Twig/Lexer.php(216): Twig_Lexer->lexExpression()
#1 /home/webapo7t/public_html/doggy/system/library/template/Twig/Lexer.php(115): Twig_Lexer->lexVar()
#2 /home/webapo7t/public_html/doggy/system/library/template/Twig/Environment.php(581): Twig_Lexer->tokenize('{{ header }}\n\n\n...', 'pav_xstore/temp...')
#3 /home/webapo7t/public_html/doggy/system/library/template/Twig/Environment.php(671): Twig_Environment->tokenize('{{ header }}\n\n\n...', 'pav_xstore/temp...')
#4 /home/webapo7t/public_html/doggy/system/library/template/Twig/Environment.php(396): Twig_Environment->compileSource('{{ header }}\n\n\n...', 'pav_xstore/temp...')
#5 /home/webapo7t/storage/modification/system/library/template/twig.php(57): Twig_Environment->loadTemplate('pav_xstore/temp...')
#6 /hom in /home/webapo7t/public_html/doggy/system/library/template/Twig/Lexer.php on line 259
[05-Jul-2018 08:49:18 UTC] PHP Fatal error:  Uncaught Twig_Error_Syntax: Unexpected "}" in "pav_xstore/template/product/product.twig" at line 767. in /home/webapo7t/public_html/doggy/system/library/template/Twig/Lexer.php:259
Stack trace:
#0 /home/webapo7t/public_html/doggy/system/library/template/Twig/Lexer.php(216): Twig_Lexer->lexExpression()
#1 /home/webapo7t/public_html/doggy/system/library/template/Twig/Lexer.php(115): Twig_Lexer->lexVar()
#2 /home/webapo7t/public_html/doggy/system/library/template/Twig/Environment.php(581): Twig_Lexer->tokenize('{{ header }}\n\n\n...', 'pav_xstore/temp...')
#3 /home/webapo7t/public_html/doggy/system/library/template/Twig/Environment.php(671): Twig_Environment->tokenize('{{ header }}\n\n\n...', 'pav_xstore/temp...')
#4 /home/webapo7t/public_html/doggy/system/library/template/Twig/Environment.php(396): Twig_Environment->compileSource('{{ header }}\n\n\n...', 'pav_xstore/temp...')
#5 /home/webapo7t/storage/modification/system/library/template/twig.php(57): Twig_Environment->loadTemplate('pav_xstore/temp...')
#6 /hom in /home/webapo7t/public_html/doggy/system/library/template/Twig/Lexer.php on line 259
[05-Jul-2018 08:49:27 UTC] PHP Fatal error:  Uncaught Twig_Error_Syntax: Unexpected "}" in "pav_xstore/template/product/product.twig" at line 767. in /home/webapo7t/public_html/doggy/system/library/template/Twig/Lexer.php:259
Stack trace:
#0 /home/webapo7t/public_html/doggy/system/library/template/Twig/Lexer.php(216): Twig_Lexer->lexExpression()
#1 /home/webapo7t/public_html/doggy/system/library/template/Twig/Lexer.php(115): Twig_Lexer->lexVar()
#2 /home/webapo7t/public_html/doggy/system/library/template/Twig/Environment.php(581): Twig_Lexer->tokenize('{{ header }}\n\n\n...', 'pav_xstore/temp...')
#3 /home/webapo7t/public_html/doggy/system/library/template/Twig/Environment.php(671): Twig_Environment->tokenize('{{ header }}\n\n\n...', 'pav_xstore/temp...')
#4 /home/webapo7t/public_html/doggy/system/library/template/Twig/Environment.php(396): Twig_Environment->compileSource('{{ header }}\n\n\n...', 'pav_xstore/temp...')
#5 /home/webapo7t/storage/modification/system/library/template/twig.php(57): Twig_Environment->loadTemplate('pav_xstore/temp...')
#6 /hom in /home/webapo7t/public_html/doggy/system/library/template/Twig/Lexer.php on line 259
[05-Jul-2018 08:49:45 UTC] PHP Fatal error:  Uncaught Twig_Error_Syntax: Unexpected "}" in "pav_xstore/template/product/product.twig" at line 767. in /home/webapo7t/public_html/doggy/system/library/template/Twig/Lexer.php:259
Stack trace:
#0 /home/webapo7t/public_html/doggy/system/library/template/Twig/Lexer.php(216): Twig_Lexer->lexExpression()
#1 /home/webapo7t/public_html/doggy/system/library/template/Twig/Lexer.php(115): Twig_Lexer->lexVar()
#2 /home/webapo7t/public_html/doggy/system/library/template/Twig/Environment.php(581): Twig_Lexer->tokenize('{{ header }}\n\n\n...', 'pav_xstore/temp...')
#3 /home/webapo7t/public_html/doggy/system/library/template/Twig/Environment.php(671): Twig_Environment->tokenize('{{ header }}\n\n\n...', 'pav_xstore/temp...')
#4 /home/webapo7t/public_html/doggy/system/library/template/Twig/Environment.php(396): Twig_Environment->compileSource('{{ header }}\n\n\n...', 'pav_xstore/temp...')
#5 /home/webapo7t/storage/modification/system/library/template/twig.php(57): Twig_Environment->loadTemplate('pav_xstore/temp...')
#6 /hom in /home/webapo7t/public_html/doggy/system/library/template/Twig/Lexer.php on line 259
[05-Jul-2018 08:49:46 UTC] PHP Fatal error:  Uncaught Twig_Error_Syntax: Unexpected "}" in "pav_xstore/template/product/product.twig" at line 767. in /home/webapo7t/public_html/doggy/system/library/template/Twig/Lexer.php:259
Stack trace:
#0 /home/webapo7t/public_html/doggy/system/library/template/Twig/Lexer.php(216): Twig_Lexer->lexExpression()
#1 /home/webapo7t/public_html/doggy/system/library/template/Twig/Lexer.php(115): Twig_Lexer->lexVar()
#2 /home/webapo7t/public_html/doggy/system/library/template/Twig/Environment.php(581): Twig_Lexer->tokenize('{{ header }}\n\n\n...', 'pav_xstore/temp...')
#3 /home/webapo7t/public_html/doggy/system/library/template/Twig/Environment.php(671): Twig_Environment->tokenize('{{ header }}\n\n\n...', 'pav_xstore/temp...')
#4 /home/webapo7t/public_html/doggy/system/library/template/Twig/Environment.php(396): Twig_Environment->compileSource('{{ header }}\n\n\n...', 'pav_xstore/temp...')
#5 /home/webapo7t/storage/modification/system/library/template/twig.php(57): Twig_Environment->loadTemplate('pav_xstore/temp...')
#6 /hom in /home/webapo7t/public_html/doggy/system/library/template/Twig/Lexer.php on line 259
[05-Jul-2018 08:49:47 UTC] PHP Fatal error:  Uncaught Twig_Error_Syntax: Unexpected "}" in "pav_xstore/template/product/product.twig" at line 767. in /home/webapo7t/public_html/doggy/system/library/template/Twig/Lexer.php:259
Stack trace:
#0 /home/webapo7t/public_html/doggy/system/library/template/Twig/Lexer.php(216): Twig_Lexer->lexExpression()
#1 /home/webapo7t/public_html/doggy/system/library/template/Twig/Lexer.php(115): Twig_Lexer->lexVar()
#2 /home/webapo7t/public_html/doggy/system/library/template/Twig/Environment.php(581): Twig_Lexer->tokenize('{{ header }}\n\n\n...', 'pav_xstore/temp...')
#3 /home/webapo7t/public_html/doggy/system/library/template/Twig/Environment.php(671): Twig_Environment->tokenize('{{ header }}\n\n\n...', 'pav_xstore/temp...')
#4 /home/webapo7t/public_html/doggy/system/library/template/Twig/Environment.php(396): Twig_Environment->compileSource('{{ header }}\n\n\n...', 'pav_xstore/temp...')
#5 /home/webapo7t/storage/modification/system/library/template/twig.php(57): Twig_Environment->loadTemplate('pav_xstore/temp...')
#6 /hom in /home/webapo7t/public_html/doggy/system/library/template/Twig/Lexer.php on line 259
[05-Jul-2018 10:16:55 UTC] PHP Fatal error:  Uncaught Exception: Error: <br />Error No:  in /home/webapo7t/public_html/doggy/system/library/db/mysqli.php:10
Stack trace:
#0 /home/webapo7t/public_html/doggy/system/library/db.php(31): DB\MySQLi->__construct('localhost', 'webapo7t_admin', 'Admin123@', 'webapo7t_adam', '3306')
#1 /home/webapo7t/public_html/doggy/system/framework.php(80): DB->__construct('mysqli', 'localhost', 'webapo7t_admin', 'Admin123@', 'webapo7t_adam', '3306')
#2 /home/webapo7t/public_html/doggy/system/startup.php(104): require_once('/home/webapo7t/...')
#3 /home/webapo7t/public_html/doggy/index.php(19): start('catalog')
#4 {main}
  thrown in /home/webapo7t/public_html/doggy/system/library/db/mysqli.php on line 10
[05-Jul-2018 10:16:55 UTC] PHP Fatal error:  Uncaught Exception: Error: <br />Error No:  in /home/webapo7t/public_html/doggy/system/library/db/mysqli.php:10
Stack trace:
#0 /home/webapo7t/public_html/doggy/system/library/db.php(31): DB\MySQLi->__construct('localhost', 'webapo7t_admin', 'Admin123@', 'webapo7t_adam', '3306')
#1 /home/webapo7t/public_html/doggy/system/framework.php(80): DB->__construct('mysqli', 'localhost', 'webapo7t_admin', 'Admin123@', 'webapo7t_adam', '3306')
#2 /home/webapo7t/public_html/doggy/system/startup.php(104): require_once('/home/webapo7t/...')
#3 /home/webapo7t/public_html/doggy/index.php(19): start('catalog')
#4 {main}
  thrown in /home/webapo7t/public_html/doggy/system/library/db/mysqli.php on line 10
[05-Jul-2018 10:16:56 UTC] PHP Fatal error:  Uncaught Exception: Error: <br />Error No:  in /home/webapo7t/public_html/doggy/system/library/db/mysqli.php:10
Stack trace:
#0 /home/webapo7t/public_html/doggy/system/library/db.php(31): DB\MySQLi->__construct('localhost', 'webapo7t_admin', 'Admin123@', 'webapo7t_adam', '3306')
#1 /home/webapo7t/public_html/doggy/system/framework.php(80): DB->__construct('mysqli', 'localhost', 'webapo7t_admin', 'Admin123@', 'webapo7t_adam', '3306')
#2 /home/webapo7t/public_html/doggy/system/startup.php(104): require_once('/home/webapo7t/...')
#3 /home/webapo7t/public_html/doggy/index.php(19): start('catalog')
#4 {main}
  thrown in /home/webapo7t/public_html/doggy/system/library/db/mysqli.php on line 10
[05-Jul-2018 11:39:37 UTC] PHP Parse error:  syntax error, unexpected '$_SERVER' (T_VARIABLE) in /home/webapo7t/storage/modification/catalog/controller/product/product.php on line 257
[05-Jul-2018 11:39:59 UTC] PHP Parse error:  syntax error, unexpected '$_SERVER' (T_VARIABLE) in /home/webapo7t/storage/modification/catalog/controller/product/product.php on line 257
[05-Jul-2018 11:39:59 UTC] PHP Parse error:  syntax error, unexpected '$_SERVER' (T_VARIABLE) in /home/webapo7t/storage/modification/catalog/controller/product/product.php on line 257
[05-Jul-2018 12:13:38 UTC] PHP Parse error:  syntax error, unexpected ';', expecting ')' in /home/webapo7t/storage/modification/catalog/controller/product/product.php on line 406
[05-Jul-2018 12:13:39 UTC] PHP Parse error:  syntax error, unexpected ';', expecting ')' in /home/webapo7t/storage/modification/catalog/controller/product/product.php on line 406
[05-Jul-2018 12:13:40 UTC] PHP Parse error:  syntax error, unexpected ';', expecting ')' in /home/webapo7t/storage/modification/catalog/controller/product/product.php on line 406
[05-Jul-2018 12:13:40 UTC] PHP Parse error:  syntax error, unexpected ';', expecting ')' in /home/webapo7t/storage/modification/catalog/controller/product/product.php on line 406
[05-Jul-2018 12:13:41 UTC] PHP Parse error:  syntax error, unexpected ';', expecting ')' in /home/webapo7t/storage/modification/catalog/controller/product/product.php on line 406
[05-Jul-2018 12:13:41 UTC] PHP Parse error:  syntax error, unexpected ';', expecting ')' in /home/webapo7t/storage/modification/catalog/controller/product/product.php on line 406
[05-Jul-2018 12:13:42 UTC] PHP Parse error:  syntax error, unexpected ';', expecting ')' in /home/webapo7t/storage/modification/catalog/controller/product/product.php on line 406
[05-Jul-2018 12:13:42 UTC] PHP Parse error:  syntax error, unexpected ';', expecting ')' in /home/webapo7t/storage/modification/catalog/controller/product/product.php on line 406
[06-Jul-2018 12:54:59 UTC] PHP Parse error:  syntax error, unexpected ''href'' (T_CONSTANT_ENCAPSED_STRING), expecting ')' in /home/webapo7t/storage/modification/catalog/controller/product/product.php on line 561
[06-Jul-2018 12:55:00 UTC] PHP Parse error:  syntax error, unexpected ''href'' (T_CONSTANT_ENCAPSED_STRING), expecting ')' in /home/webapo7t/storage/modification/catalog/controller/product/product.php on line 561
[06-Jul-2018 12:55:00 UTC] PHP Parse error:  syntax error, unexpected ''href'' (T_CONSTANT_ENCAPSED_STRING), expecting ')' in /home/webapo7t/storage/modification/catalog/controller/product/product.php on line 561
[06-Jul-2018 12:55:00 UTC] PHP Parse error:  syntax error, unexpected ''href'' (T_CONSTANT_ENCAPSED_STRING), expecting ')' in /home/webapo7t/storage/modification/catalog/controller/product/product.php on line 561
[06-Jul-2018 12:55:01 UTC] PHP Parse error:  syntax error, unexpected ''href'' (T_CONSTANT_ENCAPSED_STRING), expecting ')' in /home/webapo7t/storage/modification/catalog/controller/product/product.php on line 561
[06-Jul-2018 12:55:01 UTC] PHP Parse error:  syntax error, unexpected ''href'' (T_CONSTANT_ENCAPSED_STRING), expecting ')' in /home/webapo7t/storage/modification/catalog/controller/product/product.php on line 561
[06-Jul-2018 12:55:02 UTC] PHP Parse error:  syntax error, unexpected ''href'' (T_CONSTANT_ENCAPSED_STRING), expecting ')' in /home/webapo7t/storage/modification/catalog/controller/product/product.php on line 561
[06-Jul-2018 12:55:02 UTC] PHP Parse error:  syntax error, unexpected ''href'' (T_CONSTANT_ENCAPSED_STRING), expecting ')' in /home/webapo7t/storage/modification/catalog/controller/product/product.php on line 561
[06-Jul-2018 12:55:02 UTC] PHP Parse error:  syntax error, unexpected ''href'' (T_CONSTANT_ENCAPSED_STRING), expecting ')' in /home/webapo7t/storage/modification/catalog/controller/product/product.php on line 561
[11-Jul-2018 12:08:12 UTC] PHP Fatal error:  Uncaught Error: Call to a member function getProduct() on null in /home/webapo7t/public_html/doggy/catalog/controller/customerpartner/profile.php:317
Stack trace:
#0 /home/webapo7t/storage/modification/system/engine/action.php(79): ControllerCustomerpartnerProfile->productFeedback()
#1 /home/webapo7t/public_html/doggy/catalog/controller/startup/router.php(25): Action->execute(Object(Registry))
#2 /home/webapo7t/storage/modification/system/engine/action.php(79): ControllerStartupRouter->index()
#3 /home/webapo7t/public_html/doggy/system/engine/router.php(67): Action->execute(Object(Registry))
#4 /home/webapo7t/public_html/doggy/system/engine/router.php(56): Router->execute(Object(Action))
#5 /home/webapo7t/public_html/doggy/system/framework.php(168): Router->dispatch(Object(Action), Object(Action))
#6 /home/webapo7t/public_html/doggy/system/startup.php(104): require_once('/home/webapo7t/...')
#7 /home/webapo7t/public_html/doggy/index.php(19): start('catalog')
#8 {main}
  thrown in /home/webapo7t/public_html/doggy/catalog/controller/customerpartner/profile.php on line 317
[11-Jul-2018 12:08:35 UTC] PHP Fatal error:  Uncaught Error: Call to a member function getProduct() on null in /home/webapo7t/public_html/doggy/catalog/controller/customerpartner/profile.php:317
Stack trace:
#0 /home/webapo7t/storage/modification/system/engine/action.php(79): ControllerCustomerpartnerProfile->productFeedback()
#1 /home/webapo7t/public_html/doggy/catalog/controller/startup/router.php(25): Action->execute(Object(Registry))
#2 /home/webapo7t/storage/modification/system/engine/action.php(79): ControllerStartupRouter->index()
#3 /home/webapo7t/public_html/doggy/system/engine/router.php(67): Action->execute(Object(Registry))
#4 /home/webapo7t/public_html/doggy/system/engine/router.php(56): Router->execute(Object(Action))
#5 /home/webapo7t/public_html/doggy/system/framework.php(168): Router->dispatch(Object(Action), Object(Action))
#6 /home/webapo7t/public_html/doggy/system/startup.php(104): require_once('/home/webapo7t/...')
#7 /home/webapo7t/public_html/doggy/index.php(19): start('catalog')
#8 {main}
  thrown in /home/webapo7t/public_html/doggy/catalog/controller/customerpartner/profile.php on line 317
[11-Jul-2018 12:08:46 UTC] PHP Fatal error:  Uncaught Error: Call to a member function getProduct() on null in /home/webapo7t/public_html/doggy/catalog/controller/customerpartner/profile.php:317
Stack trace:
#0 /home/webapo7t/storage/modification/system/engine/action.php(79): ControllerCustomerpartnerProfile->productFeedback()
#1 /home/webapo7t/public_html/doggy/catalog/controller/startup/router.php(25): Action->execute(Object(Registry))
#2 /home/webapo7t/storage/modification/system/engine/action.php(79): ControllerStartupRouter->index()
#3 /home/webapo7t/public_html/doggy/system/engine/router.php(67): Action->execute(Object(Registry))
#4 /home/webapo7t/public_html/doggy/system/engine/router.php(56): Router->execute(Object(Action))
#5 /home/webapo7t/public_html/doggy/system/framework.php(168): Router->dispatch(Object(Action), Object(Action))
#6 /home/webapo7t/public_html/doggy/system/startup.php(104): require_once('/home/webapo7t/...')
#7 /home/webapo7t/public_html/doggy/index.php(19): start('catalog')
#8 {main}
  thrown in /home/webapo7t/public_html/doggy/catalog/controller/customerpartner/profile.php on line 317
[11-Jul-2018 12:08:53 UTC] PHP Fatal error:  Uncaught Error: Call to a member function getProduct() on null in /home/webapo7t/public_html/doggy/catalog/controller/customerpartner/profile.php:317
Stack trace:
#0 /home/webapo7t/storage/modification/system/engine/action.php(79): ControllerCustomerpartnerProfile->productFeedback()
#1 /home/webapo7t/public_html/doggy/catalog/controller/startup/router.php(25): Action->execute(Object(Registry))
#2 /home/webapo7t/storage/modification/system/engine/action.php(79): ControllerStartupRouter->index()
#3 /home/webapo7t/public_html/doggy/system/engine/router.php(67): Action->execute(Object(Registry))
#4 /home/webapo7t/public_html/doggy/system/engine/router.php(56): Router->execute(Object(Action))
#5 /home/webapo7t/public_html/doggy/system/framework.php(168): Router->dispatch(Object(Action), Object(Action))
#6 /home/webapo7t/public_html/doggy/system/startup.php(104): require_once('/home/webapo7t/...')
#7 /home/webapo7t/public_html/doggy/index.php(19): start('catalog')
#8 {main}
  thrown in /home/webapo7t/public_html/doggy/catalog/controller/customerpartner/profile.php on line 317
[11-Jul-2018 12:09:29 UTC] PHP Fatal error:  Uncaught Error: Call to a member function getProduct() on null in /home/webapo7t/public_html/doggy/catalog/controller/customerpartner/profile.php:317
Stack trace:
#0 /home/webapo7t/storage/modification/system/engine/action.php(79): ControllerCustomerpartnerProfile->productFeedback()
#1 /home/webapo7t/public_html/doggy/catalog/controller/startup/router.php(25): Action->execute(Object(Registry))
#2 /home/webapo7t/storage/modification/system/engine/action.php(79): ControllerStartupRouter->index()
#3 /home/webapo7t/public_html/doggy/system/engine/router.php(67): Action->execute(Object(Registry))
#4 /home/webapo7t/public_html/doggy/system/engine/router.php(56): Router->execute(Object(Action))
#5 /home/webapo7t/public_html/doggy/system/framework.php(168): Router->dispatch(Object(Action), Object(Action))
#6 /home/webapo7t/public_html/doggy/system/startup.php(104): require_once('/home/webapo7t/...')
#7 /home/webapo7t/public_html/doggy/index.php(19): start('catalog')
#8 {main}
  thrown in /home/webapo7t/public_html/doggy/catalog/controller/customerpartner/profile.php on line 317
[11-Jul-2018 12:10:13 UTC] PHP Fatal error:  Uncaught Error: Call to a member function getProduct() on null in /home/webapo7t/public_html/doggy/catalog/controller/customerpartner/profile.php:317
Stack trace:
#0 /home/webapo7t/storage/modification/system/engine/action.php(79): ControllerCustomerpartnerProfile->productFeedback()
#1 /home/webapo7t/public_html/doggy/catalog/controller/startup/router.php(25): Action->execute(Object(Registry))
#2 /home/webapo7t/storage/modification/system/engine/action.php(79): ControllerStartupRouter->index()
#3 /home/webapo7t/public_html/doggy/system/engine/router.php(67): Action->execute(Object(Registry))
#4 /home/webapo7t/public_html/doggy/system/engine/router.php(56): Router->execute(Object(Action))
#5 /home/webapo7t/public_html/doggy/system/framework.php(168): Router->dispatch(Object(Action), Object(Action))
#6 /home/webapo7t/public_html/doggy/system/startup.php(104): require_once('/home/webapo7t/...')
#7 /home/webapo7t/public_html/doggy/index.php(19): start('catalog')
#8 {main}
  thrown in /home/webapo7t/public_html/doggy/catalog/controller/customerpartner/profile.php on line 317
[11-Jul-2018 12:11:05 UTC] PHP Fatal error:  Uncaught Error: Call to a member function getProduct() on null in /home/webapo7t/public_html/doggy/catalog/controller/customerpartner/profile.php:317
Stack trace:
#0 /home/webapo7t/storage/modification/system/engine/action.php(79): ControllerCustomerpartnerProfile->productFeedback()
#1 /home/webapo7t/public_html/doggy/catalog/controller/startup/router.php(25): Action->execute(Object(Registry))
#2 /home/webapo7t/storage/modification/system/engine/action.php(79): ControllerStartupRouter->index()
#3 /home/webapo7t/public_html/doggy/system/engine/router.php(67): Action->execute(Object(Registry))
#4 /home/webapo7t/public_html/doggy/system/engine/router.php(56): Router->execute(Object(Action))
#5 /home/webapo7t/public_html/doggy/system/framework.php(168): Router->dispatch(Object(Action), Object(Action))
#6 /home/webapo7t/public_html/doggy/system/startup.php(104): require_once('/home/webapo7t/...')
#7 /home/webapo7t/public_html/doggy/index.php(19): start('catalog')
#8 {main}
  thrown in /home/webapo7t/public_html/doggy/catalog/controller/customerpartner/profile.php on line 317
[11-Jul-2018 12:11:09 UTC] PHP Fatal error:  Uncaught Error: Call to a member function getProduct() on null in /home/webapo7t/public_html/doggy/catalog/controller/customerpartner/profile.php:317
Stack trace:
#0 /home/webapo7t/storage/modification/system/engine/action.php(79): ControllerCustomerpartnerProfile->productFeedback()
#1 /home/webapo7t/public_html/doggy/catalog/controller/startup/router.php(25): Action->execute(Object(Registry))
#2 /home/webapo7t/storage/modification/system/engine/action.php(79): ControllerStartupRouter->index()
#3 /home/webapo7t/public_html/doggy/system/engine/router.php(67): Action->execute(Object(Registry))
#4 /home/webapo7t/public_html/doggy/system/engine/router.php(56): Router->execute(Object(Action))
#5 /home/webapo7t/public_html/doggy/system/framework.php(168): Router->dispatch(Object(Action), Object(Action))
#6 /home/webapo7t/public_html/doggy/system/startup.php(104): require_once('/home/webapo7t/...')
#7 /home/webapo7t/public_html/doggy/index.php(19): start('catalog')
#8 {main}
  thrown in /home/webapo7t/public_html/doggy/catalog/controller/customerpartner/profile.php on line 317
[17-Jul-2018 11:23:13 UTC] PHP Fatal error:  Uncaught Twig_Error_Loader: Unable to find template "pav_xstore/template/account/account.twig" (looked into: /home/webapo7t/storage/modification/catalog/view/theme, /home/webapo7t/public_html/doggy/catalog/view/theme, /home/webapo7t/public_html/doggy/catalog/view/theme/pav_xstore/template, /home/webapo7t/public_html/doggy/catalog/view/theme/default/template). in /home/webapo7t/public_html/doggy/system/library/template/Twig/Loader/Filesystem.php:215
Stack trace:
#0 /home/webapo7t/public_html/doggy/system/library/template/Twig/Loader/Filesystem.php(139): Twig_Loader_Filesystem->findTemplate('pav_xstore/temp...')
#1 /home/webapo7t/public_html/doggy/system/library/template/Twig/Environment.php(312): Twig_Loader_Filesystem->getCacheKey('pav_xstore/temp...')
#2 /home/webapo7t/public_html/doggy/system/library/template/Twig/Environment.php(378): Twig_Environment->getTemplateClass('pav_xstore/temp...', NULL)
#3 /home/webapo7t/storage/modification/system/library/template/twig.php(57): Twig_Environment->loadTemplate('pa in /home/webapo7t/public_html/doggy/system/library/template/Twig/Loader/Filesystem.php on line 215
[17-Jul-2018 11:23:15 UTC] PHP Fatal error:  Uncaught Twig_Error_Loader: Unable to find template "pav_xstore/template/account/account.twig" (looked into: /home/webapo7t/storage/modification/catalog/view/theme, /home/webapo7t/public_html/doggy/catalog/view/theme, /home/webapo7t/public_html/doggy/catalog/view/theme/pav_xstore/template, /home/webapo7t/public_html/doggy/catalog/view/theme/default/template). in /home/webapo7t/public_html/doggy/system/library/template/Twig/Loader/Filesystem.php:215
Stack trace:
#0 /home/webapo7t/public_html/doggy/system/library/template/Twig/Loader/Filesystem.php(139): Twig_Loader_Filesystem->findTemplate('pav_xstore/temp...')
#1 /home/webapo7t/public_html/doggy/system/library/template/Twig/Environment.php(312): Twig_Loader_Filesystem->getCacheKey('pav_xstore/temp...')
#2 /home/webapo7t/public_html/doggy/system/library/template/Twig/Environment.php(378): Twig_Environment->getTemplateClass('pav_xstore/temp...', NULL)
#3 /home/webapo7t/storage/modification/system/library/template/twig.php(57): Twig_Environment->loadTemplate('pa in /home/webapo7t/public_html/doggy/system/library/template/Twig/Loader/Filesystem.php on line 215
[17-Jul-2018 11:23:18 UTC] PHP Fatal error:  Uncaught Twig_Error_Loader: Unable to find template "pav_xstore/template/account/account.twig" (looked into: /home/webapo7t/storage/modification/catalog/view/theme, /home/webapo7t/public_html/doggy/catalog/view/theme, /home/webapo7t/public_html/doggy/catalog/view/theme/pav_xstore/template, /home/webapo7t/public_html/doggy/catalog/view/theme/default/template). in /home/webapo7t/public_html/doggy/system/library/template/Twig/Loader/Filesystem.php:215
Stack trace:
#0 /home/webapo7t/public_html/doggy/system/library/template/Twig/Loader/Filesystem.php(139): Twig_Loader_Filesystem->findTemplate('pav_xstore/temp...')
#1 /home/webapo7t/public_html/doggy/system/library/template/Twig/Environment.php(312): Twig_Loader_Filesystem->getCacheKey('pav_xstore/temp...')
#2 /home/webapo7t/public_html/doggy/system/library/template/Twig/Environment.php(378): Twig_Environment->getTemplateClass('pav_xstore/temp...', NULL)
#3 /home/webapo7t/storage/modification/system/library/template/twig.php(57): Twig_Environment->loadTemplate('pa in /home/webapo7t/public_html/doggy/system/library/template/Twig/Loader/Filesystem.php on line 215
[17-Jul-2018 11:23:18 UTC] PHP Fatal error:  Uncaught Twig_Error_Loader: Unable to find template "pav_xstore/template/account/account.twig" (looked into: /home/webapo7t/storage/modification/catalog/view/theme, /home/webapo7t/public_html/doggy/catalog/view/theme, /home/webapo7t/public_html/doggy/catalog/view/theme/pav_xstore/template, /home/webapo7t/public_html/doggy/catalog/view/theme/default/template). in /home/webapo7t/public_html/doggy/system/library/template/Twig/Loader/Filesystem.php:215
Stack trace:
#0 /home/webapo7t/public_html/doggy/system/library/template/Twig/Loader/Filesystem.php(139): Twig_Loader_Filesystem->findTemplate('pav_xstore/temp...')
#1 /home/webapo7t/public_html/doggy/system/library/template/Twig/Environment.php(312): Twig_Loader_Filesystem->getCacheKey('pav_xstore/temp...')
#2 /home/webapo7t/public_html/doggy/system/library/template/Twig/Environment.php(378): Twig_Environment->getTemplateClass('pav_xstore/temp...', NULL)
#3 /home/webapo7t/storage/modification/system/library/template/twig.php(57): Twig_Environment->loadTemplate('pa in /home/webapo7t/public_html/doggy/system/library/template/Twig/Loader/Filesystem.php on line 215
[17-Jul-2018 11:23:54 UTC] PHP Fatal error:  Uncaught Twig_Error_Loader: Unable to find template "pav_xstore/template/account/account.twig" (looked into: /home/webapo7t/storage/modification/catalog/view/theme, /home/webapo7t/public_html/doggy/catalog/view/theme, /home/webapo7t/public_html/doggy/catalog/view/theme/pav_xstore/template, /home/webapo7t/public_html/doggy/catalog/view/theme/default/template). in /home/webapo7t/public_html/doggy/system/library/template/Twig/Loader/Filesystem.php:215
Stack trace:
#0 /home/webapo7t/public_html/doggy/system/library/template/Twig/Loader/Filesystem.php(139): Twig_Loader_Filesystem->findTemplate('pav_xstore/temp...')
#1 /home/webapo7t/public_html/doggy/system/library/template/Twig/Environment.php(312): Twig_Loader_Filesystem->getCacheKey('pav_xstore/temp...')
#2 /home/webapo7t/public_html/doggy/system/library/template/Twig/Environment.php(378): Twig_Environment->getTemplateClass('pav_xstore/temp...', NULL)
#3 /home/webapo7t/storage/modification/system/library/template/twig.php(57): Twig_Environment->loadTemplate('pa in /home/webapo7t/public_html/doggy/system/library/template/Twig/Loader/Filesystem.php on line 215
[17-Jul-2018 11:58:07 UTC] PHP Fatal error:  Uncaught Twig_Error_Syntax: Unexpected character "$" in "default/template/account/account.twig" at line 1. in /home/webapo7t/public_html/doggy/system/library/template/Twig/Lexer.php:284
Stack trace:
#0 /home/webapo7t/public_html/doggy/system/library/template/Twig/Lexer.php(216): Twig_Lexer->lexExpression()
#1 /home/webapo7t/public_html/doggy/system/library/template/Twig/Lexer.php(115): Twig_Lexer->lexVar()
#2 /home/webapo7t/public_html/doggy/system/library/template/Twig/Environment.php(581): Twig_Lexer->tokenize('{{ header }}<st...', 'default/templat...')
#3 /home/webapo7t/public_html/doggy/system/library/template/Twig/Environment.php(671): Twig_Environment->tokenize('{{ header }}<st...', 'default/templat...')
#4 /home/webapo7t/public_html/doggy/system/library/template/Twig/Environment.php(396): Twig_Environment->compileSource('{{ header }}<st...', 'default/templat...')
#5 /home/webapo7t/storage/modification/system/library/template/twig.php(57): Twig_Environment->loadTemplate('default/templat...')
#6 /home/we in /home/webapo7t/public_html/doggy/system/library/template/Twig/Lexer.php on line 284
[17-Jul-2018 11:58:09 UTC] PHP Fatal error:  Uncaught Twig_Error_Syntax: Unexpected character "$" in "default/template/account/account.twig" at line 1. in /home/webapo7t/public_html/doggy/system/library/template/Twig/Lexer.php:284
Stack trace:
#0 /home/webapo7t/public_html/doggy/system/library/template/Twig/Lexer.php(216): Twig_Lexer->lexExpression()
#1 /home/webapo7t/public_html/doggy/system/library/template/Twig/Lexer.php(115): Twig_Lexer->lexVar()
#2 /home/webapo7t/public_html/doggy/system/library/template/Twig/Environment.php(581): Twig_Lexer->tokenize('{{ header }}<st...', 'default/templat...')
#3 /home/webapo7t/public_html/doggy/system/library/template/Twig/Environment.php(671): Twig_Environment->tokenize('{{ header }}<st...', 'default/templat...')
#4 /home/webapo7t/public_html/doggy/system/library/template/Twig/Environment.php(396): Twig_Environment->compileSource('{{ header }}<st...', 'default/templat...')
#5 /home/webapo7t/storage/modification/system/library/template/twig.php(57): Twig_Environment->loadTemplate('default/templat...')
#6 /home/we in /home/webapo7t/public_html/doggy/system/library/template/Twig/Lexer.php on line 284
[17-Jul-2018 12:11:22 UTC] PHP Parse error:  syntax error, unexpected 'public' (T_PUBLIC) in /home/webapo7t/storage/modification/catalog/controller/account/account.php on line 151
[17-Jul-2018 12:11:23 UTC] PHP Parse error:  syntax error, unexpected 'public' (T_PUBLIC) in /home/webapo7t/storage/modification/catalog/controller/account/account.php on line 151
[17-Jul-2018 12:13:10 UTC] PHP Fatal error:  Uncaught Error: Call to a member function getId() on null in /home/webapo7t/storage/modification/catalog/controller/account/account.php:146
Stack trace:
#0 /home/webapo7t/storage/modification/system/engine/action.php(79): ControllerAccountAccount->index()
#1 /home/webapo7t/public_html/doggy/catalog/controller/startup/router.php(25): Action->execute(Object(Registry))
#2 /home/webapo7t/storage/modification/system/engine/action.php(79): ControllerStartupRouter->index()
#3 /home/webapo7t/public_html/doggy/system/engine/router.php(67): Action->execute(Object(Registry))
#4 /home/webapo7t/public_html/doggy/system/engine/router.php(56): Router->execute(Object(Action))
#5 /home/webapo7t/public_html/doggy/system/framework.php(168): Router->dispatch(Object(Action), Object(Action))
#6 /home/webapo7t/public_html/doggy/system/startup.php(104): require_once('/home/webapo7t/...')
#7 /home/webapo7t/public_html/doggy/index.php(19): start('catalog')
#8 {main}
  thrown in /home/webapo7t/storage/modification/catalog/controller/account/account.php on line 146
[17-Jul-2018 12:13:12 UTC] PHP Fatal error:  Uncaught Error: Call to a member function getId() on null in /home/webapo7t/storage/modification/catalog/controller/account/account.php:146
Stack trace:
#0 /home/webapo7t/storage/modification/system/engine/action.php(79): ControllerAccountAccount->index()
#1 /home/webapo7t/public_html/doggy/catalog/controller/startup/router.php(25): Action->execute(Object(Registry))
#2 /home/webapo7t/storage/modification/system/engine/action.php(79): ControllerStartupRouter->index()
#3 /home/webapo7t/public_html/doggy/system/engine/router.php(67): Action->execute(Object(Registry))
#4 /home/webapo7t/public_html/doggy/system/engine/router.php(56): Router->execute(Object(Action))
#5 /home/webapo7t/public_html/doggy/system/framework.php(168): Router->dispatch(Object(Action), Object(Action))
#6 /home/webapo7t/public_html/doggy/system/startup.php(104): require_once('/home/webapo7t/...')
#7 /home/webapo7t/public_html/doggy/index.php(19): start('catalog')
#8 {main}
  thrown in /home/webapo7t/storage/modification/catalog/controller/account/account.php on line 146
[17-Jul-2018 12:13:12 UTC] PHP Fatal error:  Uncaught Error: Call to a member function getId() on null in /home/webapo7t/storage/modification/catalog/controller/account/account.php:146
Stack trace:
#0 /home/webapo7t/storage/modification/system/engine/action.php(79): ControllerAccountAccount->index()
#1 /home/webapo7t/public_html/doggy/catalog/controller/startup/router.php(25): Action->execute(Object(Registry))
#2 /home/webapo7t/storage/modification/system/engine/action.php(79): ControllerStartupRouter->index()
#3 /home/webapo7t/public_html/doggy/system/engine/router.php(67): Action->execute(Object(Registry))
#4 /home/webapo7t/public_html/doggy/system/engine/router.php(56): Router->execute(Object(Action))
#5 /home/webapo7t/public_html/doggy/system/framework.php(168): Router->dispatch(Object(Action), Object(Action))
#6 /home/webapo7t/public_html/doggy/system/startup.php(104): require_once('/home/webapo7t/...')
#7 /home/webapo7t/public_html/doggy/index.php(19): start('catalog')
#8 {main}
  thrown in /home/webapo7t/storage/modification/catalog/controller/account/account.php on line 146
[17-Jul-2018 12:13:36 UTC] PHP Fatal error:  Uncaught Error: Call to a member function getId() on null in /home/webapo7t/storage/modification/catalog/controller/account/account.php:146
Stack trace:
#0 /home/webapo7t/storage/modification/system/engine/action.php(79): ControllerAccountAccount->index()
#1 /home/webapo7t/public_html/doggy/catalog/controller/startup/router.php(25): Action->execute(Object(Registry))
#2 /home/webapo7t/storage/modification/system/engine/action.php(79): ControllerStartupRouter->index()
#3 /home/webapo7t/public_html/doggy/system/engine/router.php(67): Action->execute(Object(Registry))
#4 /home/webapo7t/public_html/doggy/system/engine/router.php(56): Router->execute(Object(Action))
#5 /home/webapo7t/public_html/doggy/system/framework.php(168): Router->dispatch(Object(Action), Object(Action))
#6 /home/webapo7t/public_html/doggy/system/startup.php(104): require_once('/home/webapo7t/...')
#7 /home/webapo7t/public_html/doggy/index.php(19): start('catalog')
#8 {main}
  thrown in /home/webapo7t/storage/modification/catalog/controller/account/account.php on line 146
[17-Jul-2018 12:13:39 UTC] PHP Fatal error:  Uncaught Error: Call to a member function getId() on null in /home/webapo7t/storage/modification/catalog/controller/account/account.php:146
Stack trace:
#0 /home/webapo7t/storage/modification/system/engine/action.php(79): ControllerAccountAccount->index()
#1 /home/webapo7t/public_html/doggy/catalog/controller/startup/router.php(25): Action->execute(Object(Registry))
#2 /home/webapo7t/storage/modification/system/engine/action.php(79): ControllerStartupRouter->index()
#3 /home/webapo7t/public_html/doggy/system/engine/router.php(67): Action->execute(Object(Registry))
#4 /home/webapo7t/public_html/doggy/system/engine/router.php(56): Router->execute(Object(Action))
#5 /home/webapo7t/public_html/doggy/system/framework.php(168): Router->dispatch(Object(Action), Object(Action))
#6 /home/webapo7t/public_html/doggy/system/startup.php(104): require_once('/home/webapo7t/...')
#7 /home/webapo7t/public_html/doggy/index.php(19): start('catalog')
#8 {main}
  thrown in /home/webapo7t/storage/modification/catalog/controller/account/account.php on line 146
[17-Jul-2018 12:13:42 UTC] PHP Fatal error:  Uncaught Error: Call to a member function getId() on null in /home/webapo7t/storage/modification/catalog/controller/account/account.php:146
Stack trace:
#0 /home/webapo7t/storage/modification/system/engine/action.php(79): ControllerAccountAccount->index()
#1 /home/webapo7t/public_html/doggy/catalog/controller/startup/router.php(25): Action->execute(Object(Registry))
#2 /home/webapo7t/storage/modification/system/engine/action.php(79): ControllerStartupRouter->index()
#3 /home/webapo7t/public_html/doggy/system/engine/router.php(67): Action->execute(Object(Registry))
#4 /home/webapo7t/public_html/doggy/system/engine/router.php(56): Router->execute(Object(Action))
#5 /home/webapo7t/public_html/doggy/system/framework.php(168): Router->dispatch(Object(Action), Object(Action))
#6 /home/webapo7t/public_html/doggy/system/startup.php(104): require_once('/home/webapo7t/...')
#7 /home/webapo7t/public_html/doggy/index.php(19): start('catalog')
#8 {main}
  thrown in /home/webapo7t/storage/modification/catalog/controller/account/account.php on line 146
[17-Jul-2018 12:18:25 UTC] PHP Fatal error:  Uncaught Error: Cannot access private property Cart\Customer::$customer_id in /home/webapo7t/storage/modification/catalog/controller/account/account.php:146
Stack trace:
#0 /home/webapo7t/storage/modification/system/engine/action.php(79): ControllerAccountAccount->index()
#1 /home/webapo7t/public_html/doggy/catalog/controller/startup/router.php(25): Action->execute(Object(Registry))
#2 /home/webapo7t/storage/modification/system/engine/action.php(79): ControllerStartupRouter->index()
#3 /home/webapo7t/public_html/doggy/system/engine/router.php(67): Action->execute(Object(Registry))
#4 /home/webapo7t/public_html/doggy/system/engine/router.php(56): Router->execute(Object(Action))
#5 /home/webapo7t/public_html/doggy/system/framework.php(168): Router->dispatch(Object(Action), Object(Action))
#6 /home/webapo7t/public_html/doggy/system/startup.php(104): require_once('/home/webapo7t/...')
#7 /home/webapo7t/public_html/doggy/index.php(19): start('catalog')
#8 {main}
  thrown in /home/webapo7t/storage/modification/catalog/controller/account/account.php on line 146
[17-Jul-2018 12:18:27 UTC] PHP Fatal error:  Uncaught Error: Cannot access private property Cart\Customer::$customer_id in /home/webapo7t/storage/modification/catalog/controller/account/account.php:146
Stack trace:
#0 /home/webapo7t/storage/modification/system/engine/action.php(79): ControllerAccountAccount->index()
#1 /home/webapo7t/public_html/doggy/catalog/controller/startup/router.php(25): Action->execute(Object(Registry))
#2 /home/webapo7t/storage/modification/system/engine/action.php(79): ControllerStartupRouter->index()
#3 /home/webapo7t/public_html/doggy/system/engine/router.php(67): Action->execute(Object(Registry))
#4 /home/webapo7t/public_html/doggy/system/engine/router.php(56): Router->execute(Object(Action))
#5 /home/webapo7t/public_html/doggy/system/framework.php(168): Router->dispatch(Object(Action), Object(Action))
#6 /home/webapo7t/public_html/doggy/system/startup.php(104): require_once('/home/webapo7t/...')
#7 /home/webapo7t/public_html/doggy/index.php(19): start('catalog')
#8 {main}
  thrown in /home/webapo7t/storage/modification/catalog/controller/account/account.php on line 146
[17-Jul-2018 12:18:27 UTC] PHP Fatal error:  Uncaught Error: Cannot access private property Cart\Customer::$customer_id in /home/webapo7t/storage/modification/catalog/controller/account/account.php:146
Stack trace:
#0 /home/webapo7t/storage/modification/system/engine/action.php(79): ControllerAccountAccount->index()
#1 /home/webapo7t/public_html/doggy/catalog/controller/startup/router.php(25): Action->execute(Object(Registry))
#2 /home/webapo7t/storage/modification/system/engine/action.php(79): ControllerStartupRouter->index()
#3 /home/webapo7t/public_html/doggy/system/engine/router.php(67): Action->execute(Object(Registry))
#4 /home/webapo7t/public_html/doggy/system/engine/router.php(56): Router->execute(Object(Action))
#5 /home/webapo7t/public_html/doggy/system/framework.php(168): Router->dispatch(Object(Action), Object(Action))
#6 /home/webapo7t/public_html/doggy/system/startup.php(104): require_once('/home/webapo7t/...')
#7 /home/webapo7t/public_html/doggy/index.php(19): start('catalog')
#8 {main}
  thrown in /home/webapo7t/storage/modification/catalog/controller/account/account.php on line 146
[17-Jul-2018 12:18:43 UTC] PHP Fatal error:  Uncaught Error: Cannot access private property Cart\Customer::$customer_id in /home/webapo7t/storage/modification/catalog/controller/account/account.php:146
Stack trace:
#0 /home/webapo7t/storage/modification/system/engine/action.php(79): ControllerAccountAccount->index()
#1 /home/webapo7t/public_html/doggy/catalog/controller/startup/router.php(25): Action->execute(Object(Registry))
#2 /home/webapo7t/storage/modification/system/engine/action.php(79): ControllerStartupRouter->index()
#3 /home/webapo7t/public_html/doggy/system/engine/router.php(67): Action->execute(Object(Registry))
#4 /home/webapo7t/public_html/doggy/system/engine/router.php(56): Router->execute(Object(Action))
#5 /home/webapo7t/public_html/doggy/system/framework.php(168): Router->dispatch(Object(Action), Object(Action))
#6 /home/webapo7t/public_html/doggy/system/startup.php(104): require_once('/home/webapo7t/...')
#7 /home/webapo7t/public_html/doggy/index.php(19): start('catalog')
#8 {main}
  thrown in /home/webapo7t/storage/modification/catalog/controller/account/account.php on line 146
[17-Jul-2018 12:18:45 UTC] PHP Fatal error:  Uncaught Error: Cannot access private property Cart\Customer::$customer_id in /home/webapo7t/storage/modification/catalog/controller/account/account.php:146
Stack trace:
#0 /home/webapo7t/storage/modification/system/engine/action.php(79): ControllerAccountAccount->index()
#1 /home/webapo7t/public_html/doggy/catalog/controller/startup/router.php(25): Action->execute(Object(Registry))
#2 /home/webapo7t/storage/modification/system/engine/action.php(79): ControllerStartupRouter->index()
#3 /home/webapo7t/public_html/doggy/system/engine/router.php(67): Action->execute(Object(Registry))
#4 /home/webapo7t/public_html/doggy/system/engine/router.php(56): Router->execute(Object(Action))
#5 /home/webapo7t/public_html/doggy/system/framework.php(168): Router->dispatch(Object(Action), Object(Action))
#6 /home/webapo7t/public_html/doggy/system/startup.php(104): require_once('/home/webapo7t/...')
#7 /home/webapo7t/public_html/doggy/index.php(19): start('catalog')
#8 {main}
  thrown in /home/webapo7t/storage/modification/catalog/controller/account/account.php on line 146
[17-Jul-2018 12:18:46 UTC] PHP Fatal error:  Uncaught Error: Cannot access private property Cart\Customer::$customer_id in /home/webapo7t/storage/modification/catalog/controller/account/account.php:146
Stack trace:
#0 /home/webapo7t/storage/modification/system/engine/action.php(79): ControllerAccountAccount->index()
#1 /home/webapo7t/public_html/doggy/catalog/controller/startup/router.php(25): Action->execute(Object(Registry))
#2 /home/webapo7t/storage/modification/system/engine/action.php(79): ControllerStartupRouter->index()
#3 /home/webapo7t/public_html/doggy/system/engine/router.php(67): Action->execute(Object(Registry))
#4 /home/webapo7t/public_html/doggy/system/engine/router.php(56): Router->execute(Object(Action))
#5 /home/webapo7t/public_html/doggy/system/framework.php(168): Router->dispatch(Object(Action), Object(Action))
#6 /home/webapo7t/public_html/doggy/system/startup.php(104): require_once('/home/webapo7t/...')
#7 /home/webapo7t/public_html/doggy/index.php(19): start('catalog')
#8 {main}
  thrown in /home/webapo7t/storage/modification/catalog/controller/account/account.php on line 146
[17-Jul-2018 12:18:46 UTC] PHP Fatal error:  Uncaught Error: Cannot access private property Cart\Customer::$customer_id in /home/webapo7t/storage/modification/catalog/controller/account/account.php:146
Stack trace:
#0 /home/webapo7t/storage/modification/system/engine/action.php(79): ControllerAccountAccount->index()
#1 /home/webapo7t/public_html/doggy/catalog/controller/startup/router.php(25): Action->execute(Object(Registry))
#2 /home/webapo7t/storage/modification/system/engine/action.php(79): ControllerStartupRouter->index()
#3 /home/webapo7t/public_html/doggy/system/engine/router.php(67): Action->execute(Object(Registry))
#4 /home/webapo7t/public_html/doggy/system/engine/router.php(56): Router->execute(Object(Action))
#5 /home/webapo7t/public_html/doggy/system/framework.php(168): Router->dispatch(Object(Action), Object(Action))
#6 /home/webapo7t/public_html/doggy/system/startup.php(104): require_once('/home/webapo7t/...')
#7 /home/webapo7t/public_html/doggy/index.php(19): start('catalog')
#8 {main}
  thrown in /home/webapo7t/storage/modification/catalog/controller/account/account.php on line 146
[17-Jul-2018 12:20:16 UTC] PHP Fatal error:  Cannot use isset() on the result of an expression (you can use "null !== expression" instead) in /home/webapo7t/storage/modification/catalog/controller/account/account.php on line 146
[17-Jul-2018 12:20:17 UTC] PHP Fatal error:  Cannot use isset() on the result of an expression (you can use "null !== expression" instead) in /home/webapo7t/storage/modification/catalog/controller/account/account.php on line 146
[17-Jul-2018 12:20:18 UTC] PHP Fatal error:  Cannot use isset() on the result of an expression (you can use "null !== expression" instead) in /home/webapo7t/storage/modification/catalog/controller/account/account.php on line 146
[17-Jul-2018 12:21:18 UTC] PHP Fatal error:  Cannot use isset() on the result of an expression (you can use "null !== expression" instead) in /home/webapo7t/storage/modification/catalog/controller/account/account.php on line 146
[17-Jul-2018 13:34:17 UTC] PHP Parse error:  syntax error, unexpected ')' in /home/webapo7t/public_html/doggy/catalog/controller/account/customerpartner/sendquery.php on line 60
[20-Jul-2018 07:50:17 Etc/GMT] PHP Warning:  Unknown: failed to open stream: Permission denied in Unknown on line 0
[20-Jul-2018 07:50:17 Etc/GMT] PHP Fatal error:  Unknown: Failed opening required '/home/webapo7t/public_html/doggy/adminer.php' (include_path='.:/opt/alt/php71/usr/share/pear') in Unknown on line 0
[20-Jul-2018 07:50:22 Etc/GMT] PHP Warning:  Unknown: failed to open stream: Permission denied in Unknown on line 0
[20-Jul-2018 07:50:22 Etc/GMT] PHP Fatal error:  Unknown: Failed opening required '/home/webapo7t/public_html/doggy/adminer.php' (include_path='.:/opt/alt/php71/usr/share/pear') in Unknown on line 0
[20-Jul-2018 07:50:26 Etc/GMT] PHP Warning:  Unknown: failed to open stream: Permission denied in Unknown on line 0
[20-Jul-2018 07:50:26 Etc/GMT] PHP Fatal error:  Unknown: Failed opening required '/home/webapo7t/public_html/doggy/adminer.php' (include_path='.:/opt/alt/php71/usr/share/pear') in Unknown on line 0
[20-Jul-2018 07:50:42 Etc/GMT] PHP Warning:  Unknown: failed to open stream: Permission denied in Unknown on line 0
[20-Jul-2018 07:50:42 Etc/GMT] PHP Fatal error:  Unknown: Failed opening required '/home/webapo7t/public_html/doggy/adminer.php' (include_path='.:/opt/alt/php71/usr/share/pear') in Unknown on line 0
[20-Jul-2018 07:50:50 Etc/GMT] PHP Warning:  Unknown: failed to open stream: Permission denied in Unknown on line 0
[20-Jul-2018 07:50:50 Etc/GMT] PHP Fatal error:  Unknown: Failed opening required '/home/webapo7t/public_html/doggy/adminer.php' (include_path='.:/opt/alt/php71/usr/share/pear') in Unknown on line 0
[20-Jul-2018 14:22:05 UTC] PHP Fatal error:  Uncaught Exception: Error: EHLO not accepted from server! in /home/webapo7t/public_html/doggy/system/library/mail/smtp.php:120
Stack trace:
#0 /home/webapo7t/storage/modification/system/library/mail.php(147): Mail\Smtp->send()
#1 /home/webapo7t/public_html/doggy/catalog/controller/mail/register.php(44): Mail->send()
#2 /home/webapo7t/storage/modification/system/engine/action.php(79): ControllerMailRegister->index('account/custome...', Array, 13)
#3 /home/webapo7t/public_html/doggy/system/engine/event.php(62): Action->execute(Object(Registry), Array)
#4 /home/webapo7t/storage/modification/system/engine/loader.php(255): Event->trigger('model/account/c...', Array)
#5 /home/webapo7t/public_html/doggy/system/engine/proxy.php(47): Loader->{closure}(Array, Array)
#6 /home/webapo7t/storage/modification/catalog/controller/account/register.php(22): Proxy->__call('addCustomer', Array)
#7 /home/webapo7t/storage/modification/system/engine/action.php(79): ControllerAccountRegister->index()
#8 /home/webapo7t/public_html/dog in /home/webapo7t/public_html/doggy/system/library/mail/smtp.php on line 120
[20-Jul-2018 14:22:43 UTC] PHP Fatal error:  Uncaught Exception: Error: EHLO not accepted from server! in /home/webapo7t/public_html/doggy/system/library/mail/smtp.php:120
Stack trace:
#0 /home/webapo7t/storage/modification/system/library/mail.php(147): Mail\Smtp->send()
#1 /home/webapo7t/public_html/doggy/catalog/controller/mail/register.php(44): Mail->send()
#2 /home/webapo7t/storage/modification/system/engine/action.php(79): ControllerMailRegister->index('account/custome...', Array, 14)
#3 /home/webapo7t/public_html/doggy/system/engine/event.php(62): Action->execute(Object(Registry), Array)
#4 /home/webapo7t/storage/modification/system/engine/loader.php(255): Event->trigger('model/account/c...', Array)
#5 /home/webapo7t/public_html/doggy/system/engine/proxy.php(47): Loader->{closure}(Array, Array)
#6 /home/webapo7t/storage/modification/catalog/controller/account/register.php(22): Proxy->__call('addCustomer', Array)
#7 /home/webapo7t/storage/modification/system/engine/action.php(79): ControllerAccountRegister->index()
#8 /home/webapo7t/public_html/dog in /home/webapo7t/public_html/doggy/system/library/mail/smtp.php on line 120
[20-Jul-2018 14:23:23 UTC] PHP Fatal error:  Uncaught Exception: Error: EHLO not accepted from server! in /home/webapo7t/public_html/doggy/system/library/mail/smtp.php:120
Stack trace:
#0 /home/webapo7t/storage/modification/system/library/mail.php(147): Mail\Smtp->send()
#1 /home/webapo7t/public_html/doggy/catalog/controller/mail/register.php(44): Mail->send()
#2 /home/webapo7t/storage/modification/system/engine/action.php(79): ControllerMailRegister->index('account/custome...', Array, 15)
#3 /home/webapo7t/public_html/doggy/system/engine/event.php(62): Action->execute(Object(Registry), Array)
#4 /home/webapo7t/storage/modification/system/engine/loader.php(255): Event->trigger('model/account/c...', Array)
#5 /home/webapo7t/public_html/doggy/system/engine/proxy.php(47): Loader->{closure}(Array, Array)
#6 /home/webapo7t/storage/modification/catalog/controller/account/register.php(22): Proxy->__call('addCustomer', Array)
#7 /home/webapo7t/storage/modification/system/engine/action.php(79): ControllerAccountRegister->index()
#8 /home/webapo7t/public_html/dog in /home/webapo7t/public_html/doggy/system/library/mail/smtp.php on line 120
[20-Jul-2018 14:30:04 UTC] PHP Fatal error:  Uncaught Exception: Error: EHLO not accepted from server! in /home/webapo7t/public_html/doggy/system/library/mail/smtp.php:120
Stack trace:
#0 /home/webapo7t/storage/modification/system/library/mail.php(147): Mail\Smtp->send()
#1 /home/webapo7t/public_html/doggy/catalog/controller/mail/register.php(44): Mail->send()
#2 /home/webapo7t/storage/modification/system/engine/action.php(79): ControllerMailRegister->index('account/custome...', Array, 17)
#3 /home/webapo7t/public_html/doggy/system/engine/event.php(62): Action->execute(Object(Registry), Array)
#4 /home/webapo7t/storage/modification/system/engine/loader.php(255): Event->trigger('model/account/c...', Array)
#5 /home/webapo7t/public_html/doggy/system/engine/proxy.php(47): Loader->{closure}(Array, Array)
#6 /home/webapo7t/storage/modification/catalog/controller/account/register.php(22): Proxy->__call('addCustomer', Array)
#7 /home/webapo7t/storage/modification/system/engine/action.php(79): ControllerAccountRegister->index()
#8 /home/webapo7t/public_html/dog in /home/webapo7t/public_html/doggy/system/library/mail/smtp.php on line 120
[20-Jul-2018 14:32:51 UTC] PHP Fatal error:  Uncaught Exception: Error: EHLO not accepted from server! in /home/webapo7t/public_html/doggy/system/library/mail/smtp.php:120
Stack trace:
#0 /home/webapo7t/storage/modification/system/library/mail.php(147): Mail\Smtp->send()
#1 /home/webapo7t/public_html/doggy/catalog/controller/mail/register.php(44): Mail->send()
#2 /home/webapo7t/storage/modification/system/engine/action.php(79): ControllerMailRegister->index('account/custome...', Array, 18)
#3 /home/webapo7t/public_html/doggy/system/engine/event.php(62): Action->execute(Object(Registry), Array)
#4 /home/webapo7t/storage/modification/system/engine/loader.php(255): Event->trigger('model/account/c...', Array)
#5 /home/webapo7t/public_html/doggy/system/engine/proxy.php(47): Loader->{closure}(Array, Array)
#6 /home/webapo7t/storage/modification/catalog/controller/account/register.php(22): Proxy->__call('addCustomer', Array)
#7 /home/webapo7t/storage/modification/system/engine/action.php(79): ControllerAccountRegister->index()
#8 /home/webapo7t/public_html/dog in /home/webapo7t/public_html/doggy/system/library/mail/smtp.php on line 120
[20-Jul-2018 14:37:15 UTC] PHP Fatal error:  Uncaught Exception: Error: EHLO not accepted from server! in /home/webapo7t/public_html/doggy/system/library/mail/smtp.php:120
Stack trace:
#0 /home/webapo7t/storage/modification/system/library/mail.php(147): Mail\Smtp->send()
#1 /home/webapo7t/public_html/doggy/catalog/controller/mail/register.php(44): Mail->send()
#2 /home/webapo7t/storage/modification/system/engine/action.php(79): ControllerMailRegister->index('account/custome...', Array, 19)
#3 /home/webapo7t/public_html/doggy/system/engine/event.php(62): Action->execute(Object(Registry), Array)
#4 /home/webapo7t/storage/modification/system/engine/loader.php(255): Event->trigger('model/account/c...', Array)
#5 /home/webapo7t/public_html/doggy/system/engine/proxy.php(47): Loader->{closure}(Array, Array)
#6 /home/webapo7t/storage/modification/catalog/controller/account/register.php(26): Proxy->__call('addCustomer', Array)
#7 /home/webapo7t/storage/modification/system/engine/action.php(79): ControllerAccountRegister->index()
#8 /home/webapo7t/public_html/dog in /home/webapo7t/public_html/doggy/system/library/mail/smtp.php on line 120
[20-Jul-2018 14:49:06 UTC] PHP Fatal error:  Uncaught Exception: Error: EHLO not accepted from server! in /home/webapo7t/public_html/doggy/system/library/mail/smtp.php:120
Stack trace:
#0 /home/webapo7t/storage/modification/system/library/mail.php(147): Mail\Smtp->send()
#1 /home/webapo7t/public_html/doggy/catalog/controller/mail/register.php(44): Mail->send()
#2 /home/webapo7t/storage/modification/system/engine/action.php(79): ControllerMailRegister->index('account/custome...', Array, 21)
#3 /home/webapo7t/public_html/doggy/system/engine/event.php(62): Action->execute(Object(Registry), Array)
#4 /home/webapo7t/storage/modification/system/engine/loader.php(255): Event->trigger('model/account/c...', Array)
#5 /home/webapo7t/public_html/doggy/system/engine/proxy.php(47): Loader->{closure}(Array, Array)
#6 /home/webapo7t/storage/modification/catalog/controller/account/register.php(26): Proxy->__call('addCustomer', Array)
#7 /home/webapo7t/storage/modification/system/engine/action.php(79): ControllerAccountRegister->index()
#8 /home/webapo7t/public_html/dog in /home/webapo7t/public_html/doggy/system/library/mail/smtp.php on line 120
[20-Jul-2018 15:18:02 UTC] PHP Fatal error:  Uncaught Exception: Error: EHLO not accepted from server! in /home/webapo7t/public_html/doggy/system/library/mail/smtp.php:120
Stack trace:
#0 /home/webapo7t/storage/modification/system/library/mail.php(147): Mail\Smtp->send()
#1 /home/webapo7t/public_html/doggy/catalog/controller/mail/register.php(44): Mail->send()
#2 /home/webapo7t/storage/modification/system/engine/action.php(79): ControllerMailRegister->index('account/custome...', Array, 23)
#3 /home/webapo7t/public_html/doggy/system/engine/event.php(62): Action->execute(Object(Registry), Array)
#4 /home/webapo7t/storage/modification/system/engine/loader.php(255): Event->trigger('model/account/c...', Array)
#5 /home/webapo7t/public_html/doggy/system/engine/proxy.php(47): Loader->{closure}(Array, Array)
#6 /home/webapo7t/storage/modification/catalog/controller/account/register.php(26): Proxy->__call('addCustomer', Array)
#7 /home/webapo7t/storage/modification/system/engine/action.php(79): ControllerAccountRegister->index()
#8 /home/webapo7t/public_html/dog in /home/webapo7t/public_html/doggy/system/library/mail/smtp.php on line 120
[21-Jul-2018 14:21:49 UTC] PHP Fatal error:  Uncaught Exception: Error: EHLO not accepted from server! in /home/webapo7t/public_html/doggy/system/library/mail/smtp.php:120
Stack trace:
#0 /home/webapo7t/storage/modification/system/library/mail.php(147): Mail\Smtp->send()
#1 /home/webapo7t/public_html/doggy/catalog/controller/information/contact.php(25): Mail->send()
#2 /home/webapo7t/storage/modification/system/engine/action.php(79): ControllerInformationContact->index()
#3 /home/webapo7t/public_html/doggy/catalog/controller/startup/router.php(25): Action->execute(Object(Registry))
#4 /home/webapo7t/storage/modification/system/engine/action.php(79): ControllerStartupRouter->index()
#5 /home/webapo7t/public_html/doggy/system/engine/router.php(67): Action->execute(Object(Registry))
#6 /home/webapo7t/public_html/doggy/system/engine/router.php(56): Router->execute(Object(Action))
#7 /home/webapo7t/public_html/doggy/system/framework.php(168): Router->dispatch(Object(Action), Object(Action))
#8 /home/webapo7t/public_html/doggy/system/startup.php(104): require in /home/webapo7t/public_html/doggy/system/library/mail/smtp.php on line 120
[21-Jul-2018 14:30:32 UTC] PHP Fatal error:  Uncaught Exception: Error:  (0) in /home/webapo7t/public_html/doggy/system/library/mail/smtp.php:90
Stack trace:
#0 /home/webapo7t/storage/modification/system/library/mail.php(147): Mail\Smtp->send()
#1 /home/webapo7t/public_html/doggy/catalog/controller/information/contact.php(25): Mail->send()
#2 /home/webapo7t/storage/modification/system/engine/action.php(79): ControllerInformationContact->index()
#3 /home/webapo7t/public_html/doggy/catalog/controller/startup/router.php(25): Action->execute(Object(Registry))
#4 /home/webapo7t/storage/modification/system/engine/action.php(79): ControllerStartupRouter->index()
#5 /home/webapo7t/public_html/doggy/system/engine/router.php(67): Action->execute(Object(Registry))
#6 /home/webapo7t/public_html/doggy/system/engine/router.php(56): Router->execute(Object(Action))
#7 /home/webapo7t/public_html/doggy/system/framework.php(168): Router->dispatch(Object(Action), Object(Action))
#8 /home/webapo7t/public_html/doggy/system/startup.php(104): require_once('/home/webapo7t/...') in /home/webapo7t/public_html/doggy/system/library/mail/smtp.php on line 90
[21-Jul-2018 14:31:16 UTC] PHP Fatal error:  Uncaught Exception: Error:  (0) in /home/webapo7t/public_html/doggy/system/library/mail/smtp.php:90
Stack trace:
#0 /home/webapo7t/storage/modification/system/library/mail.php(147): Mail\Smtp->send()
#1 /home/webapo7t/public_html/doggy/catalog/controller/information/contact.php(25): Mail->send()
#2 /home/webapo7t/storage/modification/system/engine/action.php(79): ControllerInformationContact->index()
#3 /home/webapo7t/public_html/doggy/catalog/controller/startup/router.php(25): Action->execute(Object(Registry))
#4 /home/webapo7t/storage/modification/system/engine/action.php(79): ControllerStartupRouter->index()
#5 /home/webapo7t/public_html/doggy/system/engine/router.php(67): Action->execute(Object(Registry))
#6 /home/webapo7t/public_html/doggy/system/engine/router.php(56): Router->execute(Object(Action))
#7 /home/webapo7t/public_html/doggy/system/framework.php(168): Router->dispatch(Object(Action), Object(Action))
#8 /home/webapo7t/public_html/doggy/system/startup.php(104): require_once('/home/webapo7t/...') in /home/webapo7t/public_html/doggy/system/library/mail/smtp.php on line 90
[21-Jul-2018 14:33:09 UTC] PHP Fatal error:  Uncaught Exception: Error:  (0) in /home/webapo7t/public_html/doggy/system/library/mail/smtp.php:90
Stack trace:
#0 /home/webapo7t/storage/modification/system/library/mail.php(147): Mail\Smtp->send()
#1 /home/webapo7t/public_html/doggy/catalog/controller/information/contact.php(25): Mail->send()
#2 /home/webapo7t/storage/modification/system/engine/action.php(79): ControllerInformationContact->index()
#3 /home/webapo7t/public_html/doggy/catalog/controller/startup/router.php(25): Action->execute(Object(Registry))
#4 /home/webapo7t/storage/modification/system/engine/action.php(79): ControllerStartupRouter->index()
#5 /home/webapo7t/public_html/doggy/system/engine/router.php(67): Action->execute(Object(Registry))
#6 /home/webapo7t/public_html/doggy/system/engine/router.php(56): Router->execute(Object(Action))
#7 /home/webapo7t/public_html/doggy/system/framework.php(168): Router->dispatch(Object(Action), Object(Action))
#8 /home/webapo7t/public_html/doggy/system/startup.php(104): require_once('/home/webapo7t/...') in /home/webapo7t/public_html/doggy/system/library/mail/smtp.php on line 90
[21-Jul-2018 14:33:54 UTC] PHP Fatal error:  Uncaught Exception: Error:  (0) in /home/webapo7t/public_html/doggy/system/library/mail/smtp.php:90
Stack trace:
#0 /home/webapo7t/storage/modification/system/library/mail.php(147): Mail\Smtp->send()
#1 /home/webapo7t/public_html/doggy/catalog/controller/information/contact.php(25): Mail->send()
#2 /home/webapo7t/storage/modification/system/engine/action.php(79): ControllerInformationContact->index()
#3 /home/webapo7t/public_html/doggy/catalog/controller/startup/router.php(25): Action->execute(Object(Registry))
#4 /home/webapo7t/storage/modification/system/engine/action.php(79): ControllerStartupRouter->index()
#5 /home/webapo7t/public_html/doggy/system/engine/router.php(67): Action->execute(Object(Registry))
#6 /home/webapo7t/public_html/doggy/system/engine/router.php(56): Router->execute(Object(Action))
#7 /home/webapo7t/public_html/doggy/system/framework.php(168): Router->dispatch(Object(Action), Object(Action))
#8 /home/webapo7t/public_html/doggy/system/startup.php(104): require_once('/home/webapo7t/...') in /home/webapo7t/public_html/doggy/system/library/mail/smtp.php on line 90
[21-Jul-2018 14:33:56 UTC] PHP Fatal error:  Uncaught Exception: Error:  (0) in /home/webapo7t/public_html/doggy/system/library/mail/smtp.php:90
Stack trace:
#0 /home/webapo7t/storage/modification/system/library/mail.php(147): Mail\Smtp->send()
#1 /home/webapo7t/public_html/doggy/catalog/controller/information/contact.php(25): Mail->send()
#2 /home/webapo7t/storage/modification/system/engine/action.php(79): ControllerInformationContact->index()
#3 /home/webapo7t/public_html/doggy/catalog/controller/startup/router.php(25): Action->execute(Object(Registry))
#4 /home/webapo7t/storage/modification/system/engine/action.php(79): ControllerStartupRouter->index()
#5 /home/webapo7t/public_html/doggy/system/engine/router.php(67): Action->execute(Object(Registry))
#6 /home/webapo7t/public_html/doggy/system/engine/router.php(56): Router->execute(Object(Action))
#7 /home/webapo7t/public_html/doggy/system/framework.php(168): Router->dispatch(Object(Action), Object(Action))
#8 /home/webapo7t/public_html/doggy/system/startup.php(104): require_once('/home/webapo7t/...') in /home/webapo7t/public_html/doggy/system/library/mail/smtp.php on line 90
[24-Jul-2018 14:33:53 UTC] PHP Fatal error:  Uncaught Exception: Error: EHLO not accepted from server! in /home/webapo7t/public_html/doggy/system/library/mail/smtp.php:120
Stack trace:
#0 /home/webapo7t/storage/modification/system/library/mail.php(147): Mail\Smtp->send()
#1 /home/webapo7t/public_html/doggy/catalog/controller/information/contact.php(25): Mail->send()
#2 /home/webapo7t/storage/modification/system/engine/action.php(79): ControllerInformationContact->index()
#3 /home/webapo7t/public_html/doggy/catalog/controller/startup/router.php(25): Action->execute(Object(Registry))
#4 /home/webapo7t/storage/modification/system/engine/action.php(79): ControllerStartupRouter->index()
#5 /home/webapo7t/public_html/doggy/system/engine/router.php(67): Action->execute(Object(Registry))
#6 /home/webapo7t/public_html/doggy/system/engine/router.php(56): Router->execute(Object(Action))
#7 /home/webapo7t/public_html/doggy/system/framework.php(168): Router->dispatch(Object(Action), Object(Action))
#8 /home/webapo7t/public_html/doggy/system/startup.php(104): require in /home/webapo7t/public_html/doggy/system/library/mail/smtp.php on line 120
